==PROF== Connected to process 42957 (/usr/bin/python3.12)
==PROF== Profiling "_voroni_square_euclidean_kern..." - 0: 0%....50%....100% - 9 passes
==PROF== Disconnected from process 42957
[42957] python3.12@127.0.0.1
  _voroni_square_euclidean_kernel[v35,cw51cXTLSUwv1sDUaKthaKSjYKCpo4BIW7AwQwoOW3BI6ygAjbQFJT1g0KOlAiRhSIJDEkBNRDAJJE_2fZVqvDglrdSgFqvTpQEsgzrtUEAA_3d_3d](Array<float, 2, A, mutable, aligned>, Array<int, 2, A, mutable, aligned>) (128, 128, 1)x(16, 16, 1), Context 1, Stream 7, Device 0, CC 12.0
    Section: GPU Speed Of Light Throughput
    ----------------------- ----------- ------------
    Metric Name             Metric Unit Metric Value
    ----------------------- ----------- ------------
    DRAM Frequency                  Ghz        13,79
    SM Frequency                    Ghz         2,54
    Elapsed Cycles                cycle    9.264.207
    Memory Throughput                 %        60,58
    DRAM Throughput                   %         0,12
    Duration                         ms         3,65
    L1/TEX Cache Throughput           %        60,70
    L2 Cache Throughput               %         1,03
    SM Active Cycles              cycle 9.240.057,88
    Compute (SM) Throughput           %        73,55
    ----------------------- ----------- ------------

    OPT   Compute is more heavily utilized than Memory: Look at the Compute Workload Analysis section to see what the   
          compute pipelines are spending their time doing. Also, consider whether any computation is redundant and      
          could be reduced or moved to look-up tables.                                                                  

    Section: Launch Statistics
    -------------------------------- --------------- ---------------
    Metric Name                          Metric Unit    Metric Value
    -------------------------------- --------------- ---------------
    Block Size                                                   256
    Cluster Scheduling Policy                           PolicySpread
    Cluster Size                                                   0
    Function Cache Configuration                     CachePreferNone
    Grid Size                                                 16.384
    Preferred Cluster Size                                         0
    Registers Per Thread             register/thread              40
    Shared Memory Configuration Size           Kbyte           16,38
    Driver Shared Memory Per Block       Kbyte/block            1,02
    Dynamic Shared Memory Per Block       byte/block               0
    Static Shared Memory Per Block        byte/block               0
    # SMs                                         SM              48
    Stack Size                                                 1.024
    Threads                                   thread       4.194.304
    # TPCs                                                        24
    Enabled TPC IDs                                              all
    Uses Green Context                                             0
    Waves Per SM                                               56,89
    -------------------------------- --------------- ---------------

    Section: Occupancy
    ------------------------------- ----------- ------------
    Metric Name                     Metric Unit Metric Value
    ------------------------------- ----------- ------------
    Max Active Clusters                 cluster            0
    Max Cluster Size                      block            8
    Overall GPU Occupancy                     %            0
    Cluster Occupancy                         %            0
    Block Limit Barriers                  block           24
    Block Limit SM                        block           24
    Block Limit Registers                 block            6
    Block Limit Shared Mem                block           16
    Block Limit Warps                     block            6
    Theoretical Active Warps per SM        warp           48
    Theoretical Occupancy                     %          100
    Achieved Occupancy                        %        98,47
    Achieved Active Warps Per SM           warp        47,26
    ------------------------------- ----------- ------------

    Section: GPU and Memory Workload Distribution
    -------------------------- ----------- -------------
    Metric Name                Metric Unit  Metric Value
    -------------------------- ----------- -------------
    Average DRAM Active Cycles       cycle     59.962,67
    Total DRAM Elapsed Cycles        cycle   301.600.768
    Average L1 Active Cycles         cycle  9.240.057,88
    Total L1 Elapsed Cycles          cycle   444.389.176
    Average L2 Active Cycles         cycle  1.353.608,25
    Total L2 Elapsed Cycles          cycle   195.538.488
    Average SM Active Cycles         cycle  9.240.057,88
    Total SM Elapsed Cycles          cycle   444.389.176
    Average SMSP Active Cycles       cycle  9.239.034,15
    Total SMSP Elapsed Cycles        cycle 1.777.556.704
    -------------------------- ----------- -------------

