==PROF== Connected to process 42370 (/usr/bin/python3.12)
==PROF== Profiling "_voroni_manhattan_kernel[abi:..." - 0: 0%....50%....100% - 9 passes
==PROF== Disconnected from process 42370
[42370] python3.12@127.0.0.1
  _voroni_manhattan_kernel[v18,cw51cXTLSUwv1sDUaKthaKSjYKCpo4BIW7AwQwoOW3BI6ygAjbQFJT1g0KOlAiRhSIJDEkBNRDAJJE_2fZVqvDglrdSgFqvTpQEsgzrtUEAA_3d_3d](Array<float, 2, A, mutable, aligned>, Array<int, 2, A, mutable, aligned>) (128, 128, 1)x(16, 16, 1), Context 1, Stream 7, Device 0, CC 12.0
    Section: GPU Speed Of Light Throughput
    ----------------------- ----------- ------------
    Metric Name             Metric Unit Metric Value
    ----------------------- ----------- ------------
    DRAM Frequency                  Ghz        13,79
    SM Frequency                    Ghz         2,54
    Elapsed Cycles                cycle    8.809.962
    Memory Throughput                 %        63,71
    DRAM Throughput                   %         0,06
    Duration                         ms         3,47
    L1/TEX Cache Throughput           %        63,83
    L2 Cache Throughput               %         1,10
    SM Active Cycles              cycle 8.787.657,25
    Compute (SM) Throughput           %        73,60
    ----------------------- ----------- ------------

    INF   Compute and Memory are well-balanced: To reduce runtime, both computation and memory traffic must be reduced. 
          Check both the Compute Workload Analysis and Memory Workload Analysis sections.                               

    Section: Launch Statistics
    -------------------------------- --------------- ---------------
    Metric Name                          Metric Unit    Metric Value
    -------------------------------- --------------- ---------------
    Block Size                                                   256
    Cluster Scheduling Policy                           PolicySpread
    Cluster Size                                                   0
    Function Cache Configuration                     CachePreferNone
    Grid Size                                                 16.384
    Preferred Cluster Size                                         0
    Registers Per Thread             register/thread              40
    Shared Memory Configuration Size           Kbyte           16,38
    Driver Shared Memory Per Block       Kbyte/block            1,02
    Dynamic Shared Memory Per Block       byte/block               0
    Static Shared Memory Per Block        byte/block               0
    # SMs                                         SM              48
    Stack Size                                                 1.024
    Threads                                   thread       4.194.304
    # TPCs                                                        24
    Enabled TPC IDs                                              all
    Uses Green Context                                             0
    Waves Per SM                                               56,89
    -------------------------------- --------------- ---------------

    Section: Occupancy
    ------------------------------- ----------- ------------
    Metric Name                     Metric Unit Metric Value
    ------------------------------- ----------- ------------
    Max Active Clusters                 cluster            0
    Max Cluster Size                      block            8
    Overall GPU Occupancy                     %            0
    Cluster Occupancy                         %            0
    Block Limit Barriers                  block           24
    Block Limit SM                        block           24
    Block Limit Registers                 block            6
    Block Limit Shared Mem                block           16
    Block Limit Warps                     block            6
    Theoretical Active Warps per SM        warp           48
    Theoretical Occupancy                     %          100
    Achieved Occupancy                        %        98,53
    Achieved Active Warps Per SM           warp        47,30
    ------------------------------- ----------- ------------

    Section: GPU and Memory Workload Distribution
    -------------------------- ----------- -------------
    Metric Name                Metric Unit  Metric Value
    -------------------------- ----------- -------------
    Average DRAM Active Cycles       cycle     27.525,33
    Total DRAM Elapsed Cycles        cycle   286.825.472
    Average L1 Active Cycles         cycle  8.787.657,25
    Total L1 Elapsed Cycles          cycle   422.604.098
    Average L2 Active Cycles         cycle  1.316.434,50
    Total L2 Elapsed Cycles          cycle   185.958.240
    Average SM Active Cycles         cycle  8.787.657,25
    Total SM Elapsed Cycles          cycle   422.604.098
    Average SMSP Active Cycles       cycle  8.786.813,95
    Total SMSP Elapsed Cycles        cycle 1.690.416.392
    -------------------------- ----------- -------------

