==PROF== Connected to process 11763 (/usr/bin/python3.12)
==PROF== Profiling "_jfa_pass_naive_square_euclid..." - 0: 0%....50%....100% - 9 passes
==PROF== Profiling "_jfa_pass_naive_square_euclid..." - 1: 0%....50%....100% - 9 passes
==PROF== Profiling "_jfa_pass_naive_square_euclid..." - 2: 0%....50%....100% - 9 passes
==PROF== Profiling "_jfa_pass_naive_square_euclid..." - 3: 0%....50%....100% - 9 passes
==PROF== Profiling "_jfa_pass_naive_square_euclid..." - 4: 0%....50%....100% - 9 passes
==PROF== Profiling "_jfa_pass_naive_square_euclid..." - 5: 0%....50%....100% - 9 passes
==PROF== Profiling "_jfa_pass_naive_square_euclid..." - 6: 0%....50%....100% - 9 passes
==PROF== Profiling "_jfa_pass_naive_square_euclid..." - 7: 0%....50%....100% - 9 passes
==PROF== Profiling "_jfa_pass_naive_square_euclid..." - 8: 0%....50%....100% - 9 passes
==PROF== Profiling "_jfa_pass_naive_square_euclid..." - 9: 0%....50%....100% - 9 passes
==PROF== Profiling "_jfa_pass_naive_square_euclid..." - 10: 0%....50%....100% - 9 passes
==PROF== Disconnected from process 11763
[11763] python3.12@127.0.0.1
  _jfa_pass_naive_square_euclidean_kernel[v54,cw51cXTLSUwv1sDUaKthaKSjYKCpo4BIW7AwQwoOW3BI6ygAjbQFJT1g0KOlAiRhSIJDEkBNRDAJJE_2fZVqvDglrdSgFqvTpQEsgzrtUEAA_3d_3d](Array<int, 3, A, mutable, aligned>, Array<int, 3, A, mutable, aligned>, int, int) (128, 128, 1)x(16, 16, 1), Context 1, Stream 7, Device 0, CC 12.0
    Section: GPU Speed Of Light Throughput
    ----------------------- ----------- ------------
    Metric Name             Metric Unit Metric Value
    ----------------------- ----------- ------------
    DRAM Frequency                  Ghz        13,79
    SM Frequency                    Ghz         2,54
    Elapsed Cycles                cycle      402.935
    Memory Throughput                 %        87,05
    DRAM Throughput                   %        87,05
    Duration                         us       158,82
    L1/TEX Cache Throughput           %        23,13
    L2 Cache Throughput               %        30,72
    SM Active Cycles              cycle   374.584,50
    Compute (SM) Throughput           %        30,34
    ----------------------- ----------- ------------

    INF   This workload is utilizing greater than 80.0% of the available compute or memory performance of this device.  
          To further improve performance, work will likely need to be shifted from the most utilized to another unit.   
          Start by analyzing DRAM in the Memory Workload Analysis section.                                              

    Section: Launch Statistics
    -------------------------------- --------------- ---------------
    Metric Name                          Metric Unit    Metric Value
    -------------------------------- --------------- ---------------
    Block Size                                                   256
    Cluster Scheduling Policy                           PolicySpread
    Cluster Size                                                   0
    Function Cache Configuration                     CachePreferNone
    Grid Size                                                 16.384
    Preferred Cluster Size                                         0
    Registers Per Thread             register/thread              32
    Shared Memory Configuration Size           Kbyte           16,38
    Driver Shared Memory Per Block       Kbyte/block            1,02
    Dynamic Shared Memory Per Block       byte/block               0
    Static Shared Memory Per Block        byte/block               0
    # SMs                                         SM              48
    Stack Size                                                 1.024
    Threads                                   thread       4.194.304
    # TPCs                                                        24
    Enabled TPC IDs                                              all
    Uses Green Context                                             0
    Waves Per SM                                               56,89
    -------------------------------- --------------- ---------------

    Section: Occupancy
    ------------------------------- ----------- ------------
    Metric Name                     Metric Unit Metric Value
    ------------------------------- ----------- ------------
    Max Active Clusters                 cluster            0
    Max Cluster Size                      block            8
    Overall GPU Occupancy                     %            0
    Cluster Occupancy                         %            0
    Block Limit Barriers                  block           24
    Block Limit SM                        block           24
    Block Limit Registers                 block            8
    Block Limit Shared Mem                block           16
    Block Limit Warps                     block            6
    Theoretical Active Warps per SM        warp           48
    Theoretical Occupancy                     %          100
    Achieved Occupancy                        %        82,15
    Achieved Active Warps Per SM           warp        39,43
    ------------------------------- ----------- ------------

    OPT   Est. Local Speedup: 17.85%                                                                                    
          The difference between calculated theoretical (100.0%) and measured achieved occupancy (82.1%) can be the     
          result of warp scheduling overheads or workload imbalances during the kernel execution. Load imbalances can   
          occur between warps within a block as well as across blocks of the same kernel. See the CUDA Best Practices   
          Guide (https://docs.nvidia.com/cuda/cuda-c-best-practices-guide/index.html#occupancy) for more details on     
          optimizing occupancy.                                                                                         

    Section: GPU and Memory Workload Distribution
    -------------------------- ----------- ------------
    Metric Name                Metric Unit Metric Value
    -------------------------- ----------- ------------
    Average DRAM Active Cycles       cycle    1.906.176
    Total DRAM Elapsed Cycles        cycle   13.137.920
    Average L1 Active Cycles         cycle   374.584,50
    Total L1 Elapsed Cycles          cycle   19.332.202
    Average L2 Active Cycles         cycle   329.142,67
    Total L2 Elapsed Cycles          cycle    8.506.296
    Average SM Active Cycles         cycle   374.584,50
    Total SM Elapsed Cycles          cycle   19.332.202
    Average SMSP Active Cycles       cycle   374.151,19
    Total SMSP Elapsed Cycles        cycle   77.328.808
    -------------------------- ----------- ------------

  _jfa_pass_naive_square_euclidean_kernel[v54,cw51cXTLSUwv1sDUaKthaKSjYKCpo4BIW7AwQwoOW3BI6ygAjbQFJT1g0KOlAiRhSIJDEkBNRDAJJE_2fZVqvDglrdSgFqvTpQEsgzrtUEAA_3d_3d](Array<int, 3, A, mutable, aligned>, Array<int, 3, A, mutable, aligned>, int, int) (128, 128, 1)x(16, 16, 1), Context 1, Stream 7, Device 0, CC 12.0
    Section: GPU Speed Of Light Throughput
    ----------------------- ----------- ------------
    Metric Name             Metric Unit Metric Value
    ----------------------- ----------- ------------
    DRAM Frequency                  Ghz        13,78
    SM Frequency                    Ghz         2,53
    Elapsed Cycles                cycle      335.019
    Memory Throughput                 %        73,10
    DRAM Throughput                   %        73,10
    Duration                         us       132,19
    L1/TEX Cache Throughput           %        39,99
    L2 Cache Throughput               %        53,31
    SM Active Cycles              cycle   336.544,62
    Compute (SM) Throughput           %        47,40
    ----------------------- ----------- ------------

    OPT   Memory is more heavily utilized than Compute: Look at the Memory Workload Analysis section to identify the    
          DRAM bottleneck. Check memory replay (coalescing) metrics to make sure you're efficiently utilizing the       
          bytes transferred. Also consider whether it is possible to do more work per memory access (kernel fusion) or  
          whether there are values you can (re)compute.                                                                 

    Section: Launch Statistics
    -------------------------------- --------------- ---------------
    Metric Name                          Metric Unit    Metric Value
    -------------------------------- --------------- ---------------
    Block Size                                                   256
    Cluster Scheduling Policy                           PolicySpread
    Cluster Size                                                   0
    Function Cache Configuration                     CachePreferNone
    Grid Size                                                 16.384
    Preferred Cluster Size                                         0
    Registers Per Thread             register/thread              32
    Shared Memory Configuration Size           Kbyte           16,38
    Driver Shared Memory Per Block       Kbyte/block            1,02
    Dynamic Shared Memory Per Block       byte/block               0
    Static Shared Memory Per Block        byte/block               0
    # SMs                                         SM              48
    Stack Size                                                 1.024
    Threads                                   thread       4.194.304
    # TPCs                                                        24
    Enabled TPC IDs                                              all
    Uses Green Context                                             0
    Waves Per SM                                               56,89
    -------------------------------- --------------- ---------------

    Section: Occupancy
    ------------------------------- ----------- ------------
    Metric Name                     Metric Unit Metric Value
    ------------------------------- ----------- ------------
    Max Active Clusters                 cluster            0
    Max Cluster Size                      block            8
    Overall GPU Occupancy                     %            0
    Cluster Occupancy                         %            0
    Block Limit Barriers                  block           24
    Block Limit SM                        block           24
    Block Limit Registers                 block            8
    Block Limit Shared Mem                block           16
    Block Limit Warps                     block            6
    Theoretical Active Warps per SM        warp           48
    Theoretical Occupancy                     %          100
    Achieved Occupancy                        %        87,29
    Achieved Active Warps Per SM           warp        41,90
    ------------------------------- ----------- ------------

    OPT   Est. Local Speedup: 12.71%                                                                                    
          The difference between calculated theoretical (100.0%) and measured achieved occupancy (87.3%) can be the     
          result of warp scheduling overheads or workload imbalances during the kernel execution. Load imbalances can   
          occur between warps within a block as well as across blocks of the same kernel. See the CUDA Best Practices   
          Guide (https://docs.nvidia.com/cuda/cuda-c-best-practices-guide/index.html#occupancy) for more details on     
          optimizing occupancy.                                                                                         

    Section: GPU and Memory Workload Distribution
    -------------------------- ----------- ------------
    Metric Name                Metric Unit Metric Value
    -------------------------- ----------- ------------
    Average DRAM Active Cycles       cycle 1.331.701,33
    Total DRAM Elapsed Cycles        cycle   10.930.176
    Average L1 Active Cycles         cycle   336.544,62
    Total L1 Elapsed Cycles          cycle   16.072.196
    Average L2 Active Cycles         cycle   252.318,25
    Total L2 Elapsed Cycles          cycle    7.075.872
    Average SM Active Cycles         cycle   336.544,62
    Total SM Elapsed Cycles          cycle   16.072.196
    Average SMSP Active Cycles       cycle   336.427,31
    Total SMSP Elapsed Cycles        cycle   64.288.784
    -------------------------- ----------- ------------

  _jfa_pass_naive_square_euclidean_kernel[v54,cw51cXTLSUwv1sDUaKthaKSjYKCpo4BIW7AwQwoOW3BI6ygAjbQFJT1g0KOlAiRhSIJDEkBNRDAJJE_2fZVqvDglrdSgFqvTpQEsgzrtUEAA_3d_3d](Array<int, 3, A, mutable, aligned>, Array<int, 3, A, mutable, aligned>, int, int) (128, 128, 1)x(16, 16, 1), Context 1, Stream 7, Device 0, CC 12.0
    Section: GPU Speed Of Light Throughput
    ----------------------- ----------- ------------
    Metric Name             Metric Unit Metric Value
    ----------------------- ----------- ------------
    DRAM Frequency                  Ghz        13,78
    SM Frequency                    Ghz         2,52
    Elapsed Cycles                cycle      337.720
    Memory Throughput                 %        68,77
    DRAM Throughput                   %        68,77
    Duration                         us       134,18
    L1/TEX Cache Throughput           %        47,45
    L2 Cache Throughput               %        61,97
    SM Active Cycles              cycle   343.855,25
    Compute (SM) Throughput           %        53,18
    ----------------------- ----------- ------------

    OPT   Memory is more heavily utilized than Compute: Look at the Memory Workload Analysis section to identify the    
          DRAM bottleneck. Check memory replay (coalescing) metrics to make sure you're efficiently utilizing the       
          bytes transferred. Also consider whether it is possible to do more work per memory access (kernel fusion) or  
          whether there are values you can (re)compute.                                                                 

    Section: Launch Statistics
    -------------------------------- --------------- ---------------
    Metric Name                          Metric Unit    Metric Value
    -------------------------------- --------------- ---------------
    Block Size                                                   256
    Cluster Scheduling Policy                           PolicySpread
    Cluster Size                                                   0
    Function Cache Configuration                     CachePreferNone
    Grid Size                                                 16.384
    Preferred Cluster Size                                         0
    Registers Per Thread             register/thread              32
    Shared Memory Configuration Size           Kbyte           16,38
    Driver Shared Memory Per Block       Kbyte/block            1,02
    Dynamic Shared Memory Per Block       byte/block               0
    Static Shared Memory Per Block        byte/block               0
    # SMs                                         SM              48
    Stack Size                                                 1.024
    Threads                                   thread       4.194.304
    # TPCs                                                        24
    Enabled TPC IDs                                              all
    Uses Green Context                                             0
    Waves Per SM                                               56,89
    -------------------------------- --------------- ---------------

    Section: Occupancy
    ------------------------------- ----------- ------------
    Metric Name                     Metric Unit Metric Value
    ------------------------------- ----------- ------------
    Max Active Clusters                 cluster            0
    Max Cluster Size                      block            8
    Overall GPU Occupancy                     %            0
    Cluster Occupancy                         %            0
    Block Limit Barriers                  block           24
    Block Limit SM                        block           24
    Block Limit Registers                 block            8
    Block Limit Shared Mem                block           16
    Block Limit Warps                     block            6
    Theoretical Active Warps per SM        warp           48
    Theoretical Occupancy                     %          100
    Achieved Occupancy                        %        88,31
    Achieved Active Warps Per SM           warp        42,39
    ------------------------------- ----------- ------------

    OPT   Est. Local Speedup: 11.69%                                                                                    
          The difference between calculated theoretical (100.0%) and measured achieved occupancy (88.3%) can be the     
          result of warp scheduling overheads or workload imbalances during the kernel execution. Load imbalances can   
          occur between warps within a block as well as across blocks of the same kernel. See the CUDA Best Practices   
          Guide (https://docs.nvidia.com/cuda/cuda-c-best-practices-guide/index.html#occupancy) for more details on     
          optimizing occupancy.                                                                                         

    Section: GPU and Memory Workload Distribution
    -------------------------- ----------- ------------
    Metric Name                Metric Unit Metric Value
    -------------------------- ----------- ------------
    Average DRAM Active Cycles       cycle 1.271.642,67
    Total DRAM Elapsed Cycles        cycle   11.095.040
    Average L1 Active Cycles         cycle   343.855,25
    Total L1 Elapsed Cycles          cycle   16.203.956
    Average L2 Active Cycles         cycle   305.327,25
    Total L2 Elapsed Cycles          cycle    7.180.176
    Average SM Active Cycles         cycle   343.855,25
    Total SM Elapsed Cycles          cycle   16.203.956
    Average SMSP Active Cycles       cycle   343.712,74
    Total SMSP Elapsed Cycles        cycle   64.815.824
    -------------------------- ----------- ------------

  _jfa_pass_naive_square_euclidean_kernel[v54,cw51cXTLSUwv1sDUaKthaKSjYKCpo4BIW7AwQwoOW3BI6ygAjbQFJT1g0KOlAiRhSIJDEkBNRDAJJE_2fZVqvDglrdSgFqvTpQEsgzrtUEAA_3d_3d](Array<int, 3, A, mutable, aligned>, Array<int, 3, A, mutable, aligned>, int, int) (128, 128, 1)x(16, 16, 1), Context 1, Stream 7, Device 0, CC 12.0
    Section: GPU Speed Of Light Throughput
    ----------------------- ----------- ------------
    Metric Name             Metric Unit Metric Value
    ----------------------- ----------- ------------
    DRAM Frequency                  Ghz        13,78
    SM Frequency                    Ghz         2,51
    Elapsed Cycles                cycle      343.041
    Memory Throughput                 %        68,13
    DRAM Throughput                   %        68,13
    Duration                         us       136,80
    L1/TEX Cache Throughput           %        54,23
    L2 Cache Throughput               %        66,03
    SM Active Cycles              cycle   329.689,58
    Compute (SM) Throughput           %        55,69
    ----------------------- ----------- ------------

    OPT   Memory is more heavily utilized than Compute: Look at the Memory Workload Analysis section to identify the    
          DRAM bottleneck. Check memory replay (coalescing) metrics to make sure you're efficiently utilizing the       
          bytes transferred. Also consider whether it is possible to do more work per memory access (kernel fusion) or  
          whether there are values you can (re)compute.                                                                 

    Section: Launch Statistics
    -------------------------------- --------------- ---------------
    Metric Name                          Metric Unit    Metric Value
    -------------------------------- --------------- ---------------
    Block Size                                                   256
    Cluster Scheduling Policy                           PolicySpread
    Cluster Size                                                   0
    Function Cache Configuration                     CachePreferNone
    Grid Size                                                 16.384
    Preferred Cluster Size                                         0
    Registers Per Thread             register/thread              32
    Shared Memory Configuration Size           Kbyte           16,38
    Driver Shared Memory Per Block       Kbyte/block            1,02
    Dynamic Shared Memory Per Block       byte/block               0
    Static Shared Memory Per Block        byte/block               0
    # SMs                                         SM              48
    Stack Size                                                 1.024
    Threads                                   thread       4.194.304
    # TPCs                                                        24
    Enabled TPC IDs                                              all
    Uses Green Context                                             0
    Waves Per SM                                               56,89
    -------------------------------- --------------- ---------------

    Section: Occupancy
    ------------------------------- ----------- ------------
    Metric Name                     Metric Unit Metric Value
    ------------------------------- ----------- ------------
    Max Active Clusters                 cluster            0
    Max Cluster Size                      block            8
    Overall GPU Occupancy                     %            0
    Cluster Occupancy                         %            0
    Block Limit Barriers                  block           24
    Block Limit SM                        block           24
    Block Limit Registers                 block            8
    Block Limit Shared Mem                block           16
    Block Limit Warps                     block            6
    Theoretical Active Warps per SM        warp           48
    Theoretical Occupancy                     %          100
    Achieved Occupancy                        %        89,44
    Achieved Active Warps Per SM           warp        42,93
    ------------------------------- ----------- ------------

    OPT   Est. Local Speedup: 10.56%                                                                                    
          The difference between calculated theoretical (100.0%) and measured achieved occupancy (89.4%) can be the     
          result of warp scheduling overheads or workload imbalances during the kernel execution. Load imbalances can   
          occur between warps within a block as well as across blocks of the same kernel. See the CUDA Best Practices   
          Guide (https://docs.nvidia.com/cuda/cuda-c-best-practices-guide/index.html#occupancy) for more details on     
          optimizing occupancy.                                                                                         

    Section: GPU and Memory Workload Distribution
    -------------------------- ----------- ------------
    Metric Name                Metric Unit Metric Value
    -------------------------- ----------- ------------
    Average DRAM Active Cycles       cycle    1.284.640
    Total DRAM Elapsed Cycles        cycle   11.313.152
    Average L1 Active Cycles         cycle   329.689,58
    Total L1 Elapsed Cycles          cycle   16.460.552
    Average L2 Active Cycles         cycle   303.911,67
    Total L2 Elapsed Cycles          cycle    7.309.152
    Average SM Active Cycles         cycle   329.689,58
    Total SM Elapsed Cycles          cycle   16.460.552
    Average SMSP Active Cycles       cycle   329.535,15
    Total SMSP Elapsed Cycles        cycle   65.842.208
    -------------------------- ----------- ------------

  _jfa_pass_naive_square_euclidean_kernel[v54,cw51cXTLSUwv1sDUaKthaKSjYKCpo4BIW7AwQwoOW3BI6ygAjbQFJT1g0KOlAiRhSIJDEkBNRDAJJE_2fZVqvDglrdSgFqvTpQEsgzrtUEAA_3d_3d](Array<int, 3, A, mutable, aligned>, Array<int, 3, A, mutable, aligned>, int, int) (128, 128, 1)x(16, 16, 1), Context 1, Stream 7, Device 0, CC 12.0
    Section: GPU Speed Of Light Throughput
    ----------------------- ----------- ------------
    Metric Name             Metric Unit Metric Value
    ----------------------- ----------- ------------
    DRAM Frequency                  Ghz        13,78
    SM Frequency                    Ghz         2,50
    Elapsed Cycles                cycle      345.501
    Memory Throughput                 %        67,87
    DRAM Throughput                   %        64,58
    Duration                         us       138,27
    L1/TEX Cache Throughput           %        55,42
    L2 Cache Throughput               %        67,87
    SM Active Cycles              cycle   336.726,71
    Compute (SM) Throughput           %        57,07
    ----------------------- ----------- ------------

    OPT   Memory is more heavily utilized than Compute: Look at the Memory Workload Analysis section to identify the L2 
          bottleneck. Check memory replay (coalescing) metrics to make sure you're efficiently utilizing the bytes      
          transferred. Also consider whether it is possible to do more work per memory access (kernel fusion) or        
          whether there are values you can (re)compute.                                                                 

    Section: Launch Statistics
    -------------------------------- --------------- ---------------
    Metric Name                          Metric Unit    Metric Value
    -------------------------------- --------------- ---------------
    Block Size                                                   256
    Cluster Scheduling Policy                           PolicySpread
    Cluster Size                                                   0
    Function Cache Configuration                     CachePreferNone
    Grid Size                                                 16.384
    Preferred Cluster Size                                         0
    Registers Per Thread             register/thread              32
    Shared Memory Configuration Size           Kbyte           16,38
    Driver Shared Memory Per Block       Kbyte/block            1,02
    Dynamic Shared Memory Per Block       byte/block               0
    Static Shared Memory Per Block        byte/block               0
    # SMs                                         SM              48
    Stack Size                                                 1.024
    Threads                                   thread       4.194.304
    # TPCs                                                        24
    Enabled TPC IDs                                              all
    Uses Green Context                                             0
    Waves Per SM                                               56,89
    -------------------------------- --------------- ---------------

    Section: Occupancy
    ------------------------------- ----------- ------------
    Metric Name                     Metric Unit Metric Value
    ------------------------------- ----------- ------------
    Max Active Clusters                 cluster            0
    Max Cluster Size                      block            8
    Overall GPU Occupancy                     %            0
    Cluster Occupancy                         %            0
    Block Limit Barriers                  block           24
    Block Limit SM                        block           24
    Block Limit Registers                 block            8
    Block Limit Shared Mem                block           16
    Block Limit Warps                     block            6
    Theoretical Active Warps per SM        warp           48
    Theoretical Occupancy                     %          100
    Achieved Occupancy                        %        89,61
    Achieved Active Warps Per SM           warp        43,01
    ------------------------------- ----------- ------------

    OPT   Est. Local Speedup: 10.39%                                                                                    
          The difference between calculated theoretical (100.0%) and measured achieved occupancy (89.6%) can be the     
          result of warp scheduling overheads or workload imbalances during the kernel execution. Load imbalances can   
          occur between warps within a block as well as across blocks of the same kernel. See the CUDA Best Practices   
          Guide (https://docs.nvidia.com/cuda/cuda-c-best-practices-guide/index.html#occupancy) for more details on     
          optimizing occupancy.                                                                                         

    Section: GPU and Memory Workload Distribution
    -------------------------- ----------- ------------
    Metric Name                Metric Unit Metric Value
    -------------------------- ----------- ------------
    Average DRAM Active Cycles       cycle    1.230.752
    Total DRAM Elapsed Cycles        cycle   11.433.984
    Average L1 Active Cycles         cycle   336.726,71
    Total L1 Elapsed Cycles          cycle   16.580.762
    Average L2 Active Cycles         cycle   293.982,58
    Total L2 Elapsed Cycles          cycle    7.389.792
    Average SM Active Cycles         cycle   336.726,71
    Total SM Elapsed Cycles          cycle   16.580.762
    Average SMSP Active Cycles       cycle   336.589,42
    Total SMSP Elapsed Cycles        cycle   66.323.048
    -------------------------- ----------- ------------

  _jfa_pass_naive_square_euclidean_kernel[v54,cw51cXTLSUwv1sDUaKthaKSjYKCpo4BIW7AwQwoOW3BI6ygAjbQFJT1g0KOlAiRhSIJDEkBNRDAJJE_2fZVqvDglrdSgFqvTpQEsgzrtUEAA_3d_3d](Array<int, 3, A, mutable, aligned>, Array<int, 3, A, mutable, aligned>, int, int) (128, 128, 1)x(16, 16, 1), Context 1, Stream 7, Device 0, CC 12.0
    Section: GPU Speed Of Light Throughput
    ----------------------- ----------- ------------
    Metric Name             Metric Unit Metric Value
    ----------------------- ----------- ------------
    DRAM Frequency                  Ghz        13,78
    SM Frequency                    Ghz         2,48
    Elapsed Cycles                cycle      346.528
    Memory Throughput                 %        67,19
    DRAM Throughput                   %        64,86
    Duration                         us       139,55
    L1/TEX Cache Throughput           %        53,27
    L2 Cache Throughput               %        67,19
    SM Active Cycles              cycle   349.020,04
    Compute (SM) Throughput           %        58,12
    ----------------------- ----------- ------------

    INF   Compute and Memory are well-balanced: To reduce runtime, both computation and memory traffic must be reduced. 
          Check both the Compute Workload Analysis and Memory Workload Analysis sections.                               

    Section: Launch Statistics
    -------------------------------- --------------- ---------------
    Metric Name                          Metric Unit    Metric Value
    -------------------------------- --------------- ---------------
    Block Size                                                   256
    Cluster Scheduling Policy                           PolicySpread
    Cluster Size                                                   0
    Function Cache Configuration                     CachePreferNone
    Grid Size                                                 16.384
    Preferred Cluster Size                                         0
    Registers Per Thread             register/thread              32
    Shared Memory Configuration Size           Kbyte           16,38
    Driver Shared Memory Per Block       Kbyte/block            1,02
    Dynamic Shared Memory Per Block       byte/block               0
    Static Shared Memory Per Block        byte/block               0
    # SMs                                         SM              48
    Stack Size                                                 1.024
    Threads                                   thread       4.194.304
    # TPCs                                                        24
    Enabled TPC IDs                                              all
    Uses Green Context                                             0
    Waves Per SM                                               56,89
    -------------------------------- --------------- ---------------

    Section: Occupancy
    ------------------------------- ----------- ------------
    Metric Name                     Metric Unit Metric Value
    ------------------------------- ----------- ------------
    Max Active Clusters                 cluster            0
    Max Cluster Size                      block            8
    Overall GPU Occupancy                     %            0
    Cluster Occupancy                         %            0
    Block Limit Barriers                  block           24
    Block Limit SM                        block           24
    Block Limit Registers                 block            8
    Block Limit Shared Mem                block           16
    Block Limit Warps                     block            6
    Theoretical Active Warps per SM        warp           48
    Theoretical Occupancy                     %          100
    Achieved Occupancy                        %        89,04
    Achieved Active Warps Per SM           warp        42,74
    ------------------------------- ----------- ------------

    OPT   Est. Local Speedup: 10.96%                                                                                    
          The difference between calculated theoretical (100.0%) and measured achieved occupancy (89.0%) can be the     
          result of warp scheduling overheads or workload imbalances during the kernel execution. Load imbalances can   
          occur between warps within a block as well as across blocks of the same kernel. See the CUDA Best Practices   
          Guide (https://docs.nvidia.com/cuda/cuda-c-best-practices-guide/index.html#occupancy) for more details on     
          optimizing occupancy.                                                                                         

    Section: GPU and Memory Workload Distribution
    -------------------------- ----------- ------------
    Metric Name                Metric Unit Metric Value
    -------------------------- ----------- ------------
    Average DRAM Active Cycles       cycle    1.247.680
    Total DRAM Elapsed Cycles        cycle   11.541.504
    Average L1 Active Cycles         cycle   349.020,04
    Total L1 Elapsed Cycles          cycle   16.631.060
    Average L2 Active Cycles         cycle   297.707,25
    Total L2 Elapsed Cycles          cycle    7.444.848
    Average SM Active Cycles         cycle   349.020,04
    Total SM Elapsed Cycles          cycle   16.631.060
    Average SMSP Active Cycles       cycle   348.891,49
    Total SMSP Elapsed Cycles        cycle   66.524.240
    -------------------------- ----------- ------------

  _jfa_pass_naive_square_euclidean_kernel[v54,cw51cXTLSUwv1sDUaKthaKSjYKCpo4BIW7AwQwoOW3BI6ygAjbQFJT1g0KOlAiRhSIJDEkBNRDAJJE_2fZVqvDglrdSgFqvTpQEsgzrtUEAA_3d_3d](Array<int, 3, A, mutable, aligned>, Array<int, 3, A, mutable, aligned>, int, int) (128, 128, 1)x(16, 16, 1), Context 1, Stream 7, Device 0, CC 12.0
    Section: GPU Speed Of Light Throughput
    ----------------------- ----------- ------------
    Metric Name             Metric Unit Metric Value
    ----------------------- ----------- ------------
    DRAM Frequency                  Ghz        13,78
    SM Frequency                    Ghz         2,47
    Elapsed Cycles                cycle      349.611
    Memory Throughput                 %        65,80
    DRAM Throughput                   %        60,91
    Duration                         us       141,41
    L1/TEX Cache Throughput           %        53,95
    L2 Cache Throughput               %        65,80
    SM Active Cycles              cycle   340.800,56
    Compute (SM) Throughput           %        58,14
    ----------------------- ----------- ------------

    INF   Compute and Memory are well-balanced: To reduce runtime, both computation and memory traffic must be reduced. 
          Check both the Compute Workload Analysis and Memory Workload Analysis sections.                               

    Section: Launch Statistics
    -------------------------------- --------------- ---------------
    Metric Name                          Metric Unit    Metric Value
    -------------------------------- --------------- ---------------
    Block Size                                                   256
    Cluster Scheduling Policy                           PolicySpread
    Cluster Size                                                   0
    Function Cache Configuration                     CachePreferNone
    Grid Size                                                 16.384
    Preferred Cluster Size                                         0
    Registers Per Thread             register/thread              32
    Shared Memory Configuration Size           Kbyte           16,38
    Driver Shared Memory Per Block       Kbyte/block            1,02
    Dynamic Shared Memory Per Block       byte/block               0
    Static Shared Memory Per Block        byte/block               0
    # SMs                                         SM              48
    Stack Size                                                 1.024
    Threads                                   thread       4.194.304
    # TPCs                                                        24
    Enabled TPC IDs                                              all
    Uses Green Context                                             0
    Waves Per SM                                               56,89
    -------------------------------- --------------- ---------------

    Section: Occupancy
    ------------------------------- ----------- ------------
    Metric Name                     Metric Unit Metric Value
    ------------------------------- ----------- ------------
    Max Active Clusters                 cluster            0
    Max Cluster Size                      block            8
    Overall GPU Occupancy                     %            0
    Cluster Occupancy                         %            0
    Block Limit Barriers                  block           24
    Block Limit SM                        block           24
    Block Limit Registers                 block            8
    Block Limit Shared Mem                block           16
    Block Limit Warps                     block            6
    Theoretical Active Warps per SM        warp           48
    Theoretical Occupancy                     %          100
    Achieved Occupancy                        %        90,12
    Achieved Active Warps Per SM           warp        43,26
    ------------------------------- ----------- ------------

    Section: GPU and Memory Workload Distribution
    -------------------------- ----------- ------------
    Metric Name                Metric Unit Metric Value
    -------------------------- ----------- ------------
    Average DRAM Active Cycles       cycle    1.187.104
    Total DRAM Elapsed Cycles        cycle   11.694.080
    Average L1 Active Cycles         cycle   340.800,56
    Total L1 Elapsed Cycles          cycle   16.777.968
    Average L2 Active Cycles         cycle   318.553,92
    Total L2 Elapsed Cycles          cycle    7.539.528
    Average SM Active Cycles         cycle   340.800,56
    Total SM Elapsed Cycles          cycle   16.777.968
    Average SMSP Active Cycles       cycle   340.670,86
    Total SMSP Elapsed Cycles        cycle   67.111.872
    -------------------------- ----------- ------------

  _jfa_pass_naive_square_euclidean_kernel[v54,cw51cXTLSUwv1sDUaKthaKSjYKCpo4BIW7AwQwoOW3BI6ygAjbQFJT1g0KOlAiRhSIJDEkBNRDAJJE_2fZVqvDglrdSgFqvTpQEsgzrtUEAA_3d_3d](Array<int, 3, A, mutable, aligned>, Array<int, 3, A, mutable, aligned>, int, int) (128, 128, 1)x(16, 16, 1), Context 1, Stream 7, Device 0, CC 12.0
    Section: GPU Speed Of Light Throughput
    ----------------------- ----------- ------------
    Metric Name             Metric Unit Metric Value
    ----------------------- ----------- ------------
    DRAM Frequency                  Ghz        13,78
    SM Frequency                    Ghz         2,48
    Elapsed Cycles                cycle      325.627
    Memory Throughput                 %        65,37
    DRAM Throughput                   %        65,37
    Duration                         us       131,33
    L1/TEX Cache Throughput           %        50,79
    L2 Cache Throughput               %        38,57
    SM Active Cycles              cycle   309.467,44
    Compute (SM) Throughput           %        62,48
    ----------------------- ----------- ------------

    INF   Compute and Memory are well-balanced: To reduce runtime, both computation and memory traffic must be reduced. 
          Check both the Compute Workload Analysis and Memory Workload Analysis sections.                               

    Section: Launch Statistics
    -------------------------------- --------------- ---------------
    Metric Name                          Metric Unit    Metric Value
    -------------------------------- --------------- ---------------
    Block Size                                                   256
    Cluster Scheduling Policy                           PolicySpread
    Cluster Size                                                   0
    Function Cache Configuration                     CachePreferNone
    Grid Size                                                 16.384
    Preferred Cluster Size                                         0
    Registers Per Thread             register/thread              32
    Shared Memory Configuration Size           Kbyte           16,38
    Driver Shared Memory Per Block       Kbyte/block            1,02
    Dynamic Shared Memory Per Block       byte/block               0
    Static Shared Memory Per Block        byte/block               0
    # SMs                                         SM              48
    Stack Size                                                 1.024
    Threads                                   thread       4.194.304
    # TPCs                                                        24
    Enabled TPC IDs                                              all
    Uses Green Context                                             0
    Waves Per SM                                               56,89
    -------------------------------- --------------- ---------------

    Section: Occupancy
    ------------------------------- ----------- ------------
    Metric Name                     Metric Unit Metric Value
    ------------------------------- ----------- ------------
    Max Active Clusters                 cluster            0
    Max Cluster Size                      block            8
    Overall GPU Occupancy                     %            0
    Cluster Occupancy                         %            0
    Block Limit Barriers                  block           24
    Block Limit SM                        block           24
    Block Limit Registers                 block            8
    Block Limit Shared Mem                block           16
    Block Limit Warps                     block            6
    Theoretical Active Warps per SM        warp           48
    Theoretical Occupancy                     %          100
    Achieved Occupancy                        %        82,28
    Achieved Active Warps Per SM           warp        39,49
    ------------------------------- ----------- ------------

    OPT   Est. Local Speedup: 17.72%                                                                                    
          The difference between calculated theoretical (100.0%) and measured achieved occupancy (82.3%) can be the     
          result of warp scheduling overheads or workload imbalances during the kernel execution. Load imbalances can   
          occur between warps within a block as well as across blocks of the same kernel. See the CUDA Best Practices   
          Guide (https://docs.nvidia.com/cuda/cuda-c-best-practices-guide/index.html#occupancy) for more details on     
          optimizing occupancy.                                                                                         

    Section: GPU and Memory Workload Distribution
    -------------------------- ----------- ------------
    Metric Name                Metric Unit Metric Value
    -------------------------- ----------- ------------
    Average DRAM Active Cycles       cycle 1.183.141,33
    Total DRAM Elapsed Cycles        cycle   10.859.520
    Average L1 Active Cycles         cycle   309.467,44
    Total L1 Elapsed Cycles          cycle   15.625.916
    Average L2 Active Cycles         cycle   277.566,75
    Total L2 Elapsed Cycles          cycle    7.006.704
    Average SM Active Cycles         cycle   309.467,44
    Total SM Elapsed Cycles          cycle   15.625.916
    Average SMSP Active Cycles       cycle   309.250,67
    Total SMSP Elapsed Cycles        cycle   62.503.664
    -------------------------- ----------- ------------

  _jfa_pass_naive_square_euclidean_kernel[v54,cw51cXTLSUwv1sDUaKthaKSjYKCpo4BIW7AwQwoOW3BI6ygAjbQFJT1g0KOlAiRhSIJDEkBNRDAJJE_2fZVqvDglrdSgFqvTpQEsgzrtUEAA_3d_3d](Array<int, 3, A, mutable, aligned>, Array<int, 3, A, mutable, aligned>, int, int) (128, 128, 1)x(16, 16, 1), Context 1, Stream 7, Device 0, CC 12.0
    Section: GPU Speed Of Light Throughput
    ----------------------- ----------- ------------
    Metric Name             Metric Unit Metric Value
    ----------------------- ----------- ------------
    DRAM Frequency                  Ghz        13,78
    SM Frequency                    Ghz         2,49
    Elapsed Cycles                cycle      328.342
    Memory Throughput                 %        75,17
    DRAM Throughput                   %        75,17
    Duration                         us       131,68
    L1/TEX Cache Throughput           %        49,14
    L2 Cache Throughput               %        32,45
    SM Active Cycles              cycle   308.289,50
    Compute (SM) Throughput           %        61,86
    ----------------------- ----------- ------------

    OPT   Memory is more heavily utilized than Compute: Look at the Memory Workload Analysis section to identify the    
          DRAM bottleneck. Check memory replay (coalescing) metrics to make sure you're efficiently utilizing the       
          bytes transferred. Also consider whether it is possible to do more work per memory access (kernel fusion) or  
          whether there are values you can (re)compute.                                                                 

    Section: Launch Statistics
    -------------------------------- --------------- ---------------
    Metric Name                          Metric Unit    Metric Value
    -------------------------------- --------------- ---------------
    Block Size                                                   256
    Cluster Scheduling Policy                           PolicySpread
    Cluster Size                                                   0
    Function Cache Configuration                     CachePreferNone
    Grid Size                                                 16.384
    Preferred Cluster Size                                         0
    Registers Per Thread             register/thread              32
    Shared Memory Configuration Size           Kbyte           16,38
    Driver Shared Memory Per Block       Kbyte/block            1,02
    Dynamic Shared Memory Per Block       byte/block               0
    Static Shared Memory Per Block        byte/block               0
    # SMs                                         SM              48
    Stack Size                                                 1.024
    Threads                                   thread       4.194.304
    # TPCs                                                        24
    Enabled TPC IDs                                              all
    Uses Green Context                                             0
    Waves Per SM                                               56,89
    -------------------------------- --------------- ---------------

    Section: Occupancy
    ------------------------------- ----------- ------------
    Metric Name                     Metric Unit Metric Value
    ------------------------------- ----------- ------------
    Max Active Clusters                 cluster            0
    Max Cluster Size                      block            8
    Overall GPU Occupancy                     %            0
    Cluster Occupancy                         %            0
    Block Limit Barriers                  block           24
    Block Limit SM                        block           24
    Block Limit Registers                 block            8
    Block Limit Shared Mem                block           16
    Block Limit Warps                     block            6
    Theoretical Active Warps per SM        warp           48
    Theoretical Occupancy                     %          100
    Achieved Occupancy                        %        77,52
    Achieved Active Warps Per SM           warp        37,21
    ------------------------------- ----------- ------------

    OPT   Est. Local Speedup: 22.48%                                                                                    
          The difference between calculated theoretical (100.0%) and measured achieved occupancy (77.5%) can be the     
          result of warp scheduling overheads or workload imbalances during the kernel execution. Load imbalances can   
          occur between warps within a block as well as across blocks of the same kernel. See the CUDA Best Practices   
          Guide (https://docs.nvidia.com/cuda/cuda-c-best-practices-guide/index.html#occupancy) for more details on     
          optimizing occupancy.                                                                                         

    Section: GPU and Memory Workload Distribution
    -------------------------- ----------- ------------
    Metric Name                Metric Unit Metric Value
    -------------------------- ----------- ------------
    Average DRAM Active Cycles       cycle 1.364.346,67
    Total DRAM Elapsed Cycles        cycle   10.890.240
    Average L1 Active Cycles         cycle   308.289,50
    Total L1 Elapsed Cycles          cycle   15.755.810
    Average L2 Active Cycles         cycle   273.329,62
    Total L2 Elapsed Cycles          cycle    7.027.344
    Average SM Active Cycles         cycle   308.289,50
    Total SM Elapsed Cycles          cycle   15.755.810
    Average SMSP Active Cycles       cycle   308.104,09
    Total SMSP Elapsed Cycles        cycle   63.023.240
    -------------------------- ----------- ------------

  _jfa_pass_naive_square_euclidean_kernel[v54,cw51cXTLSUwv1sDUaKthaKSjYKCpo4BIW7AwQwoOW3BI6ygAjbQFJT1g0KOlAiRhSIJDEkBNRDAJJE_2fZVqvDglrdSgFqvTpQEsgzrtUEAA_3d_3d](Array<int, 3, A, mutable, aligned>, Array<int, 3, A, mutable, aligned>, int, int) (128, 128, 1)x(16, 16, 1), Context 1, Stream 7, Device 0, CC 12.0
    Section: GPU Speed Of Light Throughput
    ----------------------- ----------- ------------
    Metric Name             Metric Unit Metric Value
    ----------------------- ----------- ------------
    DRAM Frequency                  Ghz        13,78
    SM Frequency                    Ghz         2,49
    Elapsed Cycles                cycle      306.290
    Memory Throughput                 %        72,76
    DRAM Throughput                   %        72,76
    Duration                         us       123,17
    L1/TEX Cache Throughput           %        49,82
    L2 Cache Throughput               %        30,64
    SM Active Cycles              cycle   298.060,69
    Compute (SM) Throughput           %        66,09
    ----------------------- ----------- ------------

    INF   Compute and Memory are well-balanced: To reduce runtime, both computation and memory traffic must be reduced. 
          Check both the Compute Workload Analysis and Memory Workload Analysis sections.                               

    Section: Launch Statistics
    -------------------------------- --------------- ---------------
    Metric Name                          Metric Unit    Metric Value
    -------------------------------- --------------- ---------------
    Block Size                                                   256
    Cluster Scheduling Policy                           PolicySpread
    Cluster Size                                                   0
    Function Cache Configuration                     CachePreferNone
    Grid Size                                                 16.384
    Preferred Cluster Size                                         0
    Registers Per Thread             register/thread              32
    Shared Memory Configuration Size           Kbyte           16,38
    Driver Shared Memory Per Block       Kbyte/block            1,02
    Dynamic Shared Memory Per Block       byte/block               0
    Static Shared Memory Per Block        byte/block               0
    # SMs                                         SM              48
    Stack Size                                                 1.024
    Threads                                   thread       4.194.304
    # TPCs                                                        24
    Enabled TPC IDs                                              all
    Uses Green Context                                             0
    Waves Per SM                                               56,89
    -------------------------------- --------------- ---------------

    Section: Occupancy
    ------------------------------- ----------- ------------
    Metric Name                     Metric Unit Metric Value
    ------------------------------- ----------- ------------
    Max Active Clusters                 cluster            0
    Max Cluster Size                      block            8
    Overall GPU Occupancy                     %            0
    Cluster Occupancy                         %            0
    Block Limit Barriers                  block           24
    Block Limit SM                        block           24
    Block Limit Registers                 block            8
    Block Limit Shared Mem                block           16
    Block Limit Warps                     block            6
    Theoretical Active Warps per SM        warp           48
    Theoretical Occupancy                     %          100
    Achieved Occupancy                        %        77,28
    Achieved Active Warps Per SM           warp        37,09
    ------------------------------- ----------- ------------

    OPT   Est. Local Speedup: 22.72%                                                                                    
          The difference between calculated theoretical (100.0%) and measured achieved occupancy (77.3%) can be the     
          result of warp scheduling overheads or workload imbalances during the kernel execution. Load imbalances can   
          occur between warps within a block as well as across blocks of the same kernel. See the CUDA Best Practices   
          Guide (https://docs.nvidia.com/cuda/cuda-c-best-practices-guide/index.html#occupancy) for more details on     
          optimizing occupancy.                                                                                         

    Section: GPU and Memory Workload Distribution
    -------------------------- ----------- ------------
    Metric Name                Metric Unit Metric Value
    -------------------------- ----------- ------------
    Average DRAM Active Cycles       cycle 1.235.386,67
    Total DRAM Elapsed Cycles        cycle   10.186.752
    Average L1 Active Cycles         cycle   298.060,69
    Total L1 Elapsed Cycles          cycle   14.695.526
    Average L2 Active Cycles         cycle   259.164,38
    Total L2 Elapsed Cycles          cycle    6.566.184
    Average SM Active Cycles         cycle   298.060,69
    Total SM Elapsed Cycles          cycle   14.695.526
    Average SMSP Active Cycles       cycle   297.882,04
    Total SMSP Elapsed Cycles        cycle   58.782.104
    -------------------------- ----------- ------------

  _jfa_pass_naive_square_euclidean_kernel[v54,cw51cXTLSUwv1sDUaKthaKSjYKCpo4BIW7AwQwoOW3BI6ygAjbQFJT1g0KOlAiRhSIJDEkBNRDAJJE_2fZVqvDglrdSgFqvTpQEsgzrtUEAA_3d_3d](Array<int, 3, A, mutable, aligned>, Array<int, 3, A, mutable, aligned>, int, int) (128, 128, 1)x(16, 16, 1), Context 1, Stream 7, Device 0, CC 12.0
    Section: GPU Speed Of Light Throughput
    ----------------------- ----------- ------------
    Metric Name             Metric Unit Metric Value
    ----------------------- ----------- ------------
    DRAM Frequency                  Ghz        13,79
    SM Frequency                    Ghz         2,49
    Elapsed Cycles                cycle      306.525
    Memory Throughput                 %        73,37
    DRAM Throughput                   %        73,37
    Duration                         us       123,26
    L1/TEX Cache Throughput           %        50,23
    L2 Cache Throughput               %        29,40
    SM Active Cycles              cycle   291.094,46
    Compute (SM) Throughput           %        66,10
    ----------------------- ----------- ------------

    INF   Compute and Memory are well-balanced: To reduce runtime, both computation and memory traffic must be reduced. 
          Check both the Compute Workload Analysis and Memory Workload Analysis sections.                               

    Section: Launch Statistics
    -------------------------------- --------------- ---------------
    Metric Name                          Metric Unit    Metric Value
    -------------------------------- --------------- ---------------
    Block Size                                                   256
    Cluster Scheduling Policy                           PolicySpread
    Cluster Size                                                   0
    Function Cache Configuration                     CachePreferNone
    Grid Size                                                 16.384
    Preferred Cluster Size                                         0
    Registers Per Thread             register/thread              32
    Shared Memory Configuration Size           Kbyte           16,38
    Driver Shared Memory Per Block       Kbyte/block            1,02
    Dynamic Shared Memory Per Block       byte/block               0
    Static Shared Memory Per Block        byte/block               0
    # SMs                                         SM              48
    Stack Size                                                 1.024
    Threads                                   thread       4.194.304
    # TPCs                                                        24
    Enabled TPC IDs                                              all
    Uses Green Context                                             0
    Waves Per SM                                               56,89
    -------------------------------- --------------- ---------------

    Section: Occupancy
    ------------------------------- ----------- ------------
    Metric Name                     Metric Unit Metric Value
    ------------------------------- ----------- ------------
    Max Active Clusters                 cluster            0
    Max Cluster Size                      block            8
    Overall GPU Occupancy                     %            0
    Cluster Occupancy                         %            0
    Block Limit Barriers                  block           24
    Block Limit SM                        block           24
    Block Limit Registers                 block            8
    Block Limit Shared Mem                block           16
    Block Limit Warps                     block            6
    Theoretical Active Warps per SM        warp           48
    Theoretical Occupancy                     %          100
    Achieved Occupancy                        %        77,50
    Achieved Active Warps Per SM           warp        37,20
    ------------------------------- ----------- ------------

    OPT   Est. Local Speedup: 22.5%                                                                                     
          The difference between calculated theoretical (100.0%) and measured achieved occupancy (77.5%) can be the     
          result of warp scheduling overheads or workload imbalances during the kernel execution. Load imbalances can   
          occur between warps within a block as well as across blocks of the same kernel. See the CUDA Best Practices   
          Guide (https://docs.nvidia.com/cuda/cuda-c-best-practices-guide/index.html#occupancy) for more details on     
          optimizing occupancy.                                                                                         

    Section: GPU and Memory Workload Distribution
    -------------------------- ----------- ------------
    Metric Name                Metric Unit Metric Value
    -------------------------- ----------- ------------
    Average DRAM Active Cycles       cycle    1.246.832
    Total DRAM Elapsed Cycles        cycle   10.195.968
    Average L1 Active Cycles         cycle   291.094,46
    Total L1 Elapsed Cycles          cycle   14.709.374
    Average L2 Active Cycles         cycle   272.489,42
    Total L2 Elapsed Cycles          cycle    6.579.840
    Average SM Active Cycles         cycle   291.094,46
    Total SM Elapsed Cycles          cycle   14.709.374
    Average SMSP Active Cycles       cycle   290.764,95
    Total SMSP Elapsed Cycles        cycle   58.837.496
    -------------------------- ----------- ------------

