==PROF== Connected to process 15269 (/usr/bin/python3.12)
==PROF== Profiling "_jfa_pass_SoA_square_euclidea..." - 0: 0%....50%....100% - 9 passes
==PROF== Profiling "_jfa_pass_SoA_square_euclidea..." - 1: 0%....50%....100% - 9 passes
==PROF== Profiling "_jfa_pass_SoA_square_euclidea..." - 2: 0%....50%....100% - 9 passes
==PROF== Profiling "_jfa_pass_SoA_square_euclidea..." - 3: 0%....50%....100% - 9 passes
==PROF== Profiling "_jfa_pass_SoA_square_euclidea..." - 4: 0%....50%....100% - 9 passes
==PROF== Profiling "_jfa_pass_SoA_square_euclidea..." - 5: 0%....50%....100% - 9 passes
==PROF== Profiling "_jfa_pass_SoA_square_euclidea..." - 6: 0%....50%....100% - 9 passes
==PROF== Profiling "_jfa_pass_SoA_square_euclidea..." - 7: 0%....50%....100% - 9 passes
==PROF== Profiling "_jfa_pass_SoA_square_euclidea..." - 8: 0%....50%....100% - 9 passes
==PROF== Profiling "_jfa_pass_SoA_square_euclidea..." - 9: 0%....50%....100% - 9 passes
==PROF== Profiling "_jfa_pass_SoA_square_euclidea..." - 10: 0%....50%....100% - 9 passes
==PROF== Disconnected from process 15269
[15269] python3.12@127.0.0.1
  _jfa_pass_SoA_square_euclidean_kernel[v66,cw51cXTLSUwv1sDUaKthaKSjYKCpo4BIW7AwQwoOW3BI6ygAjbQFJT1g0KOlAiRhSIJDEkBNRDAJJE_2fZVqvDglrdSgFqvTpQEsgzrtUEAA_3d_3d](Array<int, 2, A, mutable, aligned>, Array<int, 2, A, mutable, aligned>, int, int) (128, 128, 1)x(16, 16, 1), Context 1, Stream 7, Device 0, CC 12.0
    Section: GPU Speed Of Light Throughput
    ----------------------- ----------- ------------
    Metric Name             Metric Unit Metric Value
    ----------------------- ----------- ------------
    DRAM Frequency                  Ghz        13,78
    SM Frequency                    Ghz         2,52
    Elapsed Cycles                cycle      315.944
    Memory Throughput                 %        77,12
    DRAM Throughput                   %        77,12
    Duration                         us       125,44
    L1/TEX Cache Throughput           %        41,24
    L2 Cache Throughput               %        45,60
    SM Active Cycles              cycle   304.819,52
    Compute (SM) Throughput           %        45,40
    ----------------------- ----------- ------------

    OPT   Memory is more heavily utilized than Compute: Look at the Memory Workload Analysis section to identify the    
          DRAM bottleneck. Check memory replay (coalescing) metrics to make sure you're efficiently utilizing the       
          bytes transferred. Also consider whether it is possible to do more work per memory access (kernel fusion) or  
          whether there are values you can (re)compute.                                                                 

    Section: Launch Statistics
    -------------------------------- --------------- ---------------
    Metric Name                          Metric Unit    Metric Value
    -------------------------------- --------------- ---------------
    Block Size                                                   256
    Cluster Scheduling Policy                           PolicySpread
    Cluster Size                                                   0
    Function Cache Configuration                     CachePreferNone
    Grid Size                                                 16.384
    Preferred Cluster Size                                         0
    Registers Per Thread             register/thread              40
    Shared Memory Configuration Size           Kbyte           16,38
    Driver Shared Memory Per Block       Kbyte/block            1,02
    Dynamic Shared Memory Per Block       byte/block               0
    Static Shared Memory Per Block        byte/block               0
    # SMs                                         SM              48
    Stack Size                                                 1.024
    Threads                                   thread       4.194.304
    # TPCs                                                        24
    Enabled TPC IDs                                              all
    Uses Green Context                                             0
    Waves Per SM                                               56,89
    -------------------------------- --------------- ---------------

    Section: Occupancy
    ------------------------------- ----------- ------------
    Metric Name                     Metric Unit Metric Value
    ------------------------------- ----------- ------------
    Max Active Clusters                 cluster            0
    Max Cluster Size                      block            8
    Overall GPU Occupancy                     %            0
    Cluster Occupancy                         %            0
    Block Limit Barriers                  block           24
    Block Limit SM                        block           24
    Block Limit Registers                 block            6
    Block Limit Shared Mem                block           16
    Block Limit Warps                     block            6
    Theoretical Active Warps per SM        warp           48
    Theoretical Occupancy                     %          100
    Achieved Occupancy                        %        83,90
    Achieved Active Warps Per SM           warp        40,27
    ------------------------------- ----------- ------------

    OPT   Est. Local Speedup: 16.1%                                                                                     
          The difference between calculated theoretical (100.0%) and measured achieved occupancy (83.9%) can be the     
          result of warp scheduling overheads or workload imbalances during the kernel execution. Load imbalances can   
          occur between warps within a block as well as across blocks of the same kernel. See the CUDA Best Practices   
          Guide (https://docs.nvidia.com/cuda/cuda-c-best-practices-guide/index.html#occupancy) for more details on     
          optimizing occupancy.                                                                                         

    Section: GPU and Memory Workload Distribution
    -------------------------- ----------- ------------
    Metric Name                Metric Unit Metric Value
    -------------------------- ----------- ------------
    Average DRAM Active Cycles       cycle 1.333.226,67
    Total DRAM Elapsed Cycles        cycle   10.373.120
    Average L1 Active Cycles         cycle   304.819,52
    Total L1 Elapsed Cycles          cycle   15.158.198
    Average L2 Active Cycles         cycle   268.031,67
    Total L2 Elapsed Cycles          cycle    6.704.376
    Average SM Active Cycles         cycle   304.819,52
    Total SM Elapsed Cycles          cycle   15.158.198
    Average SMSP Active Cycles       cycle   304.503,30
    Total SMSP Elapsed Cycles        cycle   60.632.792
    -------------------------- ----------- ------------

  _jfa_pass_SoA_square_euclidean_kernel[v66,cw51cXTLSUwv1sDUaKthaKSjYKCpo4BIW7AwQwoOW3BI6ygAjbQFJT1g0KOlAiRhSIJDEkBNRDAJJE_2fZVqvDglrdSgFqvTpQEsgzrtUEAA_3d_3d](Array<int, 2, A, mutable, aligned>, Array<int, 2, A, mutable, aligned>, int, int) (128, 128, 1)x(16, 16, 1), Context 1, Stream 7, Device 0, CC 12.0
    Section: GPU Speed Of Light Throughput
    ----------------------- ----------- ------------
    Metric Name             Metric Unit Metric Value
    ----------------------- ----------- ------------
    DRAM Frequency                  Ghz        13,78
    SM Frequency                    Ghz         2,50
    Elapsed Cycles                cycle      318.532
    Memory Throughput                 %        60,53
    DRAM Throughput                   %        60,53
    Duration                         us       127,14
    L1/TEX Cache Throughput           %        56,08
    L2 Cache Throughput               %        59,69
    SM Active Cycles              cycle   309.126,38
    Compute (SM) Throughput           %        52,92
    ----------------------- ----------- ------------

    INF   Compute and Memory are well-balanced: To reduce runtime, both computation and memory traffic must be reduced. 
          Check both the Compute Workload Analysis and Memory Workload Analysis sections.                               

    Section: Launch Statistics
    -------------------------------- --------------- ---------------
    Metric Name                          Metric Unit    Metric Value
    -------------------------------- --------------- ---------------
    Block Size                                                   256
    Cluster Scheduling Policy                           PolicySpread
    Cluster Size                                                   0
    Function Cache Configuration                     CachePreferNone
    Grid Size                                                 16.384
    Preferred Cluster Size                                         0
    Registers Per Thread             register/thread              40
    Shared Memory Configuration Size           Kbyte           16,38
    Driver Shared Memory Per Block       Kbyte/block            1,02
    Dynamic Shared Memory Per Block       byte/block               0
    Static Shared Memory Per Block        byte/block               0
    # SMs                                         SM              48
    Stack Size                                                 1.024
    Threads                                   thread       4.194.304
    # TPCs                                                        24
    Enabled TPC IDs                                              all
    Uses Green Context                                             0
    Waves Per SM                                               56,89
    -------------------------------- --------------- ---------------

    Section: Occupancy
    ------------------------------- ----------- ------------
    Metric Name                     Metric Unit Metric Value
    ------------------------------- ----------- ------------
    Max Active Clusters                 cluster            0
    Max Cluster Size                      block            8
    Overall GPU Occupancy                     %            0
    Cluster Occupancy                         %            0
    Block Limit Barriers                  block           24
    Block Limit SM                        block           24
    Block Limit Registers                 block            6
    Block Limit Shared Mem                block           16
    Block Limit Warps                     block            6
    Theoretical Active Warps per SM        warp           48
    Theoretical Occupancy                     %          100
    Achieved Occupancy                        %        87,65
    Achieved Active Warps Per SM           warp        42,07
    ------------------------------- ----------- ------------

    OPT   Est. Local Speedup: 12.35%                                                                                    
          The difference between calculated theoretical (100.0%) and measured achieved occupancy (87.6%) can be the     
          result of warp scheduling overheads or workload imbalances during the kernel execution. Load imbalances can   
          occur between warps within a block as well as across blocks of the same kernel. See the CUDA Best Practices   
          Guide (https://docs.nvidia.com/cuda/cuda-c-best-practices-guide/index.html#occupancy) for more details on     
          optimizing occupancy.                                                                                         

    Section: GPU and Memory Workload Distribution
    -------------------------- ----------- ------------
    Metric Name                Metric Unit Metric Value
    -------------------------- ----------- ------------
    Average DRAM Active Cycles       cycle 1.060.762,67
    Total DRAM Elapsed Cycles        cycle   10.514.432
    Average L1 Active Cycles         cycle   309.126,38
    Total L1 Elapsed Cycles          cycle   15.285.400
    Average L2 Active Cycles         cycle   275.230,08
    Total L2 Elapsed Cycles          cycle    6.792.072
    Average SM Active Cycles         cycle   309.126,38
    Total SM Elapsed Cycles          cycle   15.285.400
    Average SMSP Active Cycles       cycle   308.969,74
    Total SMSP Elapsed Cycles        cycle   61.141.600
    -------------------------- ----------- ------------

  _jfa_pass_SoA_square_euclidean_kernel[v66,cw51cXTLSUwv1sDUaKthaKSjYKCpo4BIW7AwQwoOW3BI6ygAjbQFJT1g0KOlAiRhSIJDEkBNRDAJJE_2fZVqvDglrdSgFqvTpQEsgzrtUEAA_3d_3d](Array<int, 2, A, mutable, aligned>, Array<int, 2, A, mutable, aligned>, int, int) (128, 128, 1)x(16, 16, 1), Context 1, Stream 7, Device 0, CC 12.0
    Section: GPU Speed Of Light Throughput
    ----------------------- ----------- ------------
    Metric Name             Metric Unit Metric Value
    ----------------------- ----------- ------------
    DRAM Frequency                  Ghz        13,78
    SM Frequency                    Ghz         2,49
    Elapsed Cycles                cycle      333.713
    Memory Throughput                 %        65,13
    DRAM Throughput                   %        56,79
    Duration                         us       133,98
    L1/TEX Cache Throughput           %        62,00
    L2 Cache Throughput               %        65,13
    SM Active Cycles              cycle   326.861,94
    Compute (SM) Throughput           %        56,71
    ----------------------- ----------- ------------

    INF   Compute and Memory are well-balanced: To reduce runtime, both computation and memory traffic must be reduced. 
          Check both the Compute Workload Analysis and Memory Workload Analysis sections.                               

    Section: Launch Statistics
    -------------------------------- --------------- ---------------
    Metric Name                          Metric Unit    Metric Value
    -------------------------------- --------------- ---------------
    Block Size                                                   256
    Cluster Scheduling Policy                           PolicySpread
    Cluster Size                                                   0
    Function Cache Configuration                     CachePreferNone
    Grid Size                                                 16.384
    Preferred Cluster Size                                         0
    Registers Per Thread             register/thread              40
    Shared Memory Configuration Size           Kbyte           16,38
    Driver Shared Memory Per Block       Kbyte/block            1,02
    Dynamic Shared Memory Per Block       byte/block               0
    Static Shared Memory Per Block        byte/block               0
    # SMs                                         SM              48
    Stack Size                                                 1.024
    Threads                                   thread       4.194.304
    # TPCs                                                        24
    Enabled TPC IDs                                              all
    Uses Green Context                                             0
    Waves Per SM                                               56,89
    -------------------------------- --------------- ---------------

    Section: Occupancy
    ------------------------------- ----------- ------------
    Metric Name                     Metric Unit Metric Value
    ------------------------------- ----------- ------------
    Max Active Clusters                 cluster            0
    Max Cluster Size                      block            8
    Overall GPU Occupancy                     %            0
    Cluster Occupancy                         %            0
    Block Limit Barriers                  block           24
    Block Limit SM                        block           24
    Block Limit Registers                 block            6
    Block Limit Shared Mem                block           16
    Block Limit Warps                     block            6
    Theoretical Active Warps per SM        warp           48
    Theoretical Occupancy                     %          100
    Achieved Occupancy                        %        89,31
    Achieved Active Warps Per SM           warp        42,87
    ------------------------------- ----------- ------------

    OPT   Est. Local Speedup: 10.69%                                                                                    
          The difference between calculated theoretical (100.0%) and measured achieved occupancy (89.3%) can be the     
          result of warp scheduling overheads or workload imbalances during the kernel execution. Load imbalances can   
          occur between warps within a block as well as across blocks of the same kernel. See the CUDA Best Practices   
          Guide (https://docs.nvidia.com/cuda/cuda-c-best-practices-guide/index.html#occupancy) for more details on     
          optimizing occupancy.                                                                                         

    Section: GPU and Memory Workload Distribution
    -------------------------- ----------- ------------
    Metric Name                Metric Unit Metric Value
    -------------------------- ----------- ------------
    Average DRAM Active Cycles       cycle    1.048.736
    Total DRAM Elapsed Cycles        cycle   11.080.704
    Average L1 Active Cycles         cycle   326.861,94
    Total L1 Elapsed Cycles          cycle   16.011.904
    Average L2 Active Cycles         cycle   291.127,75
    Total L2 Elapsed Cycles          cycle    7.132.776
    Average SM Active Cycles         cycle   326.861,94
    Total SM Elapsed Cycles          cycle   16.011.904
    Average SMSP Active Cycles       cycle   326.699,42
    Total SMSP Elapsed Cycles        cycle   64.047.616
    -------------------------- ----------- ------------

  _jfa_pass_SoA_square_euclidean_kernel[v66,cw51cXTLSUwv1sDUaKthaKSjYKCpo4BIW7AwQwoOW3BI6ygAjbQFJT1g0KOlAiRhSIJDEkBNRDAJJE_2fZVqvDglrdSgFqvTpQEsgzrtUEAA_3d_3d](Array<int, 2, A, mutable, aligned>, Array<int, 2, A, mutable, aligned>, int, int) (128, 128, 1)x(16, 16, 1), Context 1, Stream 7, Device 0, CC 12.0
    Section: GPU Speed Of Light Throughput
    ----------------------- ----------- ------------
    Metric Name             Metric Unit Metric Value
    ----------------------- ----------- ------------
    DRAM Frequency                  Ghz        13,79
    SM Frequency                    Ghz         2,49
    Elapsed Cycles                cycle      367.445
    Memory Throughput                 %        66,30
    DRAM Throughput                   %        66,30
    Duration                         us       147,33
    L1/TEX Cache Throughput           %        60,62
    L2 Cache Throughput               %        63,57
    SM Active Cycles              cycle   350.457,69
    Compute (SM) Throughput           %        60,13
    ----------------------- ----------- ------------

    INF   Compute and Memory are well-balanced: To reduce runtime, both computation and memory traffic must be reduced. 
          Check both the Compute Workload Analysis and Memory Workload Analysis sections.                               

    Section: Launch Statistics
    -------------------------------- --------------- ---------------
    Metric Name                          Metric Unit    Metric Value
    -------------------------------- --------------- ---------------
    Block Size                                                   256
    Cluster Scheduling Policy                           PolicySpread
    Cluster Size                                                   0
    Function Cache Configuration                     CachePreferNone
    Grid Size                                                 16.384
    Preferred Cluster Size                                         0
    Registers Per Thread             register/thread              40
    Shared Memory Configuration Size           Kbyte           16,38
    Driver Shared Memory Per Block       Kbyte/block            1,02
    Dynamic Shared Memory Per Block       byte/block               0
    Static Shared Memory Per Block        byte/block               0
    # SMs                                         SM              48
    Stack Size                                                 1.024
    Threads                                   thread       4.194.304
    # TPCs                                                        24
    Enabled TPC IDs                                              all
    Uses Green Context                                             0
    Waves Per SM                                               56,89
    -------------------------------- --------------- ---------------

    Section: Occupancy
    ------------------------------- ----------- ------------
    Metric Name                     Metric Unit Metric Value
    ------------------------------- ----------- ------------
    Max Active Clusters                 cluster            0
    Max Cluster Size                      block            8
    Overall GPU Occupancy                     %            0
    Cluster Occupancy                         %            0
    Block Limit Barriers                  block           24
    Block Limit SM                        block           24
    Block Limit Registers                 block            6
    Block Limit Shared Mem                block           16
    Block Limit Warps                     block            6
    Theoretical Active Warps per SM        warp           48
    Theoretical Occupancy                     %          100
    Achieved Occupancy                        %        88,30
    Achieved Active Warps Per SM           warp        42,38
    ------------------------------- ----------- ------------

    OPT   Est. Local Speedup: 11.7%                                                                                     
          The difference between calculated theoretical (100.0%) and measured achieved occupancy (88.3%) can be the     
          result of warp scheduling overheads or workload imbalances during the kernel execution. Load imbalances can   
          occur between warps within a block as well as across blocks of the same kernel. See the CUDA Best Practices   
          Guide (https://docs.nvidia.com/cuda/cuda-c-best-practices-guide/index.html#occupancy) for more details on     
          optimizing occupancy.                                                                                         

    Section: GPU and Memory Workload Distribution
    -------------------------- ----------- ------------
    Metric Name                Metric Unit Metric Value
    -------------------------- ----------- ------------
    Average DRAM Active Cycles       cycle 1.346.965,33
    Total DRAM Elapsed Cycles        cycle   12.189.696
    Average L1 Active Cycles         cycle   350.457,69
    Total L1 Elapsed Cycles          cycle   17.631.924
    Average L2 Active Cycles         cycle   312.990,17
    Total L2 Elapsed Cycles          cycle    7.870.728
    Average SM Active Cycles         cycle   350.457,69
    Total SM Elapsed Cycles          cycle   17.631.924
    Average SMSP Active Cycles       cycle   350.233,68
    Total SMSP Elapsed Cycles        cycle   70.527.696
    -------------------------- ----------- ------------

  _jfa_pass_SoA_square_euclidean_kernel[v66,cw51cXTLSUwv1sDUaKthaKSjYKCpo4BIW7AwQwoOW3BI6ygAjbQFJT1g0KOlAiRhSIJDEkBNRDAJJE_2fZVqvDglrdSgFqvTpQEsgzrtUEAA_3d_3d](Array<int, 2, A, mutable, aligned>, Array<int, 2, A, mutable, aligned>, int, int) (128, 128, 1)x(16, 16, 1), Context 1, Stream 7, Device 0, CC 12.0
    Section: GPU Speed Of Light Throughput
    ----------------------- ----------- ------------
    Metric Name             Metric Unit Metric Value
    ----------------------- ----------- ------------
    DRAM Frequency                  Ghz        13,79
    SM Frequency                    Ghz         2,51
    Elapsed Cycles                cycle      400.169
    Memory Throughput                 %        61,91
    DRAM Throughput                   %        47,99
    Duration                         us       159,65
    L1/TEX Cache Throughput           %        57,85
    L2 Cache Throughput               %        61,91
    SM Active Cycles              cycle   395.425,46
    Compute (SM) Throughput           %        71,04
    ----------------------- ----------- ------------

    INF   Compute and Memory are well-balanced: To reduce runtime, both computation and memory traffic must be reduced. 
          Check both the Compute Workload Analysis and Memory Workload Analysis sections.                               

    Section: Launch Statistics
    -------------------------------- --------------- ---------------
    Metric Name                          Metric Unit    Metric Value
    -------------------------------- --------------- ---------------
    Block Size                                                   256
    Cluster Scheduling Policy                           PolicySpread
    Cluster Size                                                   0
    Function Cache Configuration                     CachePreferNone
    Grid Size                                                 16.384
    Preferred Cluster Size                                         0
    Registers Per Thread             register/thread              40
    Shared Memory Configuration Size           Kbyte           16,38
    Driver Shared Memory Per Block       Kbyte/block            1,02
    Dynamic Shared Memory Per Block       byte/block               0
    Static Shared Memory Per Block        byte/block               0
    # SMs                                         SM              48
    Stack Size                                                 1.024
    Threads                                   thread       4.194.304
    # TPCs                                                        24
    Enabled TPC IDs                                              all
    Uses Green Context                                             0
    Waves Per SM                                               56,89
    -------------------------------- --------------- ---------------

    Section: Occupancy
    ------------------------------- ----------- ------------
    Metric Name                     Metric Unit Metric Value
    ------------------------------- ----------- ------------
    Max Active Clusters                 cluster            0
    Max Cluster Size                      block            8
    Overall GPU Occupancy                     %            0
    Cluster Occupancy                         %            0
    Block Limit Barriers                  block           24
    Block Limit SM                        block           24
    Block Limit Registers                 block            6
    Block Limit Shared Mem                block           16
    Block Limit Warps                     block            6
    Theoretical Active Warps per SM        warp           48
    Theoretical Occupancy                     %          100
    Achieved Occupancy                        %        89,09
    Achieved Active Warps Per SM           warp        42,76
    ------------------------------- ----------- ------------

    OPT   Est. Local Speedup: 10.91%                                                                                    
          The difference between calculated theoretical (100.0%) and measured achieved occupancy (89.1%) can be the     
          result of warp scheduling overheads or workload imbalances during the kernel execution. Load imbalances can   
          occur between warps within a block as well as across blocks of the same kernel. See the CUDA Best Practices   
          Guide (https://docs.nvidia.com/cuda/cuda-c-best-practices-guide/index.html#occupancy) for more details on     
          optimizing occupancy.                                                                                         

    Section: GPU and Memory Workload Distribution
    -------------------------- ----------- ------------
    Metric Name                Metric Unit Metric Value
    -------------------------- ----------- ------------
    Average DRAM Active Cycles       cycle 1.056.277,33
    Total DRAM Elapsed Cycles        cycle   13.205.504
    Average L1 Active Cycles         cycle   395.425,46
    Total L1 Elapsed Cycles          cycle   19.202.444
    Average L2 Active Cycles         cycle   357.018,33
    Total L2 Elapsed Cycles          cycle    8.523.744
    Average SM Active Cycles         cycle   395.425,46
    Total SM Elapsed Cycles          cycle   19.202.444
    Average SMSP Active Cycles       cycle   395.183,46
    Total SMSP Elapsed Cycles        cycle   76.809.776
    -------------------------- ----------- ------------

  _jfa_pass_SoA_square_euclidean_kernel[v66,cw51cXTLSUwv1sDUaKthaKSjYKCpo4BIW7AwQwoOW3BI6ygAjbQFJT1g0KOlAiRhSIJDEkBNRDAJJE_2fZVqvDglrdSgFqvTpQEsgzrtUEAA_3d_3d](Array<int, 2, A, mutable, aligned>, Array<int, 2, A, mutable, aligned>, int, int) (128, 128, 1)x(16, 16, 1), Context 1, Stream 7, Device 0, CC 12.0
    Section: GPU Speed Of Light Throughput
    ----------------------- ----------- ------------
    Metric Name             Metric Unit Metric Value
    ----------------------- ----------- ------------
    DRAM Frequency                  Ghz        13,79
    SM Frequency                    Ghz         2,50
    Elapsed Cycles                cycle      444.636
    Memory Throughput                 %        57,15
    DRAM Throughput                   %        42,84
    Duration                         us       177,54
    L1/TEX Cache Throughput           %        52,89
    L2 Cache Throughput               %        57,15
    SM Active Cycles              cycle   439.891,77
    Compute (SM) Throughput           %        76,55
    ----------------------- ----------- ------------

    OPT   Compute is more heavily utilized than Memory: Look at the Compute Workload Analysis section to see what the   
          compute pipelines are spending their time doing. Also, consider whether any computation is redundant and      
          could be reduced or moved to look-up tables.                                                                  

    Section: Launch Statistics
    -------------------------------- --------------- ---------------
    Metric Name                          Metric Unit    Metric Value
    -------------------------------- --------------- ---------------
    Block Size                                                   256
    Cluster Scheduling Policy                           PolicySpread
    Cluster Size                                                   0
    Function Cache Configuration                     CachePreferNone
    Grid Size                                                 16.384
    Preferred Cluster Size                                         0
    Registers Per Thread             register/thread              40
    Shared Memory Configuration Size           Kbyte           16,38
    Driver Shared Memory Per Block       Kbyte/block            1,02
    Dynamic Shared Memory Per Block       byte/block               0
    Static Shared Memory Per Block        byte/block               0
    # SMs                                         SM              48
    Stack Size                                                 1.024
    Threads                                   thread       4.194.304
    # TPCs                                                        24
    Enabled TPC IDs                                              all
    Uses Green Context                                             0
    Waves Per SM                                               56,89
    -------------------------------- --------------- ---------------

    Section: Occupancy
    ------------------------------- ----------- ------------
    Metric Name                     Metric Unit Metric Value
    ------------------------------- ----------- ------------
    Max Active Clusters                 cluster            0
    Max Cluster Size                      block            8
    Overall GPU Occupancy                     %            0
    Cluster Occupancy                         %            0
    Block Limit Barriers                  block           24
    Block Limit SM                        block           24
    Block Limit Registers                 block            6
    Block Limit Shared Mem                block           16
    Block Limit Warps                     block            6
    Theoretical Active Warps per SM        warp           48
    Theoretical Occupancy                     %          100
    Achieved Occupancy                        %        91,37
    Achieved Active Warps Per SM           warp        43,86
    ------------------------------- ----------- ------------

    Section: GPU and Memory Workload Distribution
    -------------------------- ----------- ------------
    Metric Name                Metric Unit Metric Value
    -------------------------- ----------- ------------
    Average DRAM Active Cycles       cycle 1.048.533,33
    Total DRAM Elapsed Cycles        cycle   14.685.184
    Average L1 Active Cycles         cycle   439.891,77
    Total L1 Elapsed Cycles          cycle   21.336.534
    Average L2 Active Cycles         cycle   390.972,42
    Total L2 Elapsed Cycles          cycle    9.474.576
    Average SM Active Cycles         cycle   439.891,77
    Total SM Elapsed Cycles          cycle   21.336.534
    Average SMSP Active Cycles       cycle   439.710,99
    Total SMSP Elapsed Cycles        cycle   85.346.136
    -------------------------- ----------- ------------

  _jfa_pass_SoA_square_euclidean_kernel[v66,cw51cXTLSUwv1sDUaKthaKSjYKCpo4BIW7AwQwoOW3BI6ygAjbQFJT1g0KOlAiRhSIJDEkBNRDAJJE_2fZVqvDglrdSgFqvTpQEsgzrtUEAA_3d_3d](Array<int, 2, A, mutable, aligned>, Array<int, 2, A, mutable, aligned>, int, int) (128, 128, 1)x(16, 16, 1), Context 1, Stream 7, Device 0, CC 12.0
    Section: GPU Speed Of Light Throughput
    ----------------------- ----------- ------------
    Metric Name             Metric Unit Metric Value
    ----------------------- ----------- ------------
    DRAM Frequency                  Ghz        13,79
    SM Frequency                    Ghz         2,48
    Elapsed Cycles                cycle      452.154
    Memory Throughput                 %        55,69
    DRAM Throughput                   %        50,34
    Duration                         us       181,98
    L1/TEX Cache Throughput           %        51,51
    L2 Cache Throughput               %        55,69
    SM Active Cycles              cycle   445.184,77
    Compute (SM) Throughput           %        76,95
    ----------------------- ----------- ------------

    OPT   Compute is more heavily utilized than Memory: Look at the Compute Workload Analysis section to see what the   
          compute pipelines are spending their time doing. Also, consider whether any computation is redundant and      
          could be reduced or moved to look-up tables.                                                                  

    Section: Launch Statistics
    -------------------------------- --------------- ---------------
    Metric Name                          Metric Unit    Metric Value
    -------------------------------- --------------- ---------------
    Block Size                                                   256
    Cluster Scheduling Policy                           PolicySpread
    Cluster Size                                                   0
    Function Cache Configuration                     CachePreferNone
    Grid Size                                                 16.384
    Preferred Cluster Size                                         0
    Registers Per Thread             register/thread              40
    Shared Memory Configuration Size           Kbyte           16,38
    Driver Shared Memory Per Block       Kbyte/block            1,02
    Dynamic Shared Memory Per Block       byte/block               0
    Static Shared Memory Per Block        byte/block               0
    # SMs                                         SM              48
    Stack Size                                                 1.024
    Threads                                   thread       4.194.304
    # TPCs                                                        24
    Enabled TPC IDs                                              all
    Uses Green Context                                             0
    Waves Per SM                                               56,89
    -------------------------------- --------------- ---------------

    Section: Occupancy
    ------------------------------- ----------- ------------
    Metric Name                     Metric Unit Metric Value
    ------------------------------- ----------- ------------
    Max Active Clusters                 cluster            0
    Max Cluster Size                      block            8
    Overall GPU Occupancy                     %            0
    Cluster Occupancy                         %            0
    Block Limit Barriers                  block           24
    Block Limit SM                        block           24
    Block Limit Registers                 block            6
    Block Limit Shared Mem                block           16
    Block Limit Warps                     block            6
    Theoretical Active Warps per SM        warp           48
    Theoretical Occupancy                     %          100
    Achieved Occupancy                        %        92,05
    Achieved Active Warps Per SM           warp        44,19
    ------------------------------- ----------- ------------

    Section: GPU and Memory Workload Distribution
    -------------------------- ----------- ------------
    Metric Name                Metric Unit Metric Value
    -------------------------- ----------- ------------
    Average DRAM Active Cycles       cycle    1.263.040
    Total DRAM Elapsed Cycles        cycle   15.052.800
    Average L1 Active Cycles         cycle   445.184,77
    Total L1 Elapsed Cycles          cycle   21.698.026
    Average L2 Active Cycles         cycle   398.303,67
    Total L2 Elapsed Cycles          cycle    9.675.696
    Average SM Active Cycles         cycle   445.184,77
    Total SM Elapsed Cycles          cycle   21.698.026
    Average SMSP Active Cycles       cycle   444.878,48
    Total SMSP Elapsed Cycles        cycle   86.792.104
    -------------------------- ----------- ------------

  _jfa_pass_SoA_square_euclidean_kernel[v66,cw51cXTLSUwv1sDUaKthaKSjYKCpo4BIW7AwQwoOW3BI6ygAjbQFJT1g0KOlAiRhSIJDEkBNRDAJJE_2fZVqvDglrdSgFqvTpQEsgzrtUEAA_3d_3d](Array<int, 2, A, mutable, aligned>, Array<int, 2, A, mutable, aligned>, int, int) (128, 128, 1)x(16, 16, 1), Context 1, Stream 7, Device 0, CC 12.0
    Section: GPU Speed Of Light Throughput
    ----------------------- ----------- ------------
    Metric Name             Metric Unit Metric Value
    ----------------------- ----------- ------------
    DRAM Frequency                  Ghz        13,78
    SM Frequency                    Ghz         2,49
    Elapsed Cycles                cycle      446.131
    Memory Throughput                 %        46,02
    DRAM Throughput                   %        42,55
    Duration                         us       178,82
    L1/TEX Cache Throughput           %        40,83
    L2 Cache Throughput               %        46,02
    SM Active Cycles              cycle   441.147,54
    Compute (SM) Throughput           %        78,39
    ----------------------- ----------- ------------

    OPT   Compute is more heavily utilized than Memory: Look at the Compute Workload Analysis section to see what the   
          compute pipelines are spending their time doing. Also, consider whether any computation is redundant and      
          could be reduced or moved to look-up tables.                                                                  

    Section: Launch Statistics
    -------------------------------- --------------- ---------------
    Metric Name                          Metric Unit    Metric Value
    -------------------------------- --------------- ---------------
    Block Size                                                   256
    Cluster Scheduling Policy                           PolicySpread
    Cluster Size                                                   0
    Function Cache Configuration                     CachePreferNone
    Grid Size                                                 16.384
    Preferred Cluster Size                                         0
    Registers Per Thread             register/thread              40
    Shared Memory Configuration Size           Kbyte           16,38
    Driver Shared Memory Per Block       Kbyte/block            1,02
    Dynamic Shared Memory Per Block       byte/block               0
    Static Shared Memory Per Block        byte/block               0
    # SMs                                         SM              48
    Stack Size                                                 1.024
    Threads                                   thread       4.194.304
    # TPCs                                                        24
    Enabled TPC IDs                                              all
    Uses Green Context                                             0
    Waves Per SM                                               56,89
    -------------------------------- --------------- ---------------

    Section: Occupancy
    ------------------------------- ----------- ------------
    Metric Name                     Metric Unit Metric Value
    ------------------------------- ----------- ------------
    Max Active Clusters                 cluster            0
    Max Cluster Size                      block            8
    Overall GPU Occupancy                     %            0
    Cluster Occupancy                         %            0
    Block Limit Barriers                  block           24
    Block Limit SM                        block           24
    Block Limit Registers                 block            6
    Block Limit Shared Mem                block           16
    Block Limit Warps                     block            6
    Theoretical Active Warps per SM        warp           48
    Theoretical Occupancy                     %          100
    Achieved Occupancy                        %        85,95
    Achieved Active Warps Per SM           warp        41,26
    ------------------------------- ----------- ------------

    OPT   Est. Local Speedup: 14.05%                                                                                    
          The difference between calculated theoretical (100.0%) and measured achieved occupancy (86.0%) can be the     
          result of warp scheduling overheads or workload imbalances during the kernel execution. Load imbalances can   
          occur between warps within a block as well as across blocks of the same kernel. See the CUDA Best Practices   
          Guide (https://docs.nvidia.com/cuda/cuda-c-best-practices-guide/index.html#occupancy) for more details on     
          optimizing occupancy.                                                                                         

    Section: GPU and Memory Workload Distribution
    -------------------------- ----------- ------------
    Metric Name                Metric Unit Metric Value
    -------------------------- ----------- ------------
    Average DRAM Active Cycles       cycle 1.048.853,33
    Total DRAM Elapsed Cycles        cycle   14.788.608
    Average L1 Active Cycles         cycle   441.147,54
    Total L1 Elapsed Cycles          cycle   21.408.298
    Average L2 Active Cycles         cycle   393.395,88
    Total L2 Elapsed Cycles          cycle    9.523.968
    Average SM Active Cycles         cycle   441.147,54
    Total SM Elapsed Cycles          cycle   21.408.298
    Average SMSP Active Cycles       cycle   440.913,96
    Total SMSP Elapsed Cycles        cycle   85.633.192
    -------------------------- ----------- ------------

  _jfa_pass_SoA_square_euclidean_kernel[v66,cw51cXTLSUwv1sDUaKthaKSjYKCpo4BIW7AwQwoOW3BI6ygAjbQFJT1g0KOlAiRhSIJDEkBNRDAJJE_2fZVqvDglrdSgFqvTpQEsgzrtUEAA_3d_3d](Array<int, 2, A, mutable, aligned>, Array<int, 2, A, mutable, aligned>, int, int) (128, 128, 1)x(16, 16, 1), Context 1, Stream 7, Device 0, CC 12.0
    Section: GPU Speed Of Light Throughput
    ----------------------- ----------- ------------
    Metric Name             Metric Unit Metric Value
    ----------------------- ----------- ------------
    DRAM Frequency                  Ghz        13,78
    SM Frequency                    Ghz         2,51
    Elapsed Cycles                cycle      437.764
    Memory Throughput                 %        46,52
    DRAM Throughput                   %        46,52
    Duration                         us       174,69
    L1/TEX Cache Throughput           %        30,96
    L2 Cache Throughput               %        34,63
    SM Active Cycles              cycle   433.063,10
    Compute (SM) Throughput           %        79,44
    ----------------------- ----------- ------------

    OPT   Compute is more heavily utilized than Memory: Look at the Compute Workload Analysis section to see what the   
          compute pipelines are spending their time doing. Also, consider whether any computation is redundant and      
          could be reduced or moved to look-up tables.                                                                  

    Section: Launch Statistics
    -------------------------------- --------------- ---------------
    Metric Name                          Metric Unit    Metric Value
    -------------------------------- --------------- ---------------
    Block Size                                                   256
    Cluster Scheduling Policy                           PolicySpread
    Cluster Size                                                   0
    Function Cache Configuration                     CachePreferNone
    Grid Size                                                 16.384
    Preferred Cluster Size                                         0
    Registers Per Thread             register/thread              40
    Shared Memory Configuration Size           Kbyte           16,38
    Driver Shared Memory Per Block       Kbyte/block            1,02
    Dynamic Shared Memory Per Block       byte/block               0
    Static Shared Memory Per Block        byte/block               0
    # SMs                                         SM              48
    Stack Size                                                 1.024
    Threads                                   thread       4.194.304
    # TPCs                                                        24
    Enabled TPC IDs                                              all
    Uses Green Context                                             0
    Waves Per SM                                               56,89
    -------------------------------- --------------- ---------------

    Section: Occupancy
    ------------------------------- ----------- ------------
    Metric Name                     Metric Unit Metric Value
    ------------------------------- ----------- ------------
    Max Active Clusters                 cluster            0
    Max Cluster Size                      block            8
    Overall GPU Occupancy                     %            0
    Cluster Occupancy                         %            0
    Block Limit Barriers                  block           24
    Block Limit SM                        block           24
    Block Limit Registers                 block            6
    Block Limit Shared Mem                block           16
    Block Limit Warps                     block            6
    Theoretical Active Warps per SM        warp           48
    Theoretical Occupancy                     %          100
    Achieved Occupancy                        %        82,62
    Achieved Active Warps Per SM           warp        39,66
    ------------------------------- ----------- ------------

    OPT   Est. Local Speedup: 17.38%                                                                                    
          The difference between calculated theoretical (100.0%) and measured achieved occupancy (82.6%) can be the     
          result of warp scheduling overheads or workload imbalances during the kernel execution. Load imbalances can   
          occur between warps within a block as well as across blocks of the same kernel. See the CUDA Best Practices   
          Guide (https://docs.nvidia.com/cuda/cuda-c-best-practices-guide/index.html#occupancy) for more details on     
          optimizing occupancy.                                                                                         

    Section: GPU and Memory Workload Distribution
    -------------------------- ----------- ------------
    Metric Name                Metric Unit Metric Value
    -------------------------- ----------- ------------
    Average DRAM Active Cycles       cycle 1.120.010,67
    Total DRAM Elapsed Cycles        cycle   14.446.592
    Average L1 Active Cycles         cycle   433.063,10
    Total L1 Elapsed Cycles          cycle   21.007.900
    Average L2 Active Cycles         cycle   385.156,42
    Total L2 Elapsed Cycles          cycle    9.340.920
    Average SM Active Cycles         cycle   433.063,10
    Total SM Elapsed Cycles          cycle   21.007.900
    Average SMSP Active Cycles       cycle   432.835,22
    Total SMSP Elapsed Cycles        cycle   84.031.600
    -------------------------- ----------- ------------

  _jfa_pass_SoA_square_euclidean_kernel[v66,cw51cXTLSUwv1sDUaKthaKSjYKCpo4BIW7AwQwoOW3BI6ygAjbQFJT1g0KOlAiRhSIJDEkBNRDAJJE_2fZVqvDglrdSgFqvTpQEsgzrtUEAA_3d_3d](Array<int, 2, A, mutable, aligned>, Array<int, 2, A, mutable, aligned>, int, int) (128, 128, 1)x(16, 16, 1), Context 1, Stream 7, Device 0, CC 12.0
    Section: GPU Speed Of Light Throughput
    ----------------------- ----------- ------------
    Metric Name             Metric Unit Metric Value
    ----------------------- ----------- ------------
    DRAM Frequency                  Ghz        13,79
    SM Frequency                    Ghz         2,51
    Elapsed Cycles                cycle      435.750
    Memory Throughput                 %        43,88
    DRAM Throughput                   %        43,88
    Duration                         us       173,44
    L1/TEX Cache Throughput           %        30,88
    L2 Cache Throughput               %        31,68
    SM Active Cycles              cycle   429.363,71
    Compute (SM) Throughput           %        79,74
    ----------------------- ----------- ------------

    OPT   Compute is more heavily utilized than Memory: Look at the Compute Workload Analysis section to see what the   
          compute pipelines are spending their time doing. Also, consider whether any computation is redundant and      
          could be reduced or moved to look-up tables.                                                                  

    Section: Launch Statistics
    -------------------------------- --------------- ---------------
    Metric Name                          Metric Unit    Metric Value
    -------------------------------- --------------- ---------------
    Block Size                                                   256
    Cluster Scheduling Policy                           PolicySpread
    Cluster Size                                                   0
    Function Cache Configuration                     CachePreferNone
    Grid Size                                                 16.384
    Preferred Cluster Size                                         0
    Registers Per Thread             register/thread              40
    Shared Memory Configuration Size           Kbyte           16,38
    Driver Shared Memory Per Block       Kbyte/block            1,02
    Dynamic Shared Memory Per Block       byte/block               0
    Static Shared Memory Per Block        byte/block               0
    # SMs                                         SM              48
    Stack Size                                                 1.024
    Threads                                   thread       4.194.304
    # TPCs                                                        24
    Enabled TPC IDs                                              all
    Uses Green Context                                             0
    Waves Per SM                                               56,89
    -------------------------------- --------------- ---------------

    Section: Occupancy
    ------------------------------- ----------- ------------
    Metric Name                     Metric Unit Metric Value
    ------------------------------- ----------- ------------
    Max Active Clusters                 cluster            0
    Max Cluster Size                      block            8
    Overall GPU Occupancy                     %            0
    Cluster Occupancy                         %            0
    Block Limit Barriers                  block           24
    Block Limit SM                        block           24
    Block Limit Registers                 block            6
    Block Limit Shared Mem                block           16
    Block Limit Warps                     block            6
    Theoretical Active Warps per SM        warp           48
    Theoretical Occupancy                     %          100
    Achieved Occupancy                        %        83,40
    Achieved Active Warps Per SM           warp        40,03
    ------------------------------- ----------- ------------

    OPT   Est. Local Speedup: 16.6%                                                                                     
          The difference between calculated theoretical (100.0%) and measured achieved occupancy (83.4%) can be the     
          result of warp scheduling overheads or workload imbalances during the kernel execution. Load imbalances can   
          occur between warps within a block as well as across blocks of the same kernel. See the CUDA Best Practices   
          Guide (https://docs.nvidia.com/cuda/cuda-c-best-practices-guide/index.html#occupancy) for more details on     
          optimizing occupancy.                                                                                         

    Section: GPU and Memory Workload Distribution
    -------------------------- ----------- ------------
    Metric Name                Metric Unit Metric Value
    -------------------------- ----------- ------------
    Average DRAM Active Cycles       cycle 1.049.322,67
    Total DRAM Elapsed Cycles        cycle   14.347.264
    Average L1 Active Cycles         cycle   429.363,71
    Total L1 Elapsed Cycles          cycle   20.910.452
    Average L2 Active Cycles         cycle   382.228,79
    Total L2 Elapsed Cycles          cycle    9.263.952
    Average SM Active Cycles         cycle   429.363,71
    Total SM Elapsed Cycles          cycle   20.910.452
    Average SMSP Active Cycles       cycle   429.090,47
    Total SMSP Elapsed Cycles        cycle   83.641.808
    -------------------------- ----------- ------------

  _jfa_pass_SoA_square_euclidean_kernel[v66,cw51cXTLSUwv1sDUaKthaKSjYKCpo4BIW7AwQwoOW3BI6ygAjbQFJT1g0KOlAiRhSIJDEkBNRDAJJE_2fZVqvDglrdSgFqvTpQEsgzrtUEAA_3d_3d](Array<int, 2, A, mutable, aligned>, Array<int, 2, A, mutable, aligned>, int, int) (128, 128, 1)x(16, 16, 1), Context 1, Stream 7, Device 0, CC 12.0
    Section: GPU Speed Of Light Throughput
    ----------------------- ----------- ------------
    Metric Name             Metric Unit Metric Value
    ----------------------- ----------- ------------
    DRAM Frequency                  Ghz        13,79
    SM Frequency                    Ghz         2,51
    Elapsed Cycles                cycle      437.238
    Memory Throughput                 %        52,51
    DRAM Throughput                   %        52,51
    Duration                         us       174,34
    L1/TEX Cache Throughput           %        30,64
    L2 Cache Throughput               %        29,93
    SM Active Cycles              cycle   429.575,33
    Compute (SM) Throughput           %        79,49
    ----------------------- ----------- ------------

    OPT   Compute is more heavily utilized than Memory: Look at the Compute Workload Analysis section to see what the   
          compute pipelines are spending their time doing. Also, consider whether any computation is redundant and      
          could be reduced or moved to look-up tables.                                                                  

    Section: Launch Statistics
    -------------------------------- --------------- ---------------
    Metric Name                          Metric Unit    Metric Value
    -------------------------------- --------------- ---------------
    Block Size                                                   256
    Cluster Scheduling Policy                           PolicySpread
    Cluster Size                                                   0
    Function Cache Configuration                     CachePreferNone
    Grid Size                                                 16.384
    Preferred Cluster Size                                         0
    Registers Per Thread             register/thread              40
    Shared Memory Configuration Size           Kbyte           16,38
    Driver Shared Memory Per Block       Kbyte/block            1,02
    Dynamic Shared Memory Per Block       byte/block               0
    Static Shared Memory Per Block        byte/block               0
    # SMs                                         SM              48
    Stack Size                                                 1.024
    Threads                                   thread       4.194.304
    # TPCs                                                        24
    Enabled TPC IDs                                              all
    Uses Green Context                                             0
    Waves Per SM                                               56,89
    -------------------------------- --------------- ---------------

    Section: Occupancy
    ------------------------------- ----------- ------------
    Metric Name                     Metric Unit Metric Value
    ------------------------------- ----------- ------------
    Max Active Clusters                 cluster            0
    Max Cluster Size                      block            8
    Overall GPU Occupancy                     %            0
    Cluster Occupancy                         %            0
    Block Limit Barriers                  block           24
    Block Limit SM                        block           24
    Block Limit Registers                 block            6
    Block Limit Shared Mem                block           16
    Block Limit Warps                     block            6
    Theoretical Active Warps per SM        warp           48
    Theoretical Occupancy                     %          100
    Achieved Occupancy                        %        83,91
    Achieved Active Warps Per SM           warp        40,28
    ------------------------------- ----------- ------------

    OPT   Est. Local Speedup: 16.09%                                                                                    
          The difference between calculated theoretical (100.0%) and measured achieved occupancy (83.9%) can be the     
          result of warp scheduling overheads or workload imbalances during the kernel execution. Load imbalances can   
          occur between warps within a block as well as across blocks of the same kernel. See the CUDA Best Practices   
          Guide (https://docs.nvidia.com/cuda/cuda-c-best-practices-guide/index.html#occupancy) for more details on     
          optimizing occupancy.                                                                                         

    Section: GPU and Memory Workload Distribution
    -------------------------- ----------- ------------
    Metric Name                Metric Unit Metric Value
    -------------------------- ----------- ------------
    Average DRAM Active Cycles       cycle    1.262.048
    Total DRAM Elapsed Cycles        cycle   14.419.968
    Average L1 Active Cycles         cycle   429.575,33
    Total L1 Elapsed Cycles          cycle   20.981.224
    Average L2 Active Cycles         cycle   382.804,25
    Total L2 Elapsed Cycles          cycle    9.320.760
    Average SM Active Cycles         cycle   429.575,33
    Total SM Elapsed Cycles          cycle   20.981.224
    Average SMSP Active Cycles       cycle   429.273,24
    Total SMSP Elapsed Cycles        cycle   83.924.896
    -------------------------- ----------- ------------

