==PROF== Connected to process 15118 (/usr/bin/python3.12)
==PROF== Profiling "_jfa_pass_shared_memory_squar..." - 0: 0%....50%....100% - 9 passes
==PROF== Profiling "_jfa_pass_shared_memory_squar..." - 1: 0%....50%....100% - 9 passes
==PROF== Profiling "_jfa_pass_shared_memory_squar..." - 2: 0%....50%....100% - 9 passes
==PROF== Profiling "_jfa_pass_shared_memory_squar..." - 3: 0%....50%....100% - 9 passes
==PROF== Profiling "_jfa_pass_shared_memory_squar..." - 4: 0%....50%....100% - 9 passes
==PROF== Profiling "_jfa_pass_shared_memory_squar..." - 5: 0%....50%....100% - 9 passes
==PROF== Profiling "_jfa_pass_shared_memory_squar..." - 6: 0%....50%....100% - 9 passes
==PROF== Profiling "_jfa_pass_shared_memory_squar..." - 7: 0%....50%....100% - 9 passes
==PROF== Profiling "_jfa_pass_shared_memory_squar..." - 8: 0%....50%....100% - 9 passes
==PROF== Profiling "_jfa_pass_shared_memory_squar..." - 9: 0%....50%....100% - 9 passes
==PROF== Profiling "_jfa_pass_shared_memory_squar..." - 10: 0%....50%....100% - 9 passes
==PROF== Disconnected from process 15118
[15118] python3.12@127.0.0.1
  _jfa_pass_shared_memory_square_euclidean_kernel[v59,cw51cXTLSUwv1sDUaKthaKSjYKCpo4BIW7AwQwoOW3BI6ygAjbQFJT1g0KOlAiRhSIJDEkBNRDAJJE_2fZVqvDglrdSgFqvTpQEsgzrtUEAA_3d_3d](Array<int, 3, A, mutable, aligned>, Array<int, 3, A, mutable, aligned>, int, int) (128, 128, 1)x(16, 16, 1), Context 1, Stream 7, Device 0, CC 12.0
    Section: GPU Speed Of Light Throughput
    ----------------------- ----------- ------------
    Metric Name             Metric Unit Metric Value
    ----------------------- ----------- ------------
    DRAM Frequency                  Ghz        13,78
    SM Frequency                    Ghz         2,53
    Elapsed Cycles                cycle      296.739
    Memory Throughput                 %        81,29
    DRAM Throughput                   %        81,29
    Duration                         us       117,41
    L1/TEX Cache Throughput           %        34,32
    L2 Cache Throughput               %        41,75
    SM Active Cycles              cycle   278.028,27
    Compute (SM) Throughput           %        39,06
    ----------------------- ----------- ------------

    INF   This workload is utilizing greater than 80.0% of the available compute or memory performance of this device.  
          To further improve performance, work will likely need to be shifted from the most utilized to another unit.   
          Start by analyzing DRAM in the Memory Workload Analysis section.                                              

    Section: Launch Statistics
    -------------------------------- --------------- ---------------
    Metric Name                          Metric Unit    Metric Value
    -------------------------------- --------------- ---------------
    Block Size                                                   256
    Cluster Scheduling Policy                           PolicySpread
    Cluster Size                                                   0
    Function Cache Configuration                     CachePreferNone
    Grid Size                                                 16.384
    Preferred Cluster Size                                         0
    Registers Per Thread             register/thread              36
    Shared Memory Configuration Size           Kbyte          102,40
    Driver Shared Memory Per Block       Kbyte/block            1,02
    Dynamic Shared Memory Per Block       byte/block               0
    Static Shared Memory Per Block       Kbyte/block            4,61
    # SMs                                         SM              48
    Stack Size                                                 1.024
    Threads                                   thread       4.194.304
    # TPCs                                                        24
    Enabled TPC IDs                                              all
    Uses Green Context                                             0
    Waves Per SM                                               56,89
    -------------------------------- --------------- ---------------

    Section: Occupancy
    ------------------------------- ----------- ------------
    Metric Name                     Metric Unit Metric Value
    ------------------------------- ----------- ------------
    Max Active Clusters                 cluster            0
    Max Cluster Size                      block            8
    Overall GPU Occupancy                     %            0
    Cluster Occupancy                         %            0
    Block Limit Barriers                  block           24
    Block Limit SM                        block           24
    Block Limit Registers                 block            6
    Block Limit Shared Mem                block           18
    Block Limit Warps                     block            6
    Theoretical Active Warps per SM        warp           48
    Theoretical Occupancy                     %          100
    Achieved Occupancy                        %        82,86
    Achieved Active Warps Per SM           warp        39,77
    ------------------------------- ----------- ------------

    OPT   Est. Local Speedup: 17.14%                                                                                    
          The difference between calculated theoretical (100.0%) and measured achieved occupancy (82.9%) can be the     
          result of warp scheduling overheads or workload imbalances during the kernel execution. Load imbalances can   
          occur between warps within a block as well as across blocks of the same kernel. See the CUDA Best Practices   
          Guide (https://docs.nvidia.com/cuda/cuda-c-best-practices-guide/index.html#occupancy) for more details on     
          optimizing occupancy.                                                                                         

    Section: GPU and Memory Workload Distribution
    -------------------------- ----------- ------------
    Metric Name                Metric Unit Metric Value
    -------------------------- ----------- ------------
    Average DRAM Active Cycles       cycle 1.315.477,33
    Total DRAM Elapsed Cycles        cycle    9.709.568
    Average L1 Active Cycles         cycle   278.028,27
    Total L1 Elapsed Cycles          cycle   14.237.906
    Average L2 Active Cycles         cycle   246.559,08
    Total L2 Elapsed Cycles          cycle    6.282.264
    Average SM Active Cycles         cycle   278.028,27
    Total SM Elapsed Cycles          cycle   14.237.906
    Average SMSP Active Cycles       cycle   277.745,32
    Total SMSP Elapsed Cycles        cycle   56.951.624
    -------------------------- ----------- ------------

  _jfa_pass_shared_memory_square_euclidean_kernel[v59,cw51cXTLSUwv1sDUaKthaKSjYKCpo4BIW7AwQwoOW3BI6ygAjbQFJT1g0KOlAiRhSIJDEkBNRDAJJE_2fZVqvDglrdSgFqvTpQEsgzrtUEAA_3d_3d](Array<int, 3, A, mutable, aligned>, Array<int, 3, A, mutable, aligned>, int, int) (128, 128, 1)x(16, 16, 1), Context 1, Stream 7, Device 0, CC 12.0
    Section: GPU Speed Of Light Throughput
    ----------------------- ----------- ------------
    Metric Name             Metric Unit Metric Value
    ----------------------- ----------- ------------
    DRAM Frequency                  Ghz        13,78
    SM Frequency                    Ghz         2,51
    Elapsed Cycles                cycle      301.612
    Memory Throughput                 %        63,69
    DRAM Throughput                   %        63,69
    Duration                         us       120,03
    L1/TEX Cache Throughput           %        48,71
    L2 Cache Throughput               %        58,96
    SM Active Cycles              cycle   292.996,04
    Compute (SM) Throughput           %        47,01
    ----------------------- ----------- ------------

    OPT   Memory is more heavily utilized than Compute: Look at the Memory Workload Analysis section to identify the    
          DRAM bottleneck. Check memory replay (coalescing) metrics to make sure you're efficiently utilizing the       
          bytes transferred. Also consider whether it is possible to do more work per memory access (kernel fusion) or  
          whether there are values you can (re)compute.                                                                 

    Section: Launch Statistics
    -------------------------------- --------------- ---------------
    Metric Name                          Metric Unit    Metric Value
    -------------------------------- --------------- ---------------
    Block Size                                                   256
    Cluster Scheduling Policy                           PolicySpread
    Cluster Size                                                   0
    Function Cache Configuration                     CachePreferNone
    Grid Size                                                 16.384
    Preferred Cluster Size                                         0
    Registers Per Thread             register/thread              36
    Shared Memory Configuration Size           Kbyte          102,40
    Driver Shared Memory Per Block       Kbyte/block            1,02
    Dynamic Shared Memory Per Block       byte/block               0
    Static Shared Memory Per Block       Kbyte/block            4,61
    # SMs                                         SM              48
    Stack Size                                                 1.024
    Threads                                   thread       4.194.304
    # TPCs                                                        24
    Enabled TPC IDs                                              all
    Uses Green Context                                             0
    Waves Per SM                                               56,89
    -------------------------------- --------------- ---------------

    Section: Occupancy
    ------------------------------- ----------- ------------
    Metric Name                     Metric Unit Metric Value
    ------------------------------- ----------- ------------
    Max Active Clusters                 cluster            0
    Max Cluster Size                      block            8
    Overall GPU Occupancy                     %            0
    Cluster Occupancy                         %            0
    Block Limit Barriers                  block           24
    Block Limit SM                        block           24
    Block Limit Registers                 block            6
    Block Limit Shared Mem                block           18
    Block Limit Warps                     block            6
    Theoretical Active Warps per SM        warp           48
    Theoretical Occupancy                     %          100
    Achieved Occupancy                        %        88,18
    Achieved Active Warps Per SM           warp        42,33
    ------------------------------- ----------- ------------

    OPT   Est. Local Speedup: 11.82%                                                                                    
          The difference between calculated theoretical (100.0%) and measured achieved occupancy (88.2%) can be the     
          result of warp scheduling overheads or workload imbalances during the kernel execution. Load imbalances can   
          occur between warps within a block as well as across blocks of the same kernel. See the CUDA Best Practices   
          Guide (https://docs.nvidia.com/cuda/cuda-c-best-practices-guide/index.html#occupancy) for more details on     
          optimizing occupancy.                                                                                         

    Section: GPU and Memory Workload Distribution
    -------------------------- ----------- ------------
    Metric Name                Metric Unit Metric Value
    -------------------------- ----------- ------------
    Average DRAM Active Cycles       cycle 1.053.797,33
    Total DRAM Elapsed Cycles        cycle    9.927.680
    Average L1 Active Cycles         cycle   292.996,04
    Total L1 Elapsed Cycles          cycle   14.472.576
    Average L2 Active Cycles         cycle   260.222,62
    Total L2 Elapsed Cycles          cycle    6.419.952
    Average SM Active Cycles         cycle   292.996,04
    Total SM Elapsed Cycles          cycle   14.472.576
    Average SMSP Active Cycles       cycle   292.876,74
    Total SMSP Elapsed Cycles        cycle   57.890.304
    -------------------------- ----------- ------------

  _jfa_pass_shared_memory_square_euclidean_kernel[v59,cw51cXTLSUwv1sDUaKthaKSjYKCpo4BIW7AwQwoOW3BI6ygAjbQFJT1g0KOlAiRhSIJDEkBNRDAJJE_2fZVqvDglrdSgFqvTpQEsgzrtUEAA_3d_3d](Array<int, 3, A, mutable, aligned>, Array<int, 3, A, mutable, aligned>, int, int) (128, 128, 1)x(16, 16, 1), Context 1, Stream 7, Device 0, CC 12.0
    Section: GPU Speed Of Light Throughput
    ----------------------- ----------- ------------
    Metric Name             Metric Unit Metric Value
    ----------------------- ----------- ------------
    DRAM Frequency                  Ghz        13,78
    SM Frequency                    Ghz         2,51
    Elapsed Cycles                cycle      325.464
    Memory Throughput                 %        64,56
    DRAM Throughput                   %        57,71
    Duration                         us       129,47
    L1/TEX Cache Throughput           %        53,45
    L2 Cache Throughput               %        64,56
    SM Active Cycles              cycle   319.304,02
    Compute (SM) Throughput           %        50,06
    ----------------------- ----------- ------------

    OPT   Memory is more heavily utilized than Compute: Look at the Memory Workload Analysis section to identify the L2 
          bottleneck. Check memory replay (coalescing) metrics to make sure you're efficiently utilizing the bytes      
          transferred. Also consider whether it is possible to do more work per memory access (kernel fusion) or        
          whether there are values you can (re)compute.                                                                 

    Section: Launch Statistics
    -------------------------------- --------------- ---------------
    Metric Name                          Metric Unit    Metric Value
    -------------------------------- --------------- ---------------
    Block Size                                                   256
    Cluster Scheduling Policy                           PolicySpread
    Cluster Size                                                   0
    Function Cache Configuration                     CachePreferNone
    Grid Size                                                 16.384
    Preferred Cluster Size                                         0
    Registers Per Thread             register/thread              36
    Shared Memory Configuration Size           Kbyte          102,40
    Driver Shared Memory Per Block       Kbyte/block            1,02
    Dynamic Shared Memory Per Block       byte/block               0
    Static Shared Memory Per Block       Kbyte/block            4,61
    # SMs                                         SM              48
    Stack Size                                                 1.024
    Threads                                   thread       4.194.304
    # TPCs                                                        24
    Enabled TPC IDs                                              all
    Uses Green Context                                             0
    Waves Per SM                                               56,89
    -------------------------------- --------------- ---------------

    Section: Occupancy
    ------------------------------- ----------- ------------
    Metric Name                     Metric Unit Metric Value
    ------------------------------- ----------- ------------
    Max Active Clusters                 cluster            0
    Max Cluster Size                      block            8
    Overall GPU Occupancy                     %            0
    Cluster Occupancy                         %            0
    Block Limit Barriers                  block           24
    Block Limit SM                        block           24
    Block Limit Registers                 block            6
    Block Limit Shared Mem                block           18
    Block Limit Warps                     block            6
    Theoretical Active Warps per SM        warp           48
    Theoretical Occupancy                     %          100
    Achieved Occupancy                        %        89,15
    Achieved Active Warps Per SM           warp        42,79
    ------------------------------- ----------- ------------

    OPT   Est. Local Speedup: 10.85%                                                                                    
          The difference between calculated theoretical (100.0%) and measured achieved occupancy (89.2%) can be the     
          result of warp scheduling overheads or workload imbalances during the kernel execution. Load imbalances can   
          occur between warps within a block as well as across blocks of the same kernel. See the CUDA Best Practices   
          Guide (https://docs.nvidia.com/cuda/cuda-c-best-practices-guide/index.html#occupancy) for more details on     
          optimizing occupancy.                                                                                         

    Section: GPU and Memory Workload Distribution
    -------------------------- ----------- ------------
    Metric Name                Metric Unit Metric Value
    -------------------------- ----------- ------------
    Average DRAM Active Cycles       cycle 1.029.669,33
    Total DRAM Elapsed Cycles        cycle   10.705.920
    Average L1 Active Cycles         cycle   319.304,02
    Total L1 Elapsed Cycles          cycle   15.616.474
    Average L2 Active Cycles         cycle   283.044,62
    Total L2 Elapsed Cycles          cycle    6.917.784
    Average SM Active Cycles         cycle   319.304,02
    Total SM Elapsed Cycles          cycle   15.616.474
    Average SMSP Active Cycles       cycle   319.173,84
    Total SMSP Elapsed Cycles        cycle   62.465.896
    -------------------------- ----------- ------------

  _jfa_pass_shared_memory_square_euclidean_kernel[v59,cw51cXTLSUwv1sDUaKthaKSjYKCpo4BIW7AwQwoOW3BI6ygAjbQFJT1g0KOlAiRhSIJDEkBNRDAJJE_2fZVqvDglrdSgFqvTpQEsgzrtUEAA_3d_3d](Array<int, 3, A, mutable, aligned>, Array<int, 3, A, mutable, aligned>, int, int) (128, 128, 1)x(16, 16, 1), Context 1, Stream 7, Device 0, CC 12.0
    Section: GPU Speed Of Light Throughput
    ----------------------- ----------- ------------
    Metric Name             Metric Unit Metric Value
    ----------------------- ----------- ------------
    DRAM Frequency                  Ghz        13,79
    SM Frequency                    Ghz         2,51
    Elapsed Cycles                cycle      348.788
    Memory Throughput                 %        65,32
    DRAM Throughput                   %        54,00
    Duration                         us       138,75
    L1/TEX Cache Throughput           %        54,32
    L2 Cache Throughput               %        65,32
    SM Active Cycles              cycle   342.742,42
    Compute (SM) Throughput           %        55,90
    ----------------------- ----------- ------------

    INF   Compute and Memory are well-balanced: To reduce runtime, both computation and memory traffic must be reduced. 
          Check both the Compute Workload Analysis and Memory Workload Analysis sections.                               

    Section: Launch Statistics
    -------------------------------- --------------- ---------------
    Metric Name                          Metric Unit    Metric Value
    -------------------------------- --------------- ---------------
    Block Size                                                   256
    Cluster Scheduling Policy                           PolicySpread
    Cluster Size                                                   0
    Function Cache Configuration                     CachePreferNone
    Grid Size                                                 16.384
    Preferred Cluster Size                                         0
    Registers Per Thread             register/thread              36
    Shared Memory Configuration Size           Kbyte          102,40
    Driver Shared Memory Per Block       Kbyte/block            1,02
    Dynamic Shared Memory Per Block       byte/block               0
    Static Shared Memory Per Block       Kbyte/block            4,61
    # SMs                                         SM              48
    Stack Size                                                 1.024
    Threads                                   thread       4.194.304
    # TPCs                                                        24
    Enabled TPC IDs                                              all
    Uses Green Context                                             0
    Waves Per SM                                               56,89
    -------------------------------- --------------- ---------------

    Section: Occupancy
    ------------------------------- ----------- ------------
    Metric Name                     Metric Unit Metric Value
    ------------------------------- ----------- ------------
    Max Active Clusters                 cluster            0
    Max Cluster Size                      block            8
    Overall GPU Occupancy                     %            0
    Cluster Occupancy                         %            0
    Block Limit Barriers                  block           24
    Block Limit SM                        block           24
    Block Limit Registers                 block            6
    Block Limit Shared Mem                block           18
    Block Limit Warps                     block            6
    Theoretical Active Warps per SM        warp           48
    Theoretical Occupancy                     %          100
    Achieved Occupancy                        %        88,46
    Achieved Active Warps Per SM           warp        42,46
    ------------------------------- ----------- ------------

    OPT   Est. Local Speedup: 11.54%                                                                                    
          The difference between calculated theoretical (100.0%) and measured achieved occupancy (88.5%) can be the     
          result of warp scheduling overheads or workload imbalances during the kernel execution. Load imbalances can   
          occur between warps within a block as well as across blocks of the same kernel. See the CUDA Best Practices   
          Guide (https://docs.nvidia.com/cuda/cuda-c-best-practices-guide/index.html#occupancy) for more details on     
          optimizing occupancy.                                                                                         

    Section: GPU and Memory Workload Distribution
    -------------------------- ----------- ------------
    Metric Name                Metric Unit Metric Value
    -------------------------- ----------- ------------
    Average DRAM Active Cycles       cycle 1.032.885,33
    Total DRAM Elapsed Cycles        cycle   11.476.992
    Average L1 Active Cycles         cycle   342.742,42
    Total L1 Elapsed Cycles          cycle   16.735.824
    Average L2 Active Cycles         cycle   304.713,62
    Total L2 Elapsed Cycles          cycle    7.416.096
    Average SM Active Cycles         cycle   342.742,42
    Total SM Elapsed Cycles          cycle   16.735.824
    Average SMSP Active Cycles       cycle   342.562,48
    Total SMSP Elapsed Cycles        cycle   66.943.296
    -------------------------- ----------- ------------

  _jfa_pass_shared_memory_square_euclidean_kernel[v59,cw51cXTLSUwv1sDUaKthaKSjYKCpo4BIW7AwQwoOW3BI6ygAjbQFJT1g0KOlAiRhSIJDEkBNRDAJJE_2fZVqvDglrdSgFqvTpQEsgzrtUEAA_3d_3d](Array<int, 3, A, mutable, aligned>, Array<int, 3, A, mutable, aligned>, int, int) (128, 128, 1)x(16, 16, 1), Context 1, Stream 7, Device 0, CC 12.0
    Section: GPU Speed Of Light Throughput
    ----------------------- ----------- ------------
    Metric Name             Metric Unit Metric Value
    ----------------------- ----------- ------------
    DRAM Frequency                  Ghz        13,78
    SM Frequency                    Ghz         2,51
    Elapsed Cycles                cycle      387.437
    Memory Throughput                 %        61,29
    DRAM Throughput                   %        48,72
    Duration                         us       154,05
    L1/TEX Cache Throughput           %        50,95
    L2 Cache Throughput               %        61,29
    SM Active Cycles              cycle   382.763,79
    Compute (SM) Throughput           %        66,86
    ----------------------- ----------- ------------

    INF   Compute and Memory are well-balanced: To reduce runtime, both computation and memory traffic must be reduced. 
          Check both the Compute Workload Analysis and Memory Workload Analysis sections.                               

    Section: Launch Statistics
    -------------------------------- --------------- ---------------
    Metric Name                          Metric Unit    Metric Value
    -------------------------------- --------------- ---------------
    Block Size                                                   256
    Cluster Scheduling Policy                           PolicySpread
    Cluster Size                                                   0
    Function Cache Configuration                     CachePreferNone
    Grid Size                                                 16.384
    Preferred Cluster Size                                         0
    Registers Per Thread             register/thread              36
    Shared Memory Configuration Size           Kbyte          102,40
    Driver Shared Memory Per Block       Kbyte/block            1,02
    Dynamic Shared Memory Per Block       byte/block               0
    Static Shared Memory Per Block       Kbyte/block            4,61
    # SMs                                         SM              48
    Stack Size                                                 1.024
    Threads                                   thread       4.194.304
    # TPCs                                                        24
    Enabled TPC IDs                                              all
    Uses Green Context                                             0
    Waves Per SM                                               56,89
    -------------------------------- --------------- ---------------

    Section: Occupancy
    ------------------------------- ----------- ------------
    Metric Name                     Metric Unit Metric Value
    ------------------------------- ----------- ------------
    Max Active Clusters                 cluster            0
    Max Cluster Size                      block            8
    Overall GPU Occupancy                     %            0
    Cluster Occupancy                         %            0
    Block Limit Barriers                  block           24
    Block Limit SM                        block           24
    Block Limit Registers                 block            6
    Block Limit Shared Mem                block           18
    Block Limit Warps                     block            6
    Theoretical Active Warps per SM        warp           48
    Theoretical Occupancy                     %          100
    Achieved Occupancy                        %        89,13
    Achieved Active Warps Per SM           warp        42,78
    ------------------------------- ----------- ------------

    OPT   Est. Local Speedup: 10.87%                                                                                    
          The difference between calculated theoretical (100.0%) and measured achieved occupancy (89.1%) can be the     
          result of warp scheduling overheads or workload imbalances during the kernel execution. Load imbalances can   
          occur between warps within a block as well as across blocks of the same kernel. See the CUDA Best Practices   
          Guide (https://docs.nvidia.com/cuda/cuda-c-best-practices-guide/index.html#occupancy) for more details on     
          optimizing occupancy.                                                                                         

    Section: GPU and Memory Workload Distribution
    -------------------------- ----------- ------------
    Metric Name                Metric Unit Metric Value
    -------------------------- ----------- ------------
    Average DRAM Active Cycles       cycle 1.034.533,33
    Total DRAM Elapsed Cycles        cycle   12.740.608
    Average L1 Active Cycles         cycle   382.763,79
    Total L1 Elapsed Cycles          cycle   18.590.952
    Average L2 Active Cycles         cycle   339.714,71
    Total L2 Elapsed Cycles          cycle    8.244.288
    Average SM Active Cycles         cycle   382.763,79
    Total SM Elapsed Cycles          cycle   18.590.952
    Average SMSP Active Cycles       cycle   382.568,01
    Total SMSP Elapsed Cycles        cycle   74.363.808
    -------------------------- ----------- ------------

  _jfa_pass_shared_memory_square_euclidean_kernel[v59,cw51cXTLSUwv1sDUaKthaKSjYKCpo4BIW7AwQwoOW3BI6ygAjbQFJT1g0KOlAiRhSIJDEkBNRDAJJE_2fZVqvDglrdSgFqvTpQEsgzrtUEAA_3d_3d](Array<int, 3, A, mutable, aligned>, Array<int, 3, A, mutable, aligned>, int, int) (128, 128, 1)x(16, 16, 1), Context 1, Stream 7, Device 0, CC 12.0
    Section: GPU Speed Of Light Throughput
    ----------------------- ----------- ------------
    Metric Name             Metric Unit Metric Value
    ----------------------- ----------- ------------
    DRAM Frequency                  Ghz        13,78
    SM Frequency                    Ghz         2,51
    Elapsed Cycles                cycle      426.134
    Memory Throughput                 %        56,68
    DRAM Throughput                   %        43,49
    Duration                         us       169,63
    L1/TEX Cache Throughput           %        47,31
    L2 Cache Throughput               %        56,68
    SM Active Cycles              cycle   421.232,62
    Compute (SM) Throughput           %        74,01
    ----------------------- ----------- ------------

    OPT   Compute is more heavily utilized than Memory: Look at the Compute Workload Analysis section to see what the   
          compute pipelines are spending their time doing. Also, consider whether any computation is redundant and      
          could be reduced or moved to look-up tables.                                                                  

    Section: Launch Statistics
    -------------------------------- --------------- ---------------
    Metric Name                          Metric Unit    Metric Value
    -------------------------------- --------------- ---------------
    Block Size                                                   256
    Cluster Scheduling Policy                           PolicySpread
    Cluster Size                                                   0
    Function Cache Configuration                     CachePreferNone
    Grid Size                                                 16.384
    Preferred Cluster Size                                         0
    Registers Per Thread             register/thread              36
    Shared Memory Configuration Size           Kbyte          102,40
    Driver Shared Memory Per Block       Kbyte/block            1,02
    Dynamic Shared Memory Per Block       byte/block               0
    Static Shared Memory Per Block       Kbyte/block            4,61
    # SMs                                         SM              48
    Stack Size                                                 1.024
    Threads                                   thread       4.194.304
    # TPCs                                                        24
    Enabled TPC IDs                                              all
    Uses Green Context                                             0
    Waves Per SM                                               56,89
    -------------------------------- --------------- ---------------

    Section: Occupancy
    ------------------------------- ----------- ------------
    Metric Name                     Metric Unit Metric Value
    ------------------------------- ----------- ------------
    Max Active Clusters                 cluster            0
    Max Cluster Size                      block            8
    Overall GPU Occupancy                     %            0
    Cluster Occupancy                         %            0
    Block Limit Barriers                  block           24
    Block Limit SM                        block           24
    Block Limit Registers                 block            6
    Block Limit Shared Mem                block           18
    Block Limit Warps                     block            6
    Theoretical Active Warps per SM        warp           48
    Theoretical Occupancy                     %          100
    Achieved Occupancy                        %        91,20
    Achieved Active Warps Per SM           warp        43,78
    ------------------------------- ----------- ------------

    Section: GPU and Memory Workload Distribution
    -------------------------- ----------- ------------
    Metric Name                Metric Unit Metric Value
    -------------------------- ----------- ------------
    Average DRAM Active Cycles       cycle 1.016.970,67
    Total DRAM Elapsed Cycles        cycle   14.028.800
    Average L1 Active Cycles         cycle   421.232,62
    Total L1 Elapsed Cycles          cycle   20.449.662
    Average L2 Active Cycles         cycle      374.433
    Total L2 Elapsed Cycles          cycle    9.070.032
    Average SM Active Cycles         cycle   421.232,62
    Total SM Elapsed Cycles          cycle   20.449.662
    Average SMSP Active Cycles       cycle   421.044,77
    Total SMSP Elapsed Cycles        cycle   81.798.648
    -------------------------- ----------- ------------

  _jfa_pass_shared_memory_square_euclidean_kernel[v59,cw51cXTLSUwv1sDUaKthaKSjYKCpo4BIW7AwQwoOW3BI6ygAjbQFJT1g0KOlAiRhSIJDEkBNRDAJJE_2fZVqvDglrdSgFqvTpQEsgzrtUEAA_3d_3d](Array<int, 3, A, mutable, aligned>, Array<int, 3, A, mutable, aligned>, int, int) (128, 128, 1)x(16, 16, 1), Context 1, Stream 7, Device 0, CC 12.0
    Section: GPU Speed Of Light Throughput
    ----------------------- ----------- ------------
    Metric Name             Metric Unit Metric Value
    ----------------------- ----------- ------------
    DRAM Frequency                  Ghz        13,79
    SM Frequency                    Ghz         2,49
    Elapsed Cycles                cycle      433.334
    Memory Throughput                 %        55,54
    DRAM Throughput                   %        51,00
    Duration                         us       174,14
    L1/TEX Cache Throughput           %        47,09
    L2 Cache Throughput               %        55,54
    SM Active Cycles              cycle   425.242,69
    Compute (SM) Throughput           %        74,53
    ----------------------- ----------- ------------

    OPT   Compute is more heavily utilized than Memory: Look at the Compute Workload Analysis section to see what the   
          compute pipelines are spending their time doing. Also, consider whether any computation is redundant and      
          could be reduced or moved to look-up tables.                                                                  

    Section: Launch Statistics
    -------------------------------- --------------- ---------------
    Metric Name                          Metric Unit    Metric Value
    -------------------------------- --------------- ---------------
    Block Size                                                   256
    Cluster Scheduling Policy                           PolicySpread
    Cluster Size                                                   0
    Function Cache Configuration                     CachePreferNone
    Grid Size                                                 16.384
    Preferred Cluster Size                                         0
    Registers Per Thread             register/thread              36
    Shared Memory Configuration Size           Kbyte          102,40
    Driver Shared Memory Per Block       Kbyte/block            1,02
    Dynamic Shared Memory Per Block       byte/block               0
    Static Shared Memory Per Block       Kbyte/block            4,61
    # SMs                                         SM              48
    Stack Size                                                 1.024
    Threads                                   thread       4.194.304
    # TPCs                                                        24
    Enabled TPC IDs                                              all
    Uses Green Context                                             0
    Waves Per SM                                               56,89
    -------------------------------- --------------- ---------------

    Section: Occupancy
    ------------------------------- ----------- ------------
    Metric Name                     Metric Unit Metric Value
    ------------------------------- ----------- ------------
    Max Active Clusters                 cluster            0
    Max Cluster Size                      block            8
    Overall GPU Occupancy                     %            0
    Cluster Occupancy                         %            0
    Block Limit Barriers                  block           24
    Block Limit SM                        block           24
    Block Limit Registers                 block            6
    Block Limit Shared Mem                block           18
    Block Limit Warps                     block            6
    Theoretical Active Warps per SM        warp           48
    Theoretical Occupancy                     %          100
    Achieved Occupancy                        %        91,79
    Achieved Active Warps Per SM           warp        44,06
    ------------------------------- ----------- ------------

    Section: GPU and Memory Workload Distribution
    -------------------------- ----------- ------------
    Metric Name                Metric Unit Metric Value
    -------------------------- ----------- ------------
    Average DRAM Active Cycles       cycle 1.224.389,33
    Total DRAM Elapsed Cycles        cycle   14.404.608
    Average L1 Active Cycles         cycle   425.242,69
    Total L1 Elapsed Cycles          cycle   20.794.586
    Average L2 Active Cycles         cycle   379.580,96
    Total L2 Elapsed Cycles          cycle    9.287.976
    Average SM Active Cycles         cycle   425.242,69
    Total SM Elapsed Cycles          cycle   20.794.586
    Average SMSP Active Cycles       cycle   425.023,58
    Total SMSP Elapsed Cycles        cycle   83.178.344
    -------------------------- ----------- ------------

  _jfa_pass_shared_memory_square_euclidean_kernel[v59,cw51cXTLSUwv1sDUaKthaKSjYKCpo4BIW7AwQwoOW3BI6ygAjbQFJT1g0KOlAiRhSIJDEkBNRDAJJE_2fZVqvDglrdSgFqvTpQEsgzrtUEAA_3d_3d](Array<int, 3, A, mutable, aligned>, Array<int, 3, A, mutable, aligned>, int, int) (128, 128, 1)x(16, 16, 1), Context 1, Stream 7, Device 0, CC 12.0
    Section: GPU Speed Of Light Throughput
    ----------------------- ----------- ------------
    Metric Name             Metric Unit Metric Value
    ----------------------- ----------- ------------
    DRAM Frequency                  Ghz        13,79
    SM Frequency                    Ghz         2,49
    Elapsed Cycles                cycle      430.947
    Memory Throughput                 %        42,56
    DRAM Throughput                   %        42,56
    Duration                         us       173,18
    L1/TEX Cache Throughput           %        36,03
    L2 Cache Throughput               %        42,18
    SM Active Cycles              cycle   425.858,40
    Compute (SM) Throughput           %        75,41
    ----------------------- ----------- ------------

    OPT   Compute is more heavily utilized than Memory: Look at the Compute Workload Analysis section to see what the   
          compute pipelines are spending their time doing. Also, consider whether any computation is redundant and      
          could be reduced or moved to look-up tables.                                                                  

    Section: Launch Statistics
    -------------------------------- --------------- ---------------
    Metric Name                          Metric Unit    Metric Value
    -------------------------------- --------------- ---------------
    Block Size                                                   256
    Cluster Scheduling Policy                           PolicySpread
    Cluster Size                                                   0
    Function Cache Configuration                     CachePreferNone
    Grid Size                                                 16.384
    Preferred Cluster Size                                         0
    Registers Per Thread             register/thread              36
    Shared Memory Configuration Size           Kbyte          102,40
    Driver Shared Memory Per Block       Kbyte/block            1,02
    Dynamic Shared Memory Per Block       byte/block               0
    Static Shared Memory Per Block       Kbyte/block            4,61
    # SMs                                         SM              48
    Stack Size                                                 1.024
    Threads                                   thread       4.194.304
    # TPCs                                                        24
    Enabled TPC IDs                                              all
    Uses Green Context                                             0
    Waves Per SM                                               56,89
    -------------------------------- --------------- ---------------

    Section: Occupancy
    ------------------------------- ----------- ------------
    Metric Name                     Metric Unit Metric Value
    ------------------------------- ----------- ------------
    Max Active Clusters                 cluster            0
    Max Cluster Size                      block            8
    Overall GPU Occupancy                     %            0
    Cluster Occupancy                         %            0
    Block Limit Barriers                  block           24
    Block Limit SM                        block           24
    Block Limit Registers                 block            6
    Block Limit Shared Mem                block           18
    Block Limit Warps                     block            6
    Theoretical Active Warps per SM        warp           48
    Theoretical Occupancy                     %          100
    Achieved Occupancy                        %        90,25
    Achieved Active Warps Per SM           warp        43,32
    ------------------------------- ----------- ------------

    Section: GPU and Memory Workload Distribution
    -------------------------- ----------- ------------
    Metric Name                Metric Unit Metric Value
    -------------------------- ----------- ------------
    Average DRAM Active Cycles       cycle    1.016.304
    Total DRAM Elapsed Cycles        cycle   14.326.784
    Average L1 Active Cycles         cycle   425.858,40
    Total L1 Elapsed Cycles          cycle   20.680.186
    Average L2 Active Cycles         cycle   380.290,92
    Total L2 Elapsed Cycles          cycle    9.246.816
    Average SM Active Cycles         cycle   425.858,40
    Total SM Elapsed Cycles          cycle   20.680.186
    Average SMSP Active Cycles       cycle   425.509,66
    Total SMSP Elapsed Cycles        cycle   82.720.744
    -------------------------- ----------- ------------

  _jfa_pass_shared_memory_square_euclidean_kernel[v59,cw51cXTLSUwv1sDUaKthaKSjYKCpo4BIW7AwQwoOW3BI6ygAjbQFJT1g0KOlAiRhSIJDEkBNRDAJJE_2fZVqvDglrdSgFqvTpQEsgzrtUEAA_3d_3d](Array<int, 3, A, mutable, aligned>, Array<int, 3, A, mutable, aligned>, int, int) (128, 128, 1)x(16, 16, 1), Context 1, Stream 7, Device 0, CC 12.0
    Section: GPU Speed Of Light Throughput
    ----------------------- ----------- ------------
    Metric Name             Metric Unit Metric Value
    ----------------------- ----------- ------------
    DRAM Frequency                  Ghz        13,78
    SM Frequency                    Ghz         2,52
    Elapsed Cycles                cycle      505.734
    Memory Throughput                 %        38,77
    DRAM Throughput                   %        38,77
    Duration                         us       200,48
    L1/TEX Cache Throughput           %        26,74
    L2 Cache Throughput               %        20,88
    SM Active Cycles              cycle   501.294,69
    Compute (SM) Throughput           %        80,06
    ----------------------- ----------- ------------

    INF   This workload is utilizing greater than 80.0% of the available compute or memory performance of this device.  
          To further improve performance, work will likely need to be shifted from the most utilized to another unit.   
          Start by analyzing workloads in the Compute Workload Analysis section.                                        

    Section: Launch Statistics
    -------------------------------- --------------- ---------------
    Metric Name                          Metric Unit    Metric Value
    -------------------------------- --------------- ---------------
    Block Size                                                   256
    Cluster Scheduling Policy                           PolicySpread
    Cluster Size                                                   0
    Function Cache Configuration                     CachePreferNone
    Grid Size                                                 16.384
    Preferred Cluster Size                                         0
    Registers Per Thread             register/thread              36
    Shared Memory Configuration Size           Kbyte          102,40
    Driver Shared Memory Per Block       Kbyte/block            1,02
    Dynamic Shared Memory Per Block       byte/block               0
    Static Shared Memory Per Block       Kbyte/block            4,61
    # SMs                                         SM              48
    Stack Size                                                 1.024
    Threads                                   thread       4.194.304
    # TPCs                                                        24
    Enabled TPC IDs                                              all
    Uses Green Context                                             0
    Waves Per SM                                               56,89
    -------------------------------- --------------- ---------------

    Section: Occupancy
    ------------------------------- ----------- ------------
    Metric Name                     Metric Unit Metric Value
    ------------------------------- ----------- ------------
    Max Active Clusters                 cluster            0
    Max Cluster Size                      block            8
    Overall GPU Occupancy                     %            0
    Cluster Occupancy                         %            0
    Block Limit Barriers                  block           24
    Block Limit SM                        block           24
    Block Limit Registers                 block            6
    Block Limit Shared Mem                block           18
    Block Limit Warps                     block            6
    Theoretical Active Warps per SM        warp           48
    Theoretical Occupancy                     %          100
    Achieved Occupancy                        %        95,40
    Achieved Active Warps Per SM           warp        45,79
    ------------------------------- ----------- ------------

    Section: GPU and Memory Workload Distribution
    -------------------------- ----------- ------------
    Metric Name                Metric Unit Metric Value
    -------------------------- ----------- ------------
    Average DRAM Active Cycles       cycle 1.071.402,67
    Total DRAM Elapsed Cycles        cycle   16.580.608
    Average L1 Active Cycles         cycle   501.294,69
    Total L1 Elapsed Cycles          cycle   24.270.108
    Average L2 Active Cycles         cycle   443.408,33
    Total L2 Elapsed Cycles          cycle   10.730.256
    Average SM Active Cycles         cycle   501.294,69
    Total SM Elapsed Cycles          cycle   24.270.108
    Average SMSP Active Cycles       cycle   501.224,31
    Total SMSP Elapsed Cycles        cycle   97.080.432
    -------------------------- ----------- ------------

  _jfa_pass_shared_memory_square_euclidean_kernel[v59,cw51cXTLSUwv1sDUaKthaKSjYKCpo4BIW7AwQwoOW3BI6ygAjbQFJT1g0KOlAiRhSIJDEkBNRDAJJE_2fZVqvDglrdSgFqvTpQEsgzrtUEAA_3d_3d](Array<int, 3, A, mutable, aligned>, Array<int, 3, A, mutable, aligned>, int, int) (128, 128, 1)x(16, 16, 1), Context 1, Stream 7, Device 0, CC 12.0
    Section: GPU Speed Of Light Throughput
    ----------------------- ----------- ------------
    Metric Name             Metric Unit Metric Value
    ----------------------- ----------- ------------
    DRAM Frequency                  Ghz        13,79
    SM Frequency                    Ghz         2,52
    Elapsed Cycles                cycle      471.554
    Memory Throughput                 %        47,24
    DRAM Throughput                   %        47,24
    Duration                         us       187,26
    L1/TEX Cache Throughput           %        27,38
    L2 Cache Throughput               %        20,52
    SM Active Cycles              cycle   460.545,65
    Compute (SM) Throughput           %        78,29
    ----------------------- ----------- ------------

    OPT   Compute is more heavily utilized than Memory: Look at the Compute Workload Analysis section to see what the   
          compute pipelines are spending their time doing. Also, consider whether any computation is redundant and      
          could be reduced or moved to look-up tables.                                                                  

    Section: Launch Statistics
    -------------------------------- --------------- ---------------
    Metric Name                          Metric Unit    Metric Value
    -------------------------------- --------------- ---------------
    Block Size                                                   256
    Cluster Scheduling Policy                           PolicySpread
    Cluster Size                                                   0
    Function Cache Configuration                     CachePreferNone
    Grid Size                                                 16.384
    Preferred Cluster Size                                         0
    Registers Per Thread             register/thread              36
    Shared Memory Configuration Size           Kbyte          102,40
    Driver Shared Memory Per Block       Kbyte/block            1,02
    Dynamic Shared Memory Per Block       byte/block               0
    Static Shared Memory Per Block       Kbyte/block            4,61
    # SMs                                         SM              48
    Stack Size                                                 1.024
    Threads                                   thread       4.194.304
    # TPCs                                                        24
    Enabled TPC IDs                                              all
    Uses Green Context                                             0
    Waves Per SM                                               56,89
    -------------------------------- --------------- ---------------

    Section: Occupancy
    ------------------------------- ----------- ------------
    Metric Name                     Metric Unit Metric Value
    ------------------------------- ----------- ------------
    Max Active Clusters                 cluster            0
    Max Cluster Size                      block            8
    Overall GPU Occupancy                     %            0
    Cluster Occupancy                         %            0
    Block Limit Barriers                  block           24
    Block Limit SM                        block           24
    Block Limit Registers                 block            6
    Block Limit Shared Mem                block           18
    Block Limit Warps                     block            6
    Theoretical Active Warps per SM        warp           48
    Theoretical Occupancy                     %          100
    Achieved Occupancy                        %        94,90
    Achieved Active Warps Per SM           warp        45,55
    ------------------------------- ----------- ------------

    Section: GPU and Memory Workload Distribution
    -------------------------- ----------- ------------
    Metric Name                Metric Unit Metric Value
    -------------------------- ----------- ------------
    Average DRAM Active Cycles       cycle 1.219.738,67
    Total DRAM Elapsed Cycles        cycle   15.491.072
    Average L1 Active Cycles         cycle   460.545,65
    Total L1 Elapsed Cycles          cycle   22.629.522
    Average L2 Active Cycles         cycle   407.556,79
    Total L2 Elapsed Cycles          cycle   10.023.240
    Average SM Active Cycles         cycle   460.545,65
    Total SM Elapsed Cycles          cycle   22.629.522
    Average SMSP Active Cycles       cycle   460.497,32
    Total SMSP Elapsed Cycles        cycle   90.518.088
    -------------------------- ----------- ------------

  _jfa_pass_shared_memory_square_euclidean_kernel[v59,cw51cXTLSUwv1sDUaKthaKSjYKCpo4BIW7AwQwoOW3BI6ygAjbQFJT1g0KOlAiRhSIJDEkBNRDAJJE_2fZVqvDglrdSgFqvTpQEsgzrtUEAA_3d_3d](Array<int, 3, A, mutable, aligned>, Array<int, 3, A, mutable, aligned>, int, int) (128, 128, 1)x(16, 16, 1), Context 1, Stream 7, Device 0, CC 12.0
    Section: GPU Speed Of Light Throughput
    ----------------------- ----------- ------------
    Metric Name             Metric Unit Metric Value
    ----------------------- ----------- ------------
    DRAM Frequency                  Ghz        13,78
    SM Frequency                    Ghz         2,53
    Elapsed Cycles                cycle      453.907
    Memory Throughput                 %        41,03
    DRAM Throughput                   %        41,03
    Duration                         us       179,68
    L1/TEX Cache Throughput           %        26,24
    L2 Cache Throughput               %        20,98
    SM Active Cycles              cycle   454.885,33
    Compute (SM) Throughput           %        78,16
    ----------------------- ----------- ------------

    OPT   Compute is more heavily utilized than Memory: Look at the Compute Workload Analysis section to see what the   
          compute pipelines are spending their time doing. Also, consider whether any computation is redundant and      
          could be reduced or moved to look-up tables.                                                                  

    Section: Launch Statistics
    -------------------------------- --------------- ---------------
    Metric Name                          Metric Unit    Metric Value
    -------------------------------- --------------- ---------------
    Block Size                                                   256
    Cluster Scheduling Policy                           PolicySpread
    Cluster Size                                                   0
    Function Cache Configuration                     CachePreferNone
    Grid Size                                                 16.384
    Preferred Cluster Size                                         0
    Registers Per Thread             register/thread              36
    Shared Memory Configuration Size           Kbyte          102,40
    Driver Shared Memory Per Block       Kbyte/block            1,02
    Dynamic Shared Memory Per Block       byte/block               0
    Static Shared Memory Per Block       Kbyte/block            4,61
    # SMs                                         SM              48
    Stack Size                                                 1.024
    Threads                                   thread       4.194.304
    # TPCs                                                        24
    Enabled TPC IDs                                              all
    Uses Green Context                                             0
    Waves Per SM                                               56,89
    -------------------------------- --------------- ---------------

    Section: Occupancy
    ------------------------------- ----------- ------------
    Metric Name                     Metric Unit Metric Value
    ------------------------------- ----------- ------------
    Max Active Clusters                 cluster            0
    Max Cluster Size                      block            8
    Overall GPU Occupancy                     %            0
    Cluster Occupancy                         %            0
    Block Limit Barriers                  block           24
    Block Limit SM                        block           24
    Block Limit Registers                 block            6
    Block Limit Shared Mem                block           18
    Block Limit Warps                     block            6
    Theoretical Active Warps per SM        warp           48
    Theoretical Occupancy                     %          100
    Achieved Occupancy                        %        94,84
    Achieved Active Warps Per SM           warp        45,52
    ------------------------------- ----------- ------------

    Section: GPU and Memory Workload Distribution
    -------------------------- ----------- ------------
    Metric Name                Metric Unit Metric Value
    -------------------------- ----------- ------------
    Average DRAM Active Cycles       cycle 1.016.170,67
    Total DRAM Elapsed Cycles        cycle   14.861.312
    Average L1 Active Cycles         cycle   454.885,33
    Total L1 Elapsed Cycles          cycle   21.781.368
    Average L2 Active Cycles         cycle   394.312,46
    Total L2 Elapsed Cycles          cycle    9.610.968
    Average SM Active Cycles         cycle   454.885,33
    Total SM Elapsed Cycles          cycle   21.781.368
    Average SMSP Active Cycles       cycle   454.831,58
    Total SMSP Elapsed Cycles        cycle   87.125.472
    -------------------------- ----------- ------------

