==PROF== Connected to process 13409 (/usr/bin/python3.12)
==PROF== Profiling "_jfa_pass_naive_square_euclid..." - 0: 0%....50%....100% - 9 passes
==PROF== Profiling "_jfa_pass_naive_square_euclid..." - 1: 0%....50%....100% - 9 passes
==PROF== Profiling "_jfa_pass_naive_square_euclid..." - 2: 0%....50%....100% - 9 passes
==PROF== Profiling "_jfa_pass_naive_square_euclid..." - 3: 0%....50%....100% - 9 passes
==PROF== Profiling "_jfa_pass_naive_square_euclid..." - 4: 0%....50%....100% - 9 passes
==PROF== Profiling "_jfa_pass_naive_square_euclid..." - 5: 0%....50%....100% - 9 passes
==PROF== Profiling "_jfa_pass_naive_square_euclid..." - 6: 0%....50%....100% - 9 passes
==PROF== Profiling "_jfa_pass_naive_square_euclid..." - 7: 0%....50%....100% - 9 passes
==PROF== Profiling "_jfa_pass_naive_square_euclid..." - 8: 0%....50%....100% - 9 passes
==PROF== Profiling "_jfa_pass_naive_square_euclid..." - 9: 0%....50%....100% - 9 passes
==PROF== Profiling "_jfa_pass_naive_square_euclid..." - 10: 0%....50%....100% - 9 passes
==PROF== Disconnected from process 13409
[13409] python3.12@127.0.0.1
  _jfa_pass_square_euclidean_kernel[v54,cw51cXTLSUwv1sDUaKthaKSjYKCpo4BIW7AwQwoOW3BI6ygAjbQFJT1g0KOlAiRhSIJDEkBNRDAJJE_2fZVqvDglrdSgFqvTpQEsgzrtUEAA_3d_3d](Array<int, 3, A, mutable, aligned>, Array<int, 3, A, mutable, aligned>, int, int) (128, 128, 1)x(16, 16, 1), Context 1, Stream 7, Device 0, CC 12.0
    Section: GPU Speed Of Light Throughput
    ----------------------- ----------- ------------
    Metric Name             Metric Unit Metric Value
    ----------------------- ----------- ------------
    DRAM Frequency                  Ghz        13,78
    SM Frequency                    Ghz         2,54
    Elapsed Cycles                cycle      401.878
    Memory Throughput                 %        81,08
    DRAM Throughput                   %        81,08
    Duration                         us       158,34
    L1/TEX Cache Throughput           %        23,00
    L2 Cache Throughput               %        30,82
    SM Active Cycles              cycle   377.114,90
    Compute (SM) Throughput           %        30,42
    ----------------------- ----------- ------------

    INF   This workload is utilizing greater than 80.0% of the available compute or memory performance of this device.
          To further improve performance, work will likely need to be shifted from the most utilized to another unit.
          Start by analyzing DRAM in the Memory Workload Analysis section.

    Section: Launch Statistics
    -------------------------------- --------------- ---------------
    Metric Name                          Metric Unit    Metric Value
    -------------------------------- --------------- ---------------
    Block Size                                                   256
    Cluster Scheduling Policy                           PolicySpread
    Cluster Size                                                   0
    Function Cache Configuration                     CachePreferNone
    Grid Size                                                 16.384
    Preferred Cluster Size                                         0
    Registers Per Thread             register/thread              32
    Shared Memory Configuration Size           Kbyte           16,38
    Driver Shared Memory Per Block       Kbyte/block            1,02
    Dynamic Shared Memory Per Block       byte/block               0
    Static Shared Memory Per Block        byte/block               0
    # SMs                                         SM              48
    Stack Size                                                 1.024
    Threads                                   thread       4.194.304
    # TPCs                                                        24
    Enabled TPC IDs                                              all
    Uses Green Context                                             0
    Waves Per SM                                               56,89
    -------------------------------- --------------- ---------------

    Section: Occupancy
    ------------------------------- ----------- ------------
    Metric Name                     Metric Unit Metric Value
    ------------------------------- ----------- ------------
    Max Active Clusters                 cluster            0
    Max Cluster Size                      block            8
    Overall GPU Occupancy                     %            0
    Cluster Occupancy                         %            0
    Block Limit Barriers                  block           24
    Block Limit SM                        block           24
    Block Limit Registers                 block            8
    Block Limit Shared Mem                block           16
    Block Limit Warps                     block            6
    Theoretical Active Warps per SM        warp           48
    Theoretical Occupancy                     %          100
    Achieved Occupancy                        %        81,57
    Achieved Active Warps Per SM           warp        39,15
    ------------------------------- ----------- ------------

    OPT   Est. Local Speedup: 18.43%
          The difference between calculated theoretical (100.0%) and measured achieved occupancy (81.6%) can be the
          result of warp scheduling overheads or workload imbalances during the kernel execution. Load imbalances can
          occur between warps within a block as well as across blocks of the same kernel. See the CUDA Best Practices
          Guide (https://docs.nvidia.com/cuda/cuda-c-best-practices-guide/index.html#occupancy) for more details on
          optimizing occupancy.

    Section: GPU and Memory Workload Distribution
    -------------------------- ----------- ------------
    Metric Name                Metric Unit Metric Value
    -------------------------- ----------- ------------
    Average DRAM Active Cycles       cycle 1.769.461,33
    Total DRAM Elapsed Cycles        cycle   13.094.912
    Average L1 Active Cycles         cycle   377.114,90
    Total L1 Elapsed Cycles          cycle   19.281.800
    Average L2 Active Cycles         cycle   342.783,62
    Total L2 Elapsed Cycles          cycle    8.482.368
    Average SM Active Cycles         cycle   377.114,90
    Total SM Elapsed Cycles          cycle   19.281.800
    Average SMSP Active Cycles       cycle   376.582,20
    Total SMSP Elapsed Cycles        cycle   77.127.200
    -------------------------- ----------- ------------

  _jfa_pass_square_euclidean_kernel[v54,cw51cXTLSUwv1sDUaKthaKSjYKCpo4BIW7AwQwoOW3BI6ygAjbQFJT1g0KOlAiRhSIJDEkBNRDAJJE_2fZVqvDglrdSgFqvTpQEsgzrtUEAA_3d_3d](Array<int, 3, A, mutable, aligned>, Array<int, 3, A, mutable, aligned>, int, int) (128, 128, 1)x(16, 16, 1), Context 1, Stream 7, Device 0, CC 12.0
    Section: GPU Speed Of Light Throughput
    ----------------------- ----------- ------------
    Metric Name             Metric Unit Metric Value
    ----------------------- ----------- ------------
    DRAM Frequency                  Ghz        13,79
    SM Frequency                    Ghz         2,53
    Elapsed Cycles                cycle      356.938
    Memory Throughput                 %        70,40
    DRAM Throughput                   %        70,40
    Duration                         us       140,83
    L1/TEX Cache Throughput           %        46,73
    L2 Cache Throughput               %        49,99
    SM Active Cycles              cycle   288.528,77
    Compute (SM) Throughput           %        44,48
    ----------------------- ----------- ------------

    OPT   Memory is more heavily utilized than Compute: Look at the Memory Workload Analysis section to identify the
          DRAM bottleneck. Check memory replay (coalescing) metrics to make sure you're efficiently utilizing the
          bytes transferred. Also consider whether it is possible to do more work per memory access (kernel fusion) or
          whether there are values you can (re)compute.

    Section: Launch Statistics
    -------------------------------- --------------- ---------------
    Metric Name                          Metric Unit    Metric Value
    -------------------------------- --------------- ---------------
    Block Size                                                   256
    Cluster Scheduling Policy                           PolicySpread
    Cluster Size                                                   0
    Function Cache Configuration                     CachePreferNone
    Grid Size                                                 16.384
    Preferred Cluster Size                                         0
    Registers Per Thread             register/thread              32
    Shared Memory Configuration Size           Kbyte           16,38
    Driver Shared Memory Per Block       Kbyte/block            1,02
    Dynamic Shared Memory Per Block       byte/block               0
    Static Shared Memory Per Block        byte/block               0
    # SMs                                         SM              48
    Stack Size                                                 1.024
    Threads                                   thread       4.194.304
    # TPCs                                                        24
    Enabled TPC IDs                                              all
    Uses Green Context                                             0
    Waves Per SM                                               56,89
    -------------------------------- --------------- ---------------

    Section: Occupancy
    ------------------------------- ----------- ------------
    Metric Name                     Metric Unit Metric Value
    ------------------------------- ----------- ------------
    Max Active Clusters                 cluster            0
    Max Cluster Size                      block            8
    Overall GPU Occupancy                     %            0
    Cluster Occupancy                         %            0
    Block Limit Barriers                  block           24
    Block Limit SM                        block           24
    Block Limit Registers                 block            8
    Block Limit Shared Mem                block           16
    Block Limit Warps                     block            6
    Theoretical Active Warps per SM        warp           48
    Theoretical Occupancy                     %          100
    Achieved Occupancy                        %        87,82
    Achieved Active Warps Per SM           warp        42,16
    ------------------------------- ----------- ------------

    OPT   Est. Local Speedup: 12.18%
          The difference between calculated theoretical (100.0%) and measured achieved occupancy (87.8%) can be the
          result of warp scheduling overheads or workload imbalances during the kernel execution. Load imbalances can
          occur between warps within a block as well as across blocks of the same kernel. See the CUDA Best Practices
          Guide (https://docs.nvidia.com/cuda/cuda-c-best-practices-guide/index.html#occupancy) for more details on
          optimizing occupancy.

    Section: GPU and Memory Workload Distribution
    -------------------------- ----------- ------------
    Metric Name                Metric Unit Metric Value
    -------------------------- ----------- ------------
    Average DRAM Active Cycles       cycle 1.366.869,33
    Total DRAM Elapsed Cycles        cycle   11.649.024
    Average L1 Active Cycles         cycle   288.528,77
    Total L1 Elapsed Cycles          cycle   17.124.252
    Average L2 Active Cycles         cycle   284.063,75
    Total L2 Elapsed Cycles          cycle    7.538.640
    Average SM Active Cycles         cycle   288.528,77
    Total SM Elapsed Cycles          cycle   17.124.252
    Average SMSP Active Cycles       cycle   288.414,19
    Total SMSP Elapsed Cycles        cycle   68.497.008
    -------------------------- ----------- ------------

  _jfa_pass_square_euclidean_kernel[v54,cw51cXTLSUwv1sDUaKthaKSjYKCpo4BIW7AwQwoOW3BI6ygAjbQFJT1g0KOlAiRhSIJDEkBNRDAJJE_2fZVqvDglrdSgFqvTpQEsgzrtUEAA_3d_3d](Array<int, 3, A, mutable, aligned>, Array<int, 3, A, mutable, aligned>, int, int) (128, 128, 1)x(16, 16, 1), Context 1, Stream 7, Device 0, CC 12.0
    Section: GPU Speed Of Light Throughput
    ----------------------- ----------- ------------
    Metric Name             Metric Unit Metric Value
    ----------------------- ----------- ------------
    DRAM Frequency                  Ghz        13,78
    SM Frequency                    Ghz         2,51
    Elapsed Cycles                cycle      349.038
    Memory Throughput                 %        72,77
    DRAM Throughput                   %        72,77
    Duration                         us       138,75
    L1/TEX Cache Throughput           %        52,19
    L2 Cache Throughput               %        59,93
    SM Active Cycles              cycle   312.702,10
    Compute (SM) Throughput           %        51,54
    ----------------------- ----------- ------------

    OPT   Memory is more heavily utilized than Compute: Look at the Memory Workload Analysis section to identify the
          DRAM bottleneck. Check memory replay (coalescing) metrics to make sure you're efficiently utilizing the
          bytes transferred. Also consider whether it is possible to do more work per memory access (kernel fusion) or
          whether there are values you can (re)compute.

    Section: Launch Statistics
    -------------------------------- --------------- ---------------
    Metric Name                          Metric Unit    Metric Value
    -------------------------------- --------------- ---------------
    Block Size                                                   256
    Cluster Scheduling Policy                           PolicySpread
    Cluster Size                                                   0
    Function Cache Configuration                     CachePreferNone
    Grid Size                                                 16.384
    Preferred Cluster Size                                         0
    Registers Per Thread             register/thread              32
    Shared Memory Configuration Size           Kbyte           16,38
    Driver Shared Memory Per Block       Kbyte/block            1,02
    Dynamic Shared Memory Per Block       byte/block               0
    Static Shared Memory Per Block        byte/block               0
    # SMs                                         SM              48
    Stack Size                                                 1.024
    Threads                                   thread       4.194.304
    # TPCs                                                        24
    Enabled TPC IDs                                              all
    Uses Green Context                                             0
    Waves Per SM                                               56,89
    -------------------------------- --------------- ---------------

    Section: Occupancy
    ------------------------------- ----------- ------------
    Metric Name                     Metric Unit Metric Value
    ------------------------------- ----------- ------------
    Max Active Clusters                 cluster            0
    Max Cluster Size                      block            8
    Overall GPU Occupancy                     %            0
    Cluster Occupancy                         %            0
    Block Limit Barriers                  block           24
    Block Limit SM                        block           24
    Block Limit Registers                 block            8
    Block Limit Shared Mem                block           16
    Block Limit Warps                     block            6
    Theoretical Active Warps per SM        warp           48
    Theoretical Occupancy                     %          100
    Achieved Occupancy                        %        89,14
    Achieved Active Warps Per SM           warp        42,79
    ------------------------------- ----------- ------------

    OPT   Est. Local Speedup: 10.86%
          The difference between calculated theoretical (100.0%) and measured achieved occupancy (89.1%) can be the
          result of warp scheduling overheads or workload imbalances during the kernel execution. Load imbalances can
          occur between warps within a block as well as across blocks of the same kernel. See the CUDA Best Practices
          Guide (https://docs.nvidia.com/cuda/cuda-c-best-practices-guide/index.html#occupancy) for more details on
          optimizing occupancy.

    Section: GPU and Memory Workload Distribution
    -------------------------- ----------- ------------
    Metric Name                Metric Unit Metric Value
    -------------------------- ----------- ------------
    Average DRAM Active Cycles       cycle 1.391.525,33
    Total DRAM Elapsed Cycles        cycle   11.472.896
    Average L1 Active Cycles         cycle   312.702,10
    Total L1 Elapsed Cycles          cycle   16.748.844
    Average L2 Active Cycles         cycle   305.471,17
    Total L2 Elapsed Cycles          cycle    7.430.544
    Average SM Active Cycles         cycle   312.702,10
    Total SM Elapsed Cycles          cycle   16.748.844
    Average SMSP Active Cycles       cycle   312.546,49
    Total SMSP Elapsed Cycles        cycle   66.995.376
    -------------------------- ----------- ------------

  _jfa_pass_square_euclidean_kernel[v54,cw51cXTLSUwv1sDUaKthaKSjYKCpo4BIW7AwQwoOW3BI6ygAjbQFJT1g0KOlAiRhSIJDEkBNRDAJJE_2fZVqvDglrdSgFqvTpQEsgzrtUEAA_3d_3d](Array<int, 3, A, mutable, aligned>, Array<int, 3, A, mutable, aligned>, int, int) (128, 128, 1)x(16, 16, 1), Context 1, Stream 7, Device 0, CC 12.0
    Section: GPU Speed Of Light Throughput
    ----------------------- ----------- ------------
    Metric Name             Metric Unit Metric Value
    ----------------------- ----------- ------------
    DRAM Frequency                  Ghz        13,78
    SM Frequency                    Ghz         2,51
    Elapsed Cycles                cycle      350.683
    Memory Throughput                 %        70,57
    DRAM Throughput                   %        70,57
    Duration                         us       139,78
    L1/TEX Cache Throughput           %        55,06
    L2 Cache Throughput               %        64,56
    SM Active Cycles              cycle   325.101,96
    Compute (SM) Throughput           %        54,47
    ----------------------- ----------- ------------

    OPT   Memory is more heavily utilized than Compute: Look at the Memory Workload Analysis section to identify the
          DRAM bottleneck. Check memory replay (coalescing) metrics to make sure you're efficiently utilizing the
          bytes transferred. Also consider whether it is possible to do more work per memory access (kernel fusion) or
          whether there are values you can (re)compute.

    Section: Launch Statistics
    -------------------------------- --------------- ---------------
    Metric Name                          Metric Unit    Metric Value
    -------------------------------- --------------- ---------------
    Block Size                                                   256
    Cluster Scheduling Policy                           PolicySpread
    Cluster Size                                                   0
    Function Cache Configuration                     CachePreferNone
    Grid Size                                                 16.384
    Preferred Cluster Size                                         0
    Registers Per Thread             register/thread              32
    Shared Memory Configuration Size           Kbyte           16,38
    Driver Shared Memory Per Block       Kbyte/block            1,02
    Dynamic Shared Memory Per Block       byte/block               0
    Static Shared Memory Per Block        byte/block               0
    # SMs                                         SM              48
    Stack Size                                                 1.024
    Threads                                   thread       4.194.304
    # TPCs                                                        24
    Enabled TPC IDs                                              all
    Uses Green Context                                             0
    Waves Per SM                                               56,89
    -------------------------------- --------------- ---------------

    Section: Occupancy
    ------------------------------- ----------- ------------
    Metric Name                     Metric Unit Metric Value
    ------------------------------- ----------- ------------
    Max Active Clusters                 cluster            0
    Max Cluster Size                      block            8
    Overall GPU Occupancy                     %            0
    Cluster Occupancy                         %            0
    Block Limit Barriers                  block           24
    Block Limit SM                        block           24
    Block Limit Registers                 block            8
    Block Limit Shared Mem                block           16
    Block Limit Warps                     block            6
    Theoretical Active Warps per SM        warp           48
    Theoretical Occupancy                     %          100
    Achieved Occupancy                        %        89,62
    Achieved Active Warps Per SM           warp        43,02
    ------------------------------- ----------- ------------

    OPT   Est. Local Speedup: 10.38%
          The difference between calculated theoretical (100.0%) and measured achieved occupancy (89.6%) can be the
          result of warp scheduling overheads or workload imbalances during the kernel execution. Load imbalances can
          occur between warps within a block as well as across blocks of the same kernel. See the CUDA Best Practices
          Guide (https://docs.nvidia.com/cuda/cuda-c-best-practices-guide/index.html#occupancy) for more details on
          optimizing occupancy.

    Section: GPU and Memory Workload Distribution
    -------------------------- ----------- ------------
    Metric Name                Metric Unit Metric Value
    -------------------------- ----------- ------------
    Average DRAM Active Cycles       cycle 1.359.573,33
    Total DRAM Elapsed Cycles        cycle   11.559.936
    Average L1 Active Cycles         cycle   325.101,96
    Total L1 Elapsed Cycles          cycle   16.825.962
    Average L2 Active Cycles         cycle   287.751,58
    Total L2 Elapsed Cycles          cycle    7.479.384
    Average SM Active Cycles         cycle   325.101,96
    Total SM Elapsed Cycles          cycle   16.825.962
    Average SMSP Active Cycles       cycle   324.943,80
    Total SMSP Elapsed Cycles        cycle   67.303.848
    -------------------------- ----------- ------------

  _jfa_pass_square_euclidean_kernel[v54,cw51cXTLSUwv1sDUaKthaKSjYKCpo4BIW7AwQwoOW3BI6ygAjbQFJT1g0KOlAiRhSIJDEkBNRDAJJE_2fZVqvDglrdSgFqvTpQEsgzrtUEAA_3d_3d](Array<int, 3, A, mutable, aligned>, Array<int, 3, A, mutable, aligned>, int, int) (128, 128, 1)x(16, 16, 1), Context 1, Stream 7, Device 0, CC 12.0
    Section: GPU Speed Of Light Throughput
    ----------------------- ----------- ------------
    Metric Name             Metric Unit Metric Value
    ----------------------- ----------- ------------
    DRAM Frequency                  Ghz        13,79
    SM Frequency                    Ghz         2,50
    Elapsed Cycles                cycle      350.880
    Memory Throughput                 %        68,94
    DRAM Throughput                   %        68,94
    Duration                         us       140,13
    L1/TEX Cache Throughput           %        53,38
    L2 Cache Throughput               %        66,95
    SM Active Cycles              cycle   349.287,81
    Compute (SM) Throughput           %        56,20
    ----------------------- ----------- ------------

    OPT   Memory is more heavily utilized than Compute: Look at the Memory Workload Analysis section to identify the
          DRAM bottleneck. Check memory replay (coalescing) metrics to make sure you're efficiently utilizing the
          bytes transferred. Also consider whether it is possible to do more work per memory access (kernel fusion) or
          whether there are values you can (re)compute.

    Section: Launch Statistics
    -------------------------------- --------------- ---------------
    Metric Name                          Metric Unit    Metric Value
    -------------------------------- --------------- ---------------
    Block Size                                                   256
    Cluster Scheduling Policy                           PolicySpread
    Cluster Size                                                   0
    Function Cache Configuration                     CachePreferNone
    Grid Size                                                 16.384
    Preferred Cluster Size                                         0
    Registers Per Thread             register/thread              32
    Shared Memory Configuration Size           Kbyte           16,38
    Driver Shared Memory Per Block       Kbyte/block            1,02
    Dynamic Shared Memory Per Block       byte/block               0
    Static Shared Memory Per Block        byte/block               0
    # SMs                                         SM              48
    Stack Size                                                 1.024
    Threads                                   thread       4.194.304
    # TPCs                                                        24
    Enabled TPC IDs                                              all
    Uses Green Context                                             0
    Waves Per SM                                               56,89
    -------------------------------- --------------- ---------------

    Section: Occupancy
    ------------------------------- ----------- ------------
    Metric Name                     Metric Unit Metric Value
    ------------------------------- ----------- ------------
    Max Active Clusters                 cluster            0
    Max Cluster Size                      block            8
    Overall GPU Occupancy                     %            0
    Cluster Occupancy                         %            0
    Block Limit Barriers                  block           24
    Block Limit SM                        block           24
    Block Limit Registers                 block            8
    Block Limit Shared Mem                block           16
    Block Limit Warps                     block            6
    Theoretical Active Warps per SM        warp           48
    Theoretical Occupancy                     %          100
    Achieved Occupancy                        %        89,07
    Achieved Active Warps Per SM           warp        42,75
    ------------------------------- ----------- ------------

    OPT   Est. Local Speedup: 10.93%
          The difference between calculated theoretical (100.0%) and measured achieved occupancy (89.1%) can be the
          result of warp scheduling overheads or workload imbalances during the kernel execution. Load imbalances can
          occur between warps within a block as well as across blocks of the same kernel. See the CUDA Best Practices
          Guide (https://docs.nvidia.com/cuda/cuda-c-best-practices-guide/index.html#occupancy) for more details on
          optimizing occupancy.

    Section: GPU and Memory Workload Distribution
    -------------------------- ----------- ------------
    Metric Name                Metric Unit Metric Value
    -------------------------- ----------- ------------
    Average DRAM Active Cycles       cycle    1.332.000
    Total DRAM Elapsed Cycles        cycle   11.592.704
    Average L1 Active Cycles         cycle   349.287,81
    Total L1 Elapsed Cycles          cycle   16.836.650
    Average L2 Active Cycles         cycle   311.411,67
    Total L2 Elapsed Cycles          cycle    7.477.656
    Average SM Active Cycles         cycle   349.287,81
    Total SM Elapsed Cycles          cycle   16.836.650
    Average SMSP Active Cycles       cycle   349.126,73
    Total SMSP Elapsed Cycles        cycle   67.346.600
    -------------------------- ----------- ------------

  _jfa_pass_square_euclidean_kernel[v54,cw51cXTLSUwv1sDUaKthaKSjYKCpo4BIW7AwQwoOW3BI6ygAjbQFJT1g0KOlAiRhSIJDEkBNRDAJJE_2fZVqvDglrdSgFqvTpQEsgzrtUEAA_3d_3d](Array<int, 3, A, mutable, aligned>, Array<int, 3, A, mutable, aligned>, int, int) (128, 128, 1)x(16, 16, 1), Context 1, Stream 7, Device 0, CC 12.0
    Section: GPU Speed Of Light Throughput
    ----------------------- ----------- ------------
    Metric Name             Metric Unit Metric Value
    ----------------------- ----------- ------------
    DRAM Frequency                  Ghz        13,78
    SM Frequency                    Ghz         2,48
    Elapsed Cycles                cycle      351.027
    Memory Throughput                 %        67,22
    DRAM Throughput                   %        67,22
    Duration                         us       141,28
    L1/TEX Cache Throughput           %        53,45
    L2 Cache Throughput               %        66,37
    SM Active Cycles              cycle   348.156,94
    Compute (SM) Throughput           %        57,50
    ----------------------- ----------- ------------

    INF   Compute and Memory are well-balanced: To reduce runtime, both computation and memory traffic must be reduced.
          Check both the Compute Workload Analysis and Memory Workload Analysis sections.

    Section: Launch Statistics
    -------------------------------- --------------- ---------------
    Metric Name                          Metric Unit    Metric Value
    -------------------------------- --------------- ---------------
    Block Size                                                   256
    Cluster Scheduling Policy                           PolicySpread
    Cluster Size                                                   0
    Function Cache Configuration                     CachePreferNone
    Grid Size                                                 16.384
    Preferred Cluster Size                                         0
    Registers Per Thread             register/thread              32
    Shared Memory Configuration Size           Kbyte           16,38
    Driver Shared Memory Per Block       Kbyte/block            1,02
    Dynamic Shared Memory Per Block       byte/block               0
    Static Shared Memory Per Block        byte/block               0
    # SMs                                         SM              48
    Stack Size                                                 1.024
    Threads                                   thread       4.194.304
    # TPCs                                                        24
    Enabled TPC IDs                                              all
    Uses Green Context                                             0
    Waves Per SM                                               56,89
    -------------------------------- --------------- ---------------

    Section: Occupancy
    ------------------------------- ----------- ------------
    Metric Name                     Metric Unit Metric Value
    ------------------------------- ----------- ------------
    Max Active Clusters                 cluster            0
    Max Cluster Size                      block            8
    Overall GPU Occupancy                     %            0
    Cluster Occupancy                         %            0
    Block Limit Barriers                  block           24
    Block Limit SM                        block           24
    Block Limit Registers                 block            8
    Block Limit Shared Mem                block           16
    Block Limit Warps                     block            6
    Theoretical Active Warps per SM        warp           48
    Theoretical Occupancy                     %          100
    Achieved Occupancy                        %        89,11
    Achieved Active Warps Per SM           warp        42,78
    ------------------------------- ----------- ------------

    OPT   Est. Local Speedup: 10.89%
          The difference between calculated theoretical (100.0%) and measured achieved occupancy (89.1%) can be the
          result of warp scheduling overheads or workload imbalances during the kernel execution. Load imbalances can
          occur between warps within a block as well as across blocks of the same kernel. See the CUDA Best Practices
          Guide (https://docs.nvidia.com/cuda/cuda-c-best-practices-guide/index.html#occupancy) for more details on
          optimizing occupancy.

    Section: GPU and Memory Workload Distribution
    -------------------------- ----------- ------------
    Metric Name                Metric Unit Metric Value
    -------------------------- ----------- ------------
    Average DRAM Active Cycles       cycle    1.309.040
    Total DRAM Elapsed Cycles        cycle   11.684.864
    Average L1 Active Cycles         cycle   348.156,94
    Total L1 Elapsed Cycles          cycle   16.844.596
    Average L2 Active Cycles         cycle   301.626,46
    Total L2 Elapsed Cycles          cycle    7.540.584
    Average SM Active Cycles         cycle   348.156,94
    Total SM Elapsed Cycles          cycle   16.844.596
    Average SMSP Active Cycles       cycle   348.021,24
    Total SMSP Elapsed Cycles        cycle   67.378.384
    -------------------------- ----------- ------------

  _jfa_pass_square_euclidean_kernel[v54,cw51cXTLSUwv1sDUaKthaKSjYKCpo4BIW7AwQwoOW3BI6ygAjbQFJT1g0KOlAiRhSIJDEkBNRDAJJE_2fZVqvDglrdSgFqvTpQEsgzrtUEAA_3d_3d](Array<int, 3, A, mutable, aligned>, Array<int, 3, A, mutable, aligned>, int, int) (128, 128, 1)x(16, 16, 1), Context 1, Stream 7, Device 0, CC 12.0
    Section: GPU Speed Of Light Throughput
    ----------------------- ----------- ------------
    Metric Name             Metric Unit Metric Value
    ----------------------- ----------- ------------
    DRAM Frequency                  Ghz        13,78
    SM Frequency                    Ghz         2,48
    Elapsed Cycles                cycle      358.339
    Memory Throughput                 %        69,32
    DRAM Throughput                   %        69,32
    Duration                         us       144,64
    L1/TEX Cache Throughput           %        52,44
    L2 Cache Throughput               %        64,08
    SM Active Cycles              cycle   351.349,38
    Compute (SM) Throughput           %        56,78
    ----------------------- ----------- ------------

    OPT   Memory is more heavily utilized than Compute: Look at the Memory Workload Analysis section to identify the
          DRAM bottleneck. Check memory replay (coalescing) metrics to make sure you're efficiently utilizing the
          bytes transferred. Also consider whether it is possible to do more work per memory access (kernel fusion) or
          whether there are values you can (re)compute.

    Section: Launch Statistics
    -------------------------------- --------------- ---------------
    Metric Name                          Metric Unit    Metric Value
    -------------------------------- --------------- ---------------
    Block Size                                                   256
    Cluster Scheduling Policy                           PolicySpread
    Cluster Size                                                   0
    Function Cache Configuration                     CachePreferNone
    Grid Size                                                 16.384
    Preferred Cluster Size                                         0
    Registers Per Thread             register/thread              32
    Shared Memory Configuration Size           Kbyte           16,38
    Driver Shared Memory Per Block       Kbyte/block            1,02
    Dynamic Shared Memory Per Block       byte/block               0
    Static Shared Memory Per Block        byte/block               0
    # SMs                                         SM              48
    Stack Size                                                 1.024
    Threads                                   thread       4.194.304
    # TPCs                                                        24
    Enabled TPC IDs                                              all
    Uses Green Context                                             0
    Waves Per SM                                               56,89
    -------------------------------- --------------- ---------------

    Section: Occupancy
    ------------------------------- ----------- ------------
    Metric Name                     Metric Unit Metric Value
    ------------------------------- ----------- ------------
    Max Active Clusters                 cluster            0
    Max Cluster Size                      block            8
    Overall GPU Occupancy                     %            0
    Cluster Occupancy                         %            0
    Block Limit Barriers                  block           24
    Block Limit SM                        block           24
    Block Limit Registers                 block            8
    Block Limit Shared Mem                block           16
    Block Limit Warps                     block            6
    Theoretical Active Warps per SM        warp           48
    Theoretical Occupancy                     %          100
    Achieved Occupancy                        %        90,02
    Achieved Active Warps Per SM           warp        43,21
    ------------------------------- ----------- ------------

    Section: GPU and Memory Workload Distribution
    -------------------------- ----------- ------------
    Metric Name                Metric Unit Metric Value
    -------------------------- ----------- ------------
    Average DRAM Active Cycles       cycle 1.381.925,33
    Total DRAM Elapsed Cycles        cycle   11.961.344
    Average L1 Active Cycles         cycle   351.349,38
    Total L1 Elapsed Cycles          cycle   17.196.848
    Average L2 Active Cycles         cycle   307.314,79
    Total L2 Elapsed Cycles          cycle    7.712.112
    Average SM Active Cycles         cycle   351.349,38
    Total SM Elapsed Cycles          cycle   17.196.848
    Average SMSP Active Cycles       cycle   351.189,23
    Total SMSP Elapsed Cycles        cycle   68.787.392
    -------------------------- ----------- ------------

  _jfa_pass_square_euclidean_kernel[v54,cw51cXTLSUwv1sDUaKthaKSjYKCpo4BIW7AwQwoOW3BI6ygAjbQFJT1g0KOlAiRhSIJDEkBNRDAJJE_2fZVqvDglrdSgFqvTpQEsgzrtUEAA_3d_3d](Array<int, 3, A, mutable, aligned>, Array<int, 3, A, mutable, aligned>, int, int) (128, 128, 1)x(16, 16, 1), Context 1, Stream 7, Device 0, CC 12.0
    Section: GPU Speed Of Light Throughput
    ----------------------- ----------- ------------
    Metric Name             Metric Unit Metric Value
    ----------------------- ----------- ------------
    DRAM Frequency                  Ghz        13,78
    SM Frequency                    Ghz         2,48
    Elapsed Cycles                cycle      328.972
    Memory Throughput                 %        67,71
    DRAM Throughput                   %        67,71
    Duration                         us       132,51
    L1/TEX Cache Throughput           %        50,23
    L2 Cache Throughput               %        38,13
    SM Active Cycles              cycle   312.812,81
    Compute (SM) Throughput           %        62,03
    ----------------------- ----------- ------------

    INF   Compute and Memory are well-balanced: To reduce runtime, both computation and memory traffic must be reduced.
          Check both the Compute Workload Analysis and Memory Workload Analysis sections.

    Section: Launch Statistics
    -------------------------------- --------------- ---------------
    Metric Name                          Metric Unit    Metric Value
    -------------------------------- --------------- ---------------
    Block Size                                                   256
    Cluster Scheduling Policy                           PolicySpread
    Cluster Size                                                   0
    Function Cache Configuration                     CachePreferNone
    Grid Size                                                 16.384
    Preferred Cluster Size                                         0
    Registers Per Thread             register/thread              32
    Shared Memory Configuration Size           Kbyte           16,38
    Driver Shared Memory Per Block       Kbyte/block            1,02
    Dynamic Shared Memory Per Block       byte/block               0
    Static Shared Memory Per Block        byte/block               0
    # SMs                                         SM              48
    Stack Size                                                 1.024
    Threads                                   thread       4.194.304
    # TPCs                                                        24
    Enabled TPC IDs                                              all
    Uses Green Context                                             0
    Waves Per SM                                               56,89
    -------------------------------- --------------- ---------------

    Section: Occupancy
    ------------------------------- ----------- ------------
    Metric Name                     Metric Unit Metric Value
    ------------------------------- ----------- ------------
    Max Active Clusters                 cluster            0
    Max Cluster Size                      block            8
    Overall GPU Occupancy                     %            0
    Cluster Occupancy                         %            0
    Block Limit Barriers                  block           24
    Block Limit SM                        block           24
    Block Limit Registers                 block            8
    Block Limit Shared Mem                block           16
    Block Limit Warps                     block            6
    Theoretical Active Warps per SM        warp           48
    Theoretical Occupancy                     %          100
    Achieved Occupancy                        %        82,32
    Achieved Active Warps Per SM           warp        39,51
    ------------------------------- ----------- ------------

    OPT   Est. Local Speedup: 17.68%
          The difference between calculated theoretical (100.0%) and measured achieved occupancy (82.3%) can be the
          result of warp scheduling overheads or workload imbalances during the kernel execution. Load imbalances can
          occur between warps within a block as well as across blocks of the same kernel. See the CUDA Best Practices
          Guide (https://docs.nvidia.com/cuda/cuda-c-best-practices-guide/index.html#occupancy) for more details on
          optimizing occupancy.

    Section: GPU and Memory Workload Distribution
    -------------------------- ----------- ------------
    Metric Name                Metric Unit Metric Value
    -------------------------- ----------- ------------
    Average DRAM Active Cycles       cycle 1.236.517,33
    Total DRAM Elapsed Cycles        cycle   10.957.824
    Average L1 Active Cycles         cycle   312.812,81
    Total L1 Elapsed Cycles          cycle   15.785.816
    Average L2 Active Cycles         cycle   295.106,12
    Total L2 Elapsed Cycles          cycle    7.070.400
    Average SM Active Cycles         cycle   312.812,81
    Total SM Elapsed Cycles          cycle   15.785.816
    Average SMSP Active Cycles       cycle   312.606,84
    Total SMSP Elapsed Cycles        cycle   63.143.264
    -------------------------- ----------- ------------

  _jfa_pass_square_euclidean_kernel[v54,cw51cXTLSUwv1sDUaKthaKSjYKCpo4BIW7AwQwoOW3BI6ygAjbQFJT1g0KOlAiRhSIJDEkBNRDAJJE_2fZVqvDglrdSgFqvTpQEsgzrtUEAA_3d_3d](Array<int, 3, A, mutable, aligned>, Array<int, 3, A, mutable, aligned>, int, int) (128, 128, 1)x(16, 16, 1), Context 1, Stream 7, Device 0, CC 12.0
    Section: GPU Speed Of Light Throughput
    ----------------------- ----------- ------------
    Metric Name             Metric Unit Metric Value
    ----------------------- ----------- ------------
    DRAM Frequency                  Ghz        13,78
    SM Frequency                    Ghz         2,50
    Elapsed Cycles                cycle      321.124
    Memory Throughput                 %        68,96
    DRAM Throughput                   %        68,96
    Duration                         us       128,58
    L1/TEX Cache Throughput           %        49,44
    L2 Cache Throughput               %        33,24
    SM Active Cycles              cycle   306.217,96
    Compute (SM) Throughput           %        63,37
    ----------------------- ----------- ------------

    INF   Compute and Memory are well-balanced: To reduce runtime, both computation and memory traffic must be reduced.
          Check both the Compute Workload Analysis and Memory Workload Analysis sections.

    Section: Launch Statistics
    -------------------------------- --------------- ---------------
    Metric Name                          Metric Unit    Metric Value
    -------------------------------- --------------- ---------------
    Block Size                                                   256
    Cluster Scheduling Policy                           PolicySpread
    Cluster Size                                                   0
    Function Cache Configuration                     CachePreferNone
    Grid Size                                                 16.384
    Preferred Cluster Size                                         0
    Registers Per Thread             register/thread              32
    Shared Memory Configuration Size           Kbyte           16,38
    Driver Shared Memory Per Block       Kbyte/block            1,02
    Dynamic Shared Memory Per Block       byte/block               0
    Static Shared Memory Per Block        byte/block               0
    # SMs                                         SM              48
    Stack Size                                                 1.024
    Threads                                   thread       4.194.304
    # TPCs                                                        24
    Enabled TPC IDs                                              all
    Uses Green Context                                             0
    Waves Per SM                                               56,89
    -------------------------------- --------------- ---------------

    Section: Occupancy
    ------------------------------- ----------- ------------
    Metric Name                     Metric Unit Metric Value
    ------------------------------- ----------- ------------
    Max Active Clusters                 cluster            0
    Max Cluster Size                      block            8
    Overall GPU Occupancy                     %            0
    Cluster Occupancy                         %            0
    Block Limit Barriers                  block           24
    Block Limit SM                        block           24
    Block Limit Registers                 block            8
    Block Limit Shared Mem                block           16
    Block Limit Warps                     block            6
    Theoretical Active Warps per SM        warp           48
    Theoretical Occupancy                     %          100
    Achieved Occupancy                        %        77,68
    Achieved Active Warps Per SM           warp        37,29
    ------------------------------- ----------- ------------

    OPT   Est. Local Speedup: 22.32%
          The difference between calculated theoretical (100.0%) and measured achieved occupancy (77.7%) can be the
          result of warp scheduling overheads or workload imbalances during the kernel execution. Load imbalances can
          occur between warps within a block as well as across blocks of the same kernel. See the CUDA Best Practices
          Guide (https://docs.nvidia.com/cuda/cuda-c-best-practices-guide/index.html#occupancy) for more details on
          optimizing occupancy.

    Section: GPU and Memory Workload Distribution
    -------------------------- ----------- ------------
    Metric Name                Metric Unit Metric Value
    -------------------------- ----------- ------------
    Average DRAM Active Cycles       cycle 1.222.053,33
    Total DRAM Elapsed Cycles        cycle   10.633.216
    Average L1 Active Cycles         cycle   306.217,96
    Total L1 Elapsed Cycles          cycle   15.408.074
    Average L2 Active Cycles         cycle   272.152,83
    Total L2 Elapsed Cycles          cycle    6.858.216
    Average SM Active Cycles         cycle   306.217,96
    Total SM Elapsed Cycles          cycle   15.408.074
    Average SMSP Active Cycles       cycle   306.055,38
    Total SMSP Elapsed Cycles        cycle   61.632.296
    -------------------------- ----------- ------------

  _jfa_pass_square_euclidean_kernel[v54,cw51cXTLSUwv1sDUaKthaKSjYKCpo4BIW7AwQwoOW3BI6ygAjbQFJT1g0KOlAiRhSIJDEkBNRDAJJE_2fZVqvDglrdSgFqvTpQEsgzrtUEAA_3d_3d](Array<int, 3, A, mutable, aligned>, Array<int, 3, A, mutable, aligned>, int, int) (128, 128, 1)x(16, 16, 1), Context 1, Stream 7, Device 0, CC 12.0
    Section: GPU Speed Of Light Throughput
    ----------------------- ----------- ------------
    Metric Name             Metric Unit Metric Value
    ----------------------- ----------- ------------
    DRAM Frequency                  Ghz        13,78
    SM Frequency                    Ghz         2,49
    Elapsed Cycles                cycle      311.417
    Memory Throughput                 %        76,29
    DRAM Throughput                   %        76,29
    Duration                         us       125,18
    L1/TEX Cache Throughput           %        48,51
    L2 Cache Throughput               %        30,01
    SM Active Cycles              cycle   305.499,60
    Compute (SM) Throughput           %        65,27
    ----------------------- ----------- ------------

    OPT   Memory is more heavily utilized than Compute: Look at the Memory Workload Analysis section to identify the
          DRAM bottleneck. Check memory replay (coalescing) metrics to make sure you're efficiently utilizing the
          bytes transferred. Also consider whether it is possible to do more work per memory access (kernel fusion) or
          whether there are values you can (re)compute.

    Section: Launch Statistics
    -------------------------------- --------------- ---------------
    Metric Name                          Metric Unit    Metric Value
    -------------------------------- --------------- ---------------
    Block Size                                                   256
    Cluster Scheduling Policy                           PolicySpread
    Cluster Size                                                   0
    Function Cache Configuration                     CachePreferNone
    Grid Size                                                 16.384
    Preferred Cluster Size                                         0
    Registers Per Thread             register/thread              32
    Shared Memory Configuration Size           Kbyte           16,38
    Driver Shared Memory Per Block       Kbyte/block            1,02
    Dynamic Shared Memory Per Block       byte/block               0
    Static Shared Memory Per Block        byte/block               0
    # SMs                                         SM              48
    Stack Size                                                 1.024
    Threads                                   thread       4.194.304
    # TPCs                                                        24
    Enabled TPC IDs                                              all
    Uses Green Context                                             0
    Waves Per SM                                               56,89
    -------------------------------- --------------- ---------------

    Section: Occupancy
    ------------------------------- ----------- ------------
    Metric Name                     Metric Unit Metric Value
    ------------------------------- ----------- ------------
    Max Active Clusters                 cluster            0
    Max Cluster Size                      block            8
    Overall GPU Occupancy                     %            0
    Cluster Occupancy                         %            0
    Block Limit Barriers                  block           24
    Block Limit SM                        block           24
    Block Limit Registers                 block            8
    Block Limit Shared Mem                block           16
    Block Limit Warps                     block            6
    Theoretical Active Warps per SM        warp           48
    Theoretical Occupancy                     %          100
    Achieved Occupancy                        %        77,67
    Achieved Active Warps Per SM           warp        37,28
    ------------------------------- ----------- ------------

    OPT   Est. Local Speedup: 22.33%
          The difference between calculated theoretical (100.0%) and measured achieved occupancy (77.7%) can be the
          result of warp scheduling overheads or workload imbalances during the kernel execution. Load imbalances can
          occur between warps within a block as well as across blocks of the same kernel. See the CUDA Best Practices
          Guide (https://docs.nvidia.com/cuda/cuda-c-best-practices-guide/index.html#occupancy) for more details on
          optimizing occupancy.

    Section: GPU and Memory Workload Distribution
    -------------------------- ----------- ------------
    Metric Name                Metric Unit Metric Value
    -------------------------- ----------- ------------
    Average DRAM Active Cycles       cycle 1.315.994,67
    Total DRAM Elapsed Cycles        cycle   10.350.592
    Average L1 Active Cycles         cycle   305.499,60
    Total L1 Elapsed Cycles          cycle   14.941.794
    Average L2 Active Cycles         cycle   259.904,12
    Total L2 Elapsed Cycles          cycle    6.686.040
    Average SM Active Cycles         cycle   305.499,60
    Total SM Elapsed Cycles          cycle   14.941.794
    Average SMSP Active Cycles       cycle   305.329,45
    Total SMSP Elapsed Cycles        cycle   59.767.176
    -------------------------- ----------- ------------

  _jfa_pass_square_euclidean_kernel[v54,cw51cXTLSUwv1sDUaKthaKSjYKCpo4BIW7AwQwoOW3BI6ygAjbQFJT1g0KOlAiRhSIJDEkBNRDAJJE_2fZVqvDglrdSgFqvTpQEsgzrtUEAA_3d_3d](Array<int, 3, A, mutable, aligned>, Array<int, 3, A, mutable, aligned>, int, int) (128, 128, 1)x(16, 16, 1), Context 1, Stream 7, Device 0, CC 12.0
    Section: GPU Speed Of Light Throughput
    ----------------------- ----------- ------------
    Metric Name             Metric Unit Metric Value
    ----------------------- ----------- ------------
    DRAM Frequency                  Ghz        13,79
    SM Frequency                    Ghz         2,48
    Elapsed Cycles                cycle      312.175
    Memory Throughput                 %        77,73
    DRAM Throughput                   %        77,73
    Duration                         us       125,66
    L1/TEX Cache Throughput           %        49,47
    L2 Cache Throughput               %        28,91
    SM Active Cycles              cycle   294.784,06
    Compute (SM) Throughput           %        65,21
    ----------------------- ----------- ------------

    OPT   Memory is more heavily utilized than Compute: Look at the Memory Workload Analysis section to identify the
          DRAM bottleneck. Check memory replay (coalescing) metrics to make sure you're efficiently utilizing the
          bytes transferred. Also consider whether it is possible to do more work per memory access (kernel fusion) or
          whether there are values you can (re)compute.

    Section: Launch Statistics
    -------------------------------- --------------- ---------------
    Metric Name                          Metric Unit    Metric Value
    -------------------------------- --------------- ---------------
    Block Size                                                   256
    Cluster Scheduling Policy                           PolicySpread
    Cluster Size                                                   0
    Function Cache Configuration                     CachePreferNone
    Grid Size                                                 16.384
    Preferred Cluster Size                                         0
    Registers Per Thread             register/thread              32
    Shared Memory Configuration Size           Kbyte           16,38
    Driver Shared Memory Per Block       Kbyte/block            1,02
    Dynamic Shared Memory Per Block       byte/block               0
    Static Shared Memory Per Block        byte/block               0
    # SMs                                         SM              48
    Stack Size                                                 1.024
    Threads                                   thread       4.194.304
    # TPCs                                                        24
    Enabled TPC IDs                                              all
    Uses Green Context                                             0
    Waves Per SM                                               56,89
    -------------------------------- --------------- ---------------

    Section: Occupancy
    ------------------------------- ----------- ------------
    Metric Name                     Metric Unit Metric Value
    ------------------------------- ----------- ------------
    Max Active Clusters                 cluster            0
    Max Cluster Size                      block            8
    Overall GPU Occupancy                     %            0
    Cluster Occupancy                         %            0
    Block Limit Barriers                  block           24
    Block Limit SM                        block           24
    Block Limit Registers                 block            8
    Block Limit Shared Mem                block           16
    Block Limit Warps                     block            6
    Theoretical Active Warps per SM        warp           48
    Theoretical Occupancy                     %          100
    Achieved Occupancy                        %        77,78
    Achieved Active Warps Per SM           warp        37,34
    ------------------------------- ----------- ------------

    OPT   Est. Local Speedup: 22.22%
          The difference between calculated theoretical (100.0%) and measured achieved occupancy (77.8%) can be the
          result of warp scheduling overheads or workload imbalances during the kernel execution. Load imbalances can
          occur between warps within a block as well as across blocks of the same kernel. See the CUDA Best Practices
          Guide (https://docs.nvidia.com/cuda/cuda-c-best-practices-guide/index.html#occupancy) for more details on
          optimizing occupancy.

    Section: GPU and Memory Workload Distribution
    -------------------------- ----------- ------------
    Metric Name                Metric Unit Metric Value
    -------------------------- ----------- ------------
    Average DRAM Active Cycles       cycle    1.346.832
    Total DRAM Elapsed Cycles        cycle   10.395.648
    Average L1 Active Cycles         cycle   294.784,06
    Total L1 Elapsed Cycles          cycle   14.974.574
    Average L2 Active Cycles         cycle   268.953,92
    Total L2 Elapsed Cycles          cycle    6.678.840
    Average SM Active Cycles         cycle   294.784,06
    Total SM Elapsed Cycles          cycle   14.974.574
    Average SMSP Active Cycles       cycle   294.444,74
    Total SMSP Elapsed Cycles        cycle   59.898.296
    -------------------------- ----------- ------------
