Generating SQLite file data/_square_euclidean_jfa_SoA.sqlite from data/_square_euclidean_jfa_SoA.nsys-rep
Processing [data/_square_euclidean_jfa_SoA.sqlite] with [/opt/nvidia/nsight-systems/2026.3.1/target-linux-x64/reports/nvtx_sum.py]... 
SKIPPED: data/_square_euclidean_jfa_SoA.sqlite does not contain NV Tools Extension (NVTX) data.

Processing [data/_square_euclidean_jfa_SoA.sqlite] with [/opt/nvidia/nsight-systems/2026.3.1/target-linux-x64/reports/osrt_sum.py]... 

 ** OS Runtime Summary (osrt_sum):

 Time (%)  Total Time (ns)  Num Calls     Avg (ns)         Med (ns)        Min (ns)       Max (ns)      StdDev (ns)            Name         
 --------  ---------------  ---------  ---------------  ---------------  -------------  -------------  -------------  ----------------------
     63,0    8.356.168.595        807     10.354.607,0      7.501.300,0          1.160    206.182.674   19.388.685,0  poll                  
     21,0    2.867.209.569          8    358.401.196,0    500.066.449,0         10.299    500.098.923  225.929.679,0  pthread_cond_timedwait
     11,0    1.445.779.842          1  1.445.779.842,0  1.445.779.842,0  1.445.779.842  1.445.779.842            0,0  sem_clockwait         
      2,0      297.200.116     15.031         19.772,0          1.250,0            999    126.152.704    1.365.623,0  read                  
      1,0      186.261.319        775        240.337,0         14.300,0          1.090     23.811.766      981.075,0  ioctl                 
      0,0       13.296.217      5.560          2.391,0          2.080,0          1.010        414.769        5.669,0  stat64                
      0,0       10.190.704        724         14.075,0          2.030,0          1.590      4.667.096      183.726,0  mmap64                
      0,0        9.128.678      2.292          3.982,0          3.180,0          1.220         40.139        2.957,0  open64                
      0,0        6.110.236        703          8.691,0          2.510,0          2.130      2.524.313       95.945,0  munmap                
      0,0        1.961.879      1.215          1.614,0          1.200,0          1.000         27.929        1.494,0  close                 
      0,0        1.431.443        102         14.033,0          3.510,0          2.200        294.152       46.917,0  mmap                  
      0,0        1.393.512         19         73.342,0         26.470,0         15.259        474.487      132.981,0  sem_timedwait         
      0,0          911.617          3        303.872,0        210.425,0        184.885        516.307      184.416,0  pthread_join          
      0,0          630.761        364          1.732,0          1.195,0          1.000         31.769        1.890,0  fstat64               
      0,0          527.876          1        527.876,0        527.876,0        527.876        527.876            0,0  sem_wait              
      0,0          454.707         62          7.334,0          7.279,0          1.080         23.590        4.983,0  write                 
      0,0          440.243        214          2.057,0          1.840,0          1.010          7.120          614,0  lstat64               
      0,0          428.694        216          1.984,0          1.890,0          1.050          4.800          451,0  stat                  
      0,0          342.950         38          9.025,0          6.700,0          1.020         59.618        9.810,0  fgets                 
      0,0          275.714          5         55.142,0         63.218,0         31.550         67.498       14.980,0  pthread_create        
      0,0          259.702         47          5.525,0          3.580,0          1.110         22.879        5.088,0  fopen                 
      0,0           92.009         49          1.877,0          1.530,0          1.000          5.400          909,0  fclose                
      0,0           77.568          1         77.568,0         77.568,0         77.568         77.568            0,0  pthread_cond_wait     
      0,0           77.226         14          5.516,0          5.584,0          1.450          9.370        2.104,0  pthread_cond_signal   
      0,0           61.988          3         20.662,0         23.419,0          8.609         29.960       10.939,0  waitpid               
      0,0           48.798         10          4.879,0          4.439,0          2.140          8.770        2.385,0  pipe2                 
      0,0           35.229          6          5.871,0          4.590,0          1.950         15.029        4.917,0  fopen64               
      0,0           34.698          7          4.956,0          4.180,0          2.080          8.169        2.342,0  open                  
      0,0           32.760          4          8.190,0          9.195,0          2.920         11.450        3.679,0  fread                 
      0,0           28.999          3          9.666,0         10.469,0          6.020         12.510        3.318,0  socket                
      0,0           18.089          2          9.044,0          9.044,0          7.860         10.229        1.675,0  connect               
      0,0           15.520          7          2.217,0          1.060,0          1.000          9.180        3.071,0  fstat                 
      0,0            9.949          6          1.658,0          1.715,0          1.059          2.200          420,0  close_range           
      0,0            8.100          3          2.700,0          1.820,0          1.100          5.180        2.177,0  getc                  
      0,0            5.629          5          1.125,0          1.140,0          1.020          1.240           87,0  fcntl                 
      0,0            5.340          4          1.335,0          1.260,0          1.070          1.750          290,0  sigaction             
      0,0            4.930          1          4.930,0          4.930,0          4.930          4.930            0,0  pthread_kill          
      0,0            4.300          2          2.150,0          2.150,0          1.600          2.700          777,0  fwrite                
      0,0            3.800          1          3.800,0          3.800,0          3.800          3.800            0,0  mprotect              
      0,0            3.340          3          1.113,0          1.110,0          1.060          1.170           55,0  dup2                  
      0,0            2.820          1          2.820,0          2.820,0          2.820          2.820            0,0  pthread_cond_broadcast
      0,0            2.390          2          1.195,0          1.195,0          1.040          1.350          219,0  fcntl64               
      0,0            2.160          1          2.160,0          2.160,0          2.160          2.160            0,0  bind                  
      0,0            1.290          1          1.290,0          1.290,0          1.290          1.290            0,0  pthread_mutex_lock    

Processing [data/_square_euclidean_jfa_SoA.sqlite] with [/opt/nvidia/nsight-systems/2026.3.1/target-linux-x64/reports/cuda_api_sum.py]... 

 ** CUDA API Summary (cuda_api_sum):

 Time (%)  Total Time (ns)  Num Calls  Avg (ns)  Med (ns)  Min (ns)  Max (ns)  StdDev (ns)          Name        
 --------  ---------------  ---------  --------  --------  --------  --------  -----------  --------------------
     73,0          655.623         13  50.432,0  48.009,0    44.479    65.178      6.815,0  cuLibraryLoadData   
      9,0           85.020         14   6.072,0   6.190,0     2.990     7.670      1.114,0  cuInit              
      7,0           70.039         11   6.367,0   6.280,0     5.580     8.430        836,0  cuLibraryUnload     
      5,0           45.768          1  45.768,0  45.768,0    45.768    45.768          0,0  cuMemGetInfo_v2     
      2,0           20.050         65     308,0     190,0       100       930        214,0  cuKernelGetAttribute
      0,0            6.829         13     525,0     510,0       430       770         80,0  cuLibraryGetKernel  
      0,0            3.390          1   3.390,0   3.390,0     3.390     3.390          0,0  cuCtxSetCurrent     

Processing [data/_square_euclidean_jfa_SoA.sqlite] with [/opt/nvidia/nsight-systems/2026.3.1/target-linux-x64/reports/cuda_gpu_kern_sum.py]... 
SKIPPED: data/_square_euclidean_jfa_SoA.sqlite does not contain CUDA kernel data.

Processing [data/_square_euclidean_jfa_SoA.sqlite] with [/opt/nvidia/nsight-systems/2026.3.1/target-linux-x64/reports/cuda_gpu_mem_time_sum.py]... 
SKIPPED: data/_square_euclidean_jfa_SoA.sqlite does not contain GPU memory data.

Processing [data/_square_euclidean_jfa_SoA.sqlite] with [/opt/nvidia/nsight-systems/2026.3.1/target-linux-x64/reports/cuda_gpu_mem_size_sum.py]... 
SKIPPED: data/_square_euclidean_jfa_SoA.sqlite does not contain GPU memory data.

Processing [data/_square_euclidean_jfa_SoA.sqlite] with [/opt/nvidia/nsight-systems/2026.3.1/target-linux-x64/reports/openmp_sum.py]... 
SKIPPED: data/_square_euclidean_jfa_SoA.sqlite does not contain OpenMP event data.

Processing [data/_square_euclidean_jfa_SoA.sqlite] with [/opt/nvidia/nsight-systems/2026.3.1/target-linux-x64/reports/opengl_khr_range_sum.py]... 
SKIPPED: data/_square_euclidean_jfa_SoA.sqlite does not contain KHR Extension (KHR_DEBUG) data.

Processing [data/_square_euclidean_jfa_SoA.sqlite] with [/opt/nvidia/nsight-systems/2026.3.1/target-linux-x64/reports/opengl_khr_gpu_range_sum.py]... 
SKIPPED: data/_square_euclidean_jfa_SoA.sqlite does not contain GPU KHR Extension (KHR_DEBUG) data.

Processing [data/_square_euclidean_jfa_SoA.sqlite] with [/opt/nvidia/nsight-systems/2026.3.1/target-linux-x64/reports/vulkan_marker_sum.py]... 
SKIPPED: data/_square_euclidean_jfa_SoA.sqlite does not contain Vulkan Debug Extension (Vulkan Debug Util) data.

Processing [data/_square_euclidean_jfa_SoA.sqlite] with [/opt/nvidia/nsight-systems/2026.3.1/target-linux-x64/reports/vulkan_gpu_marker_sum.py]... 
SKIPPED: data/_square_euclidean_jfa_SoA.sqlite does not contain GPU Vulkan Debug Extension (GPU Vulkan Debug markers) data.

Processing [data/_square_euclidean_jfa_SoA.sqlite] with [/opt/nvidia/nsight-systems/2026.3.1/target-linux-x64/reports/dx11_pix_sum.py]... 
SKIPPED: data/_square_euclidean_jfa_SoA.sqlite does not contain DX11 CPU debug markers.

Processing [data/_square_euclidean_jfa_SoA.sqlite] with [/opt/nvidia/nsight-systems/2026.3.1/target-linux-x64/reports/dx12_gpu_marker_sum.py]... 
SKIPPED: data/_square_euclidean_jfa_SoA.sqlite does not contain DX12 GPU debug markers.

Processing [data/_square_euclidean_jfa_SoA.sqlite] with [/opt/nvidia/nsight-systems/2026.3.1/target-linux-x64/reports/dx12_pix_sum.py]... 
SKIPPED: data/_square_euclidean_jfa_SoA.sqlite does not contain DX12 CPU debug markers.

Processing [data/_square_euclidean_jfa_SoA.sqlite] with [/opt/nvidia/nsight-systems/2026.3.1/target-linux-x64/reports/wddm_queue_sum.py]... 
SKIPPED: data/_square_euclidean_jfa_SoA.sqlite does not contain WDDM context data.

Processing [data/_square_euclidean_jfa_SoA.sqlite] with [/opt/nvidia/nsight-systems/2026.3.1/target-linux-x64/reports/um_sum.py]... 
SKIPPED: data/_square_euclidean_jfa_SoA.sqlite does not contain CUDA memory transfers data.

Processing [data/_square_euclidean_jfa_SoA.sqlite] with [/opt/nvidia/nsight-systems/2026.3.1/target-linux-x64/reports/um_total_sum.py]... 
SKIPPED: data/_square_euclidean_jfa_SoA.sqlite does not contain CUDA memory transfers data.

Processing [data/_square_euclidean_jfa_SoA.sqlite] with [/opt/nvidia/nsight-systems/2026.3.1/target-linux-x64/reports/um_cpu_page_faults_sum.py]... 
SKIPPED: data/_square_euclidean_jfa_SoA.sqlite does not contain CUDA Unified Memory CPU page faults data.

Processing [data/_square_euclidean_jfa_SoA.sqlite] with [/opt/nvidia/nsight-systems/2026.3.1/target-linux-x64/reports/openacc_sum.py]... 
SKIPPED: data/_square_euclidean_jfa_SoA.sqlite does not contain OpenACC event data.

Processing [data/_square_euclidean_jfa_SoA.sqlite] with [/opt/nvidia/nsight-systems/2026.3.1/target-linux-x64/reports/syscall_sum.py]... 
SKIPPED: data/_square_euclidean_jfa_SoA.sqlite does not contain syscall data.

