Generating SQLite file data/_euclidean_sqrt_fast.sqlite from data/_euclidean_sqrt_fast.nsys-rep
Processing [data/_euclidean_sqrt_fast.sqlite] with [/opt/nvidia/nsight-systems/2026.3.1/target-linux-x64/reports/nvtx_sum.py]... 
SKIPPED: data/_euclidean_sqrt_fast.sqlite does not contain NV Tools Extension (NVTX) data.

Processing [data/_euclidean_sqrt_fast.sqlite] with [/opt/nvidia/nsight-systems/2026.3.1/target-linux-x64/reports/osrt_sum.py]... 

 ** OS Runtime Summary (osrt_sum):

 Time (%)  Total Time (ns)  Num Calls     Avg (ns)         Med (ns)        Min (ns)       Max (ns)      StdDev (ns)            Name         
 --------  ---------------  ---------  ---------------  ---------------  -------------  -------------  -------------  ----------------------
     59,0    4.910.630.065        205     23.954.293,0     10.088.226,0          1.640    179.953.235   31.937.200,0  poll                  
     19,0    1.658.115.600          5    331.623.120,0    500.088.310,0         45.490    500.090.041  237.328.450,0  pthread_cond_timedwait
     15,0    1.271.603.168          1  1.271.603.168,0  1.271.603.168,0  1.271.603.168  1.271.603.168            0,0  sem_clockwait         
      3,0      250.711.230      8.567         29.264,0          1.250,0          1.000    110.070.271    1.563.264,0  read                  
      2,0      180.723.291        775        233.191,0         14.669,0          1.010     24.118.307      991.629,0  ioctl                 
      0,0       11.382.648      5.532          2.057,0          1.890,0          1.000         60.490        1.079,0  stat64                
      0,0        9.533.790        903         10.557,0          1.300,0          1.200      4.446.019      157.621,0  mmap64                
      0,0        7.541.469      2.278          3.310,0          2.870,0          1.070         36.179        2.042,0  open64                
      0,0        5.609.403        879          6.381,0          1.880,0          1.720      2.520.207       86.966,0  munmap                
      0,0        1.892.363         19         99.598,0         68.240,0         14.170        558.515      140.525,0  sem_timedwait         
      0,0        1.505.037        103         14.612,0          2.660,0          1.910        427.716       58.316,0  mmap                  
      0,0          669.713        419          1.598,0          1.110,0          1.000         11.090        1.347,0  close                 
      0,0          562.964          3        187.654,0        202.438,0        137.558        222.968       44.582,0  pthread_join          
      0,0          555.564          1        555.564,0        555.564,0        555.564        555.564            0,0  sem_wait              
      0,0          334.484         59          5.669,0          6.050,0          1.090         20.870        3.161,0  write                 
      0,0          331.764        213          1.557,0          1.480,0          1.190          7.390          473,0  lstat64               
      0,0          309.157          5         61.831,0         66.689,0         37.210         81.529       18.163,0  pthread_create        
      0,0          293.807         36          8.161,0          6.615,0          1.140         59.059        9.306,0  fgets                 
      0,0          293.090        209          1.402,0          1.320,0          1.020          3.670          345,0  stat                  
      0,0          226.717         46          4.928,0          2.800,0          1.110         21.630        4.473,0  fopen                 
      0,0          132.737         73          1.818,0          1.360,0          1.000          8.900        1.218,0  fstat64               
      0,0           96.878         17          5.698,0          4.640,0          1.100         25.879        5.497,0  pthread_cond_signal   
      0,0           69.589          1         69.589,0         69.589,0         69.589         69.589            0,0  pthread_cond_wait     
      0,0           65.748         44          1.494,0          1.170,0          1.000          4.440          716,0  fclose                
      0,0           56.570          3         18.856,0         16.420,0         11.830         28.320        8.510,0  waitpid               
      0,0           51.540         10          5.154,0          4.615,0          2.060         10.490        2.723,0  pipe2                 
      0,0           29.360          7          4.194,0          3.630,0          1.520          6.950        2.023,0  open                  
      0,0           26.479          4          6.619,0          7.010,0          2.200         10.259        3.378,0  fread                 
      0,0           22.940          6          3.823,0          2.890,0          1.330          9.680        3.137,0  fopen64               
      0,0           20.590          3          6.863,0          8.660,0          3.170          8.760        3.198,0  socket                
      0,0           18.900          2          9.450,0          9.450,0          8.830         10.070          876,0  connect               
      0,0            9.440          6          1.573,0          1.540,0          1.270          1.960          265,0  close_range           
      0,0            5.490          1          5.490,0          5.490,0          5.490          5.490            0,0  pthread_kill          
      0,0            3.940          1          3.940,0          3.940,0          3.940          3.940            0,0  mprotect              
      0,0            3.580          2          1.790,0          1.790,0          1.080          2.500        1.004,0  fwrite                
      0,0            2.570          2          1.285,0          1.285,0          1.090          1.480          275,0  sigaction             
      0,0            2.530          1          2.530,0          2.530,0          2.530          2.530            0,0  pthread_cond_broadcast
      0,0            2.320          2          1.160,0          1.160,0          1.150          1.170           14,0  dup2                  
      0,0            2.030          2          1.015,0          1.015,0          1.010          1.020            7,0  fcntl                 
      0,0            1.890          1          1.890,0          1.890,0          1.890          1.890            0,0  bind                  
      0,0            1.200          1          1.200,0          1.200,0          1.200          1.200            0,0  fcntl64               

Processing [data/_euclidean_sqrt_fast.sqlite] with [/opt/nvidia/nsight-systems/2026.3.1/target-linux-x64/reports/cuda_api_sum.py]... 

 ** CUDA API Summary (cuda_api_sum):

 Time (%)  Total Time (ns)  Num Calls   Avg (ns)     Med (ns)    Min (ns)   Max (ns)   StdDev (ns)          Name        
 --------  ---------------  ---------  -----------  -----------  ---------  ---------  -----------  --------------------
     84,0        4.986.014          1  4.986.014,0  4.986.014,0  4.986.014  4.986.014          0,0  cuMemcpyDtoH_v2     
      6,0          405.474          9     45.052,0     45.590,0     41.189     48.329      2.071,0  cuLibraryLoadData   
      4,0          256.089          2    128.044,0    128.044,0     92.940    163.149     49.645,0  cuMemAlloc_v2       
      1,0           87.919          1     87.919,0     87.919,0     87.919     87.919          0,0  cuLaunchKernelEx    
      0,0           50.547         10      5.054,0      4.919,0      4.729      6.150        431,0  cuInit              
      0,0           31.320          1     31.320,0     31.320,0     31.320     31.320          0,0  cuMemGetInfo_v2     
      0,0           31.140          1     31.140,0     31.140,0     31.140     31.140          0,0  cuMemcpyHtoD_v2     
      0,0           14.250         45        316,0        190,0         90        770        226,0  cuKernelGetAttribute
      0,0            4.920          9        546,0        500,0        460        920        142,0  cuLibraryGetKernel  
      0,0            3.160          1      3.160,0      3.160,0      3.160      3.160          0,0  cuCtxSetCurrent     

Processing [data/_euclidean_sqrt_fast.sqlite] with [/opt/nvidia/nsight-systems/2026.3.1/target-linux-x64/reports/cuda_gpu_kern_sum.py]... 

 ** CUDA GPU Kernel Summary (cuda_gpu_kern_sum):

 Time (%)  Total Time (ns)  Instances   Avg (ns)     Med (ns)    Min (ns)   Max (ns)   StdDev (ns)                                                  Name                                                
 --------  ---------------  ---------  -----------  -----------  ---------  ---------  -----------  ----------------------------------------------------------------------------------------------------
    100,0        3.242.595          1  3.242.595,0  3.242.595,0  3.242.595  3.242.595          0,0  __main__::_voroni_euclidean_sqrt_fast_kernel[abi:v39,cw51cXTLSUwv1sDUaKthaKSjYKCpo4BIW7AwQwoOW3BIAw…

Processing [data/_euclidean_sqrt_fast.sqlite] with [/opt/nvidia/nsight-systems/2026.3.1/target-linux-x64/reports/cuda_gpu_mem_time_sum.py]... 

 ** CUDA GPU MemOps Summary (by Time) (cuda_gpu_mem_time_sum):

 Time (%)  Total Time (ns)  Count   Avg (ns)     Med (ns)    Min (ns)   Max (ns)   StdDev (ns)           Operation          
 --------  ---------------  -----  -----------  -----------  ---------  ---------  -----------  ----------------------------
    100,0        1.697.202      1  1.697.202,0  1.697.202,0  1.697.202  1.697.202          0,0  [CUDA memcpy Device-to-Host]
      0,0              608      1        608,0        608,0        608        608          0,0  [CUDA memcpy Host-to-Device]

Processing [data/_euclidean_sqrt_fast.sqlite] with [/opt/nvidia/nsight-systems/2026.3.1/target-linux-x64/reports/cuda_gpu_mem_size_sum.py]... 

 ** CUDA GPU MemOps Summary (by Size) (cuda_gpu_mem_size_sum):

 Total (MB)  Count  Avg (MB)  Med (MB)  Min (MB)  Max (MB)  StdDev (MB)           Operation          
 ----------  -----  --------  --------  --------  --------  -----------  ----------------------------
 16,777          1  16,777    16,777    16,777    16,777    0,000        [CUDA memcpy Device-to-Host]
 0,004           1  0,004     0,004     0,004     0,004     0,000        [CUDA memcpy Host-to-Device]

Processing [data/_euclidean_sqrt_fast.sqlite] with [/opt/nvidia/nsight-systems/2026.3.1/target-linux-x64/reports/openmp_sum.py]... 
SKIPPED: data/_euclidean_sqrt_fast.sqlite does not contain OpenMP event data.

Processing [data/_euclidean_sqrt_fast.sqlite] with [/opt/nvidia/nsight-systems/2026.3.1/target-linux-x64/reports/opengl_khr_range_sum.py]... 
SKIPPED: data/_euclidean_sqrt_fast.sqlite does not contain KHR Extension (KHR_DEBUG) data.

Processing [data/_euclidean_sqrt_fast.sqlite] with [/opt/nvidia/nsight-systems/2026.3.1/target-linux-x64/reports/opengl_khr_gpu_range_sum.py]... 
SKIPPED: data/_euclidean_sqrt_fast.sqlite does not contain GPU KHR Extension (KHR_DEBUG) data.

Processing [data/_euclidean_sqrt_fast.sqlite] with [/opt/nvidia/nsight-systems/2026.3.1/target-linux-x64/reports/vulkan_marker_sum.py]... 
SKIPPED: data/_euclidean_sqrt_fast.sqlite does not contain Vulkan Debug Extension (Vulkan Debug Util) data.

Processing [data/_euclidean_sqrt_fast.sqlite] with [/opt/nvidia/nsight-systems/2026.3.1/target-linux-x64/reports/vulkan_gpu_marker_sum.py]... 
SKIPPED: data/_euclidean_sqrt_fast.sqlite does not contain GPU Vulkan Debug Extension (GPU Vulkan Debug markers) data.

Processing [data/_euclidean_sqrt_fast.sqlite] with [/opt/nvidia/nsight-systems/2026.3.1/target-linux-x64/reports/dx11_pix_sum.py]... 
SKIPPED: data/_euclidean_sqrt_fast.sqlite does not contain DX11 CPU debug markers.

Processing [data/_euclidean_sqrt_fast.sqlite] with [/opt/nvidia/nsight-systems/2026.3.1/target-linux-x64/reports/dx12_gpu_marker_sum.py]... 
SKIPPED: data/_euclidean_sqrt_fast.sqlite does not contain DX12 GPU debug markers.

Processing [data/_euclidean_sqrt_fast.sqlite] with [/opt/nvidia/nsight-systems/2026.3.1/target-linux-x64/reports/dx12_pix_sum.py]... 
SKIPPED: data/_euclidean_sqrt_fast.sqlite does not contain DX12 CPU debug markers.

Processing [data/_euclidean_sqrt_fast.sqlite] with [/opt/nvidia/nsight-systems/2026.3.1/target-linux-x64/reports/wddm_queue_sum.py]... 
SKIPPED: data/_euclidean_sqrt_fast.sqlite does not contain WDDM context data.

Processing [data/_euclidean_sqrt_fast.sqlite] with [/opt/nvidia/nsight-systems/2026.3.1/target-linux-x64/reports/um_sum.py]... 
SKIPPED: data/_euclidean_sqrt_fast.sqlite does not contain CUDA Unified Memory CPU page faults data.

Processing [data/_euclidean_sqrt_fast.sqlite] with [/opt/nvidia/nsight-systems/2026.3.1/target-linux-x64/reports/um_total_sum.py]... 
SKIPPED: data/_euclidean_sqrt_fast.sqlite does not contain CUDA Unified Memory CPU page faults data.

Processing [data/_euclidean_sqrt_fast.sqlite] with [/opt/nvidia/nsight-systems/2026.3.1/target-linux-x64/reports/um_cpu_page_faults_sum.py]... 
SKIPPED: data/_euclidean_sqrt_fast.sqlite does not contain CUDA Unified Memory CPU page faults data.

Processing [data/_euclidean_sqrt_fast.sqlite] with [/opt/nvidia/nsight-systems/2026.3.1/target-linux-x64/reports/openacc_sum.py]... 
SKIPPED: data/_euclidean_sqrt_fast.sqlite does not contain OpenACC event data.

Processing [data/_euclidean_sqrt_fast.sqlite] with [/opt/nvidia/nsight-systems/2026.3.1/target-linux-x64/reports/syscall_sum.py]... 
SKIPPED: data/_euclidean_sqrt_fast.sqlite does not contain syscall data.

