Generating SQLite file data/_manhattan.sqlite from data/_manhattan.nsys-rep
Processing [data/_manhattan.sqlite] with [/opt/nvidia/nsight-systems/2026.3.1/target-linux-x64/reports/nvtx_sum.py]... 
SKIPPED: data/_manhattan.sqlite does not contain NV Tools Extension (NVTX) data.

Processing [data/_manhattan.sqlite] with [/opt/nvidia/nsight-systems/2026.3.1/target-linux-x64/reports/osrt_sum.py]... 

 ** OS Runtime Summary (osrt_sum):

 Time (%)  Total Time (ns)  Num Calls     Avg (ns)         Med (ns)        Min (ns)       Max (ns)      StdDev (ns)            Name         
 --------  ---------------  ---------  ---------------  ---------------  -------------  -------------  -------------  ----------------------
     53,0    3.273.573.395        148     22.118.739,0     10.088.471,0          1.000    173.460.408   31.483.099,0  poll                  
     20,0    1.265.220.935          1  1.265.220.935,0  1.265.220.935,0  1.265.220.935  1.265.220.935            0,0  sem_clockwait         
     17,0    1.082.145.693          4    270.536.423,0    291.000.775,0         47.020    500.097.123  267.167.070,0  pthread_cond_timedwait
      4,0      248.651.403      8.331         29.846,0          1.250,0          1.000    105.835.055    1.570.642,0  read                  
      3,0      189.115.379        777        243.391,0         15.250,0          1.080     23.243.404    1.009.589,0  ioctl                 
      0,0       11.214.075      5.518          2.032,0          1.880,0          1.000         14.920          752,0  stat64                
      0,0        9.757.135        898         10.865,0          1.665,0          1.470      4.365.022      155.627,0  mmap64                
      0,0        7.127.817      2.266          3.145,0          2.810,0          1.070         36.619        1.626,0  open64                
      0,0        5.732.152        879          6.521,0          2.610,0          2.090      2.489.928       84.592,0  munmap                
      0,0        1.644.550         19         86.555,0         48.329,0         15.330        426.967      116.645,0  sem_timedwait         
      0,0        1.398.930        103         13.581,0          2.680,0          2.020        334.827       51.972,0  mmap                  
      0,0          599.295        403          1.487,0          1.090,0          1.000         12.490        1.231,0  close                 
      0,0          551.824          3        183.941,0        189.358,0        130.238        232.228       51.210,0  pthread_join          
      0,0          494.656         57          8.678,0          7.400,0          1.360         58.490        7.562,0  fgets                 
      0,0          442.056          1        442.056,0        442.056,0        442.056        442.056            0,0  sem_wait              
      0,0          331.205        213          1.555,0          1.500,0          1.180          8.080          486,0  lstat64               
      0,0          309.156         59          5.239,0          5.720,0          1.030         20.139        2.907,0  write                 
      0,0          308.037          5         61.607,0         64.570,0         32.899         83.129       18.420,0  pthread_create        
      0,0          286.846        208          1.379,0          1.285,0          1.030          3.600          324,0  stat                  
      0,0          237.509         46          5.163,0          3.240,0          1.160         24.370        4.652,0  fopen                 
      0,0           71.938         43          1.673,0          1.360,0          1.030          5.610          876,0  fclose                
      0,0           70.599          1         70.599,0         70.599,0         70.599         70.599            0,0  pthread_cond_wait     
      0,0           68.080         43          1.583,0          1.200,0          1.000          3.040          690,0  fstat64               
      0,0           51.437          3         17.145,0         19.509,0          9.309         22.619        6.962,0  waitpid               
      0,0           50.760         10          5.076,0          5.395,0          1.870          9.070        2.431,0  pipe2                 
      0,0           39.840          9          4.426,0          4.740,0          1.260          7.650        1.987,0  pthread_cond_signal   
      0,0           33.490          7          4.784,0          3.520,0          1.540         11.230        3.244,0  open                  
      0,0           26.410          4          6.602,0          7.035,0          2.560          9.780        3.028,0  fread                 
      0,0           24.530          3          8.176,0         10.590,0          3.330         10.610        4.197,0  socket                
      0,0           23.760          6          3.960,0          2.910,0          1.320          9.810        3.236,0  fopen64               
      0,0           18.860          2          9.430,0          9.430,0          9.210          9.650          311,0  connect               
      0,0            9.320          6          1.553,0          1.500,0          1.300          1.850          231,0  close_range           
      0,0            5.450          1          5.450,0          5.450,0          5.450          5.450            0,0  pthread_kill          
      0,0            3.630          2          1.815,0          1.815,0          1.190          2.440          883,0  fwrite                
      0,0            2.970          2          1.485,0          1.485,0          1.030          1.940          643,0  sigaction             
      0,0            2.790          1          2.790,0          2.790,0          2.790          2.790            0,0  bind                  
      0,0            2.670          1          2.670,0          2.670,0          2.670          2.670            0,0  mprotect              
      0,0            2.380          1          2.380,0          2.380,0          2.380          2.380            0,0  pthread_cond_broadcast
      0,0            1.210          1          1.210,0          1.210,0          1.210          1.210            0,0  fcntl                 
      0,0            1.060          1          1.060,0          1.060,0          1.060          1.060            0,0  dup2                  
      0,0            1.050          1          1.050,0          1.050,0          1.050          1.050            0,0  fcntl64               

Processing [data/_manhattan.sqlite] with [/opt/nvidia/nsight-systems/2026.3.1/target-linux-x64/reports/cuda_api_sum.py]... 

 ** CUDA API Summary (cuda_api_sum):

 Time (%)  Total Time (ns)  Num Calls   Avg (ns)     Med (ns)    Min (ns)   Max (ns)   StdDev (ns)          Name        
 --------  ---------------  ---------  -----------  -----------  ---------  ---------  -----------  --------------------
     88,0        5.276.593          1  5.276.593,0  5.276.593,0  5.276.593  5.276.593          0,0  cuMemcpyDtoH_v2     
      5,0          306.857          2    153.428,0    153.428,0    127.299    179.558     36.952,0  cuMemAlloc_v2       
      3,0          182.287          4     45.571,0     45.179,0     43.379     48.549      2.224,0  cuLibraryLoadData   
      1,0           91.139          1     91.139,0     91.139,0     91.139     91.139          0,0  cuLaunchKernelEx    
      0,0           32.850          1     32.850,0     32.850,0     32.850     32.850          0,0  cuMemcpyHtoD_v2     
      0,0           28.980          1     28.980,0     28.980,0     28.980     28.980          0,0  cuMemGetInfo_v2     
      0,0           22.880          5      4.576,0      5.040,0      2.560      5.220      1.131,0  cuInit              
      0,0            6.010         20        300,0        190,0         90        620        198,0  cuKernelGetAttribute
      0,0            3.040          1      3.040,0      3.040,0      3.040      3.040          0,0  cuCtxSetCurrent     
      0,0            2.040          4        510,0        510,0        450        570         49,0  cuLibraryGetKernel  

Processing [data/_manhattan.sqlite] with [/opt/nvidia/nsight-systems/2026.3.1/target-linux-x64/reports/cuda_gpu_kern_sum.py]... 

 ** CUDA GPU Kernel Summary (cuda_gpu_kern_sum):

 Time (%)  Total Time (ns)  Instances   Avg (ns)     Med (ns)    Min (ns)   Max (ns)   StdDev (ns)                                                  Name                                                
 --------  ---------------  ---------  -----------  -----------  ---------  ---------  -----------  ----------------------------------------------------------------------------------------------------
    100,0        3.015.522          1  3.015.522,0  3.015.522,0  3.015.522  3.015.522          0,0  __main__::_voroni_manhattan_kernel[abi:v18,cw51cXTLSUwv1sDUaKthaKSjYKCpo4BIW7AwQwoOW3BI6ygAjbQFJT1g…

Processing [data/_manhattan.sqlite] with [/opt/nvidia/nsight-systems/2026.3.1/target-linux-x64/reports/cuda_gpu_mem_time_sum.py]... 

 ** CUDA GPU MemOps Summary (by Time) (cuda_gpu_mem_time_sum):

 Time (%)  Total Time (ns)  Count   Avg (ns)     Med (ns)    Min (ns)   Max (ns)   StdDev (ns)           Operation          
 --------  ---------------  -----  -----------  -----------  ---------  ---------  -----------  ----------------------------
    100,0        1.738.835      1  1.738.835,0  1.738.835,0  1.738.835  1.738.835          0,0  [CUDA memcpy Device-to-Host]
      0,0              640      1        640,0        640,0        640        640          0,0  [CUDA memcpy Host-to-Device]

Processing [data/_manhattan.sqlite] with [/opt/nvidia/nsight-systems/2026.3.1/target-linux-x64/reports/cuda_gpu_mem_size_sum.py]... 

 ** CUDA GPU MemOps Summary (by Size) (cuda_gpu_mem_size_sum):

 Total (MB)  Count  Avg (MB)  Med (MB)  Min (MB)  Max (MB)  StdDev (MB)           Operation          
 ----------  -----  --------  --------  --------  --------  -----------  ----------------------------
 16,777          1  16,777    16,777    16,777    16,777    0,000        [CUDA memcpy Device-to-Host]
 0,004           1  0,004     0,004     0,004     0,004     0,000        [CUDA memcpy Host-to-Device]

Processing [data/_manhattan.sqlite] with [/opt/nvidia/nsight-systems/2026.3.1/target-linux-x64/reports/openmp_sum.py]... 
SKIPPED: data/_manhattan.sqlite does not contain OpenMP event data.

Processing [data/_manhattan.sqlite] with [/opt/nvidia/nsight-systems/2026.3.1/target-linux-x64/reports/opengl_khr_range_sum.py]... 
SKIPPED: data/_manhattan.sqlite does not contain KHR Extension (KHR_DEBUG) data.

Processing [data/_manhattan.sqlite] with [/opt/nvidia/nsight-systems/2026.3.1/target-linux-x64/reports/opengl_khr_gpu_range_sum.py]... 
SKIPPED: data/_manhattan.sqlite does not contain GPU KHR Extension (KHR_DEBUG) data.

Processing [data/_manhattan.sqlite] with [/opt/nvidia/nsight-systems/2026.3.1/target-linux-x64/reports/vulkan_marker_sum.py]... 
SKIPPED: data/_manhattan.sqlite does not contain Vulkan Debug Extension (Vulkan Debug Util) data.

Processing [data/_manhattan.sqlite] with [/opt/nvidia/nsight-systems/2026.3.1/target-linux-x64/reports/vulkan_gpu_marker_sum.py]... 
SKIPPED: data/_manhattan.sqlite does not contain GPU Vulkan Debug Extension (GPU Vulkan Debug markers) data.

Processing [data/_manhattan.sqlite] with [/opt/nvidia/nsight-systems/2026.3.1/target-linux-x64/reports/dx11_pix_sum.py]... 
SKIPPED: data/_manhattan.sqlite does not contain DX11 CPU debug markers.

Processing [data/_manhattan.sqlite] with [/opt/nvidia/nsight-systems/2026.3.1/target-linux-x64/reports/dx12_gpu_marker_sum.py]... 
SKIPPED: data/_manhattan.sqlite does not contain DX12 GPU debug markers.

Processing [data/_manhattan.sqlite] with [/opt/nvidia/nsight-systems/2026.3.1/target-linux-x64/reports/dx12_pix_sum.py]... 
SKIPPED: data/_manhattan.sqlite does not contain DX12 CPU debug markers.

Processing [data/_manhattan.sqlite] with [/opt/nvidia/nsight-systems/2026.3.1/target-linux-x64/reports/wddm_queue_sum.py]... 
SKIPPED: data/_manhattan.sqlite does not contain WDDM context data.

Processing [data/_manhattan.sqlite] with [/opt/nvidia/nsight-systems/2026.3.1/target-linux-x64/reports/um_sum.py]... 
SKIPPED: data/_manhattan.sqlite does not contain CUDA Unified Memory CPU page faults data.

Processing [data/_manhattan.sqlite] with [/opt/nvidia/nsight-systems/2026.3.1/target-linux-x64/reports/um_total_sum.py]... 
SKIPPED: data/_manhattan.sqlite does not contain CUDA Unified Memory CPU page faults data.

Processing [data/_manhattan.sqlite] with [/opt/nvidia/nsight-systems/2026.3.1/target-linux-x64/reports/um_cpu_page_faults_sum.py]... 
SKIPPED: data/_manhattan.sqlite does not contain CUDA Unified Memory CPU page faults data.

Processing [data/_manhattan.sqlite] with [/opt/nvidia/nsight-systems/2026.3.1/target-linux-x64/reports/openacc_sum.py]... 
SKIPPED: data/_manhattan.sqlite does not contain OpenACC event data.

Processing [data/_manhattan.sqlite] with [/opt/nvidia/nsight-systems/2026.3.1/target-linux-x64/reports/syscall_sum.py]... 
SKIPPED: data/_manhattan.sqlite does not contain syscall data.

