Generating SQLite file data/_square_euclidean_fast.sqlite from data/_square_euclidean_fast.nsys-rep
Processing [data/_square_euclidean_fast.sqlite] with [/opt/nvidia/nsight-systems/2026.3.1/target-linux-x64/reports/nvtx_sum.py]... 
SKIPPED: data/_square_euclidean_fast.sqlite does not contain NV Tools Extension (NVTX) data.

Processing [data/_square_euclidean_fast.sqlite] with [/opt/nvidia/nsight-systems/2026.3.1/target-linux-x64/reports/osrt_sum.py]... 

 ** OS Runtime Summary (osrt_sum):

 Time (%)  Total Time (ns)  Num Calls     Avg (ns)         Med (ns)        Min (ns)       Max (ns)      StdDev (ns)            Name         
 --------  ---------------  ---------  ---------------  ---------------  -------------  -------------  -------------  ----------------------
     59,0    4.982.137.402        210     23.724.463,0     10.089.419,0          1.420    171.473.325   33.441.883,0  poll                  
     20,0    1.685.963.848          6    280.993.974,0    342.863.536,0          9.050    500.091.053  249.393.397,0  pthread_cond_timedwait
     15,0    1.263.428.215          1  1.263.428.215,0  1.263.428.215,0  1.263.428.215  1.263.428.215            0,0  sem_clockwait         
      2,0      247.695.598      8.307         29.817,0          1.250,0          1.000    110.848.444    1.591.749,0  read                  
      2,0      181.285.005        777        233.314,0         15.570,0          1.020     23.622.905      966.625,0  ioctl                 
      0,0       11.296.091      5.530          2.042,0          1.900,0          1.000         14.850          723,0  stat64                
      0,0        9.808.070        902         10.873,0          1.605,0          1.400      4.533.037      160.496,0  mmap64                
      0,0        7.385.695      2.278          3.242,0          2.820,0          1.080         64.389        2.266,0  open64                
      0,0        5.606.549        878          6.385,0          2.210,0          1.940      2.437.116       83.510,0  munmap                
      0,0        1.924.927         19        101.311,0         55.650,0         16.170        638.304      151.842,0  sem_timedwait         
      0,0        1.300.786        103         12.629,0          2.620,0          1.840        287.077       46.028,0  mmap                  
      0,0          662.393        438          1.512,0          1.110,0          1.000         10.680        1.205,0  close                 
      0,0          530.966          3        176.988,0        140.879,0        132.069        258.018       70.311,0  pthread_join          
      0,0          477.545          1        477.545,0        477.545,0        477.545        477.545            0,0  sem_wait              
      0,0          336.020        213          1.577,0          1.510,0          1.160          8.400          572,0  lstat64               
      0,0          331.567         37          8.961,0          6.970,0          1.090         58.080        9.291,0  fgets                 
      0,0          317.098          5         63.419,0         65.980,0         47.580         85.939       15.540,0  pthread_create        
      0,0          314.685         56          5.619,0          5.720,0          1.040         20.330        3.235,0  write                 
      0,0          292.958        210          1.395,0          1.290,0          1.000          8.130          557,0  stat                  
      0,0          234.147         46          5.090,0          3.005,0          1.140         22.459        4.477,0  fopen                 
      0,0          106.519         16          6.657,0          5.240,0          1.070         30.349        6.635,0  pthread_cond_signal   
      0,0           97.348         51          1.908,0          1.719,0          1.000          6.310        1.033,0  fstat64               
      0,0           70.500         43          1.639,0          1.290,0          1.000          5.640          910,0  fclose                
      0,0           69.279          1         69.279,0         69.279,0         69.279         69.279            0,0  pthread_cond_wait     
      0,0           65.100          3         21.700,0         17.680,0          7.330         40.090       16.745,0  waitpid               
      0,0           49.120         10          4.912,0          4.875,0          2.100          9.390        2.495,0  pipe2                 
      0,0           31.070          7          4.438,0          3.780,0          1.670          7.830        2.196,0  open                  
      0,0           27.220          3          9.073,0         11.350,0          3.010         12.860        5.305,0  socket                
      0,0           26.750          4          6.687,0          7.475,0          2.410          9.390        3.059,0  fread                 
      0,0           23.380          6          3.896,0          2.965,0          1.550          9.710        3.054,0  fopen64               
      0,0           20.560          2         10.280,0         10.280,0          9.720         10.840          792,0  connect               
      0,0            8.940          6          1.490,0          1.455,0          1.170          2.020          300,0  close_range           
      0,0            7.900          1          7.900,0          7.900,0          7.900          7.900            0,0  pthread_kill          
      0,0            3.969          2          1.984,0          1.984,0          1.220          2.749        1.081,0  fwrite                
      0,0            3.750          3          1.250,0          1.060,0          1.010          1.680          373,0  sigaction             
      0,0            3.320          1          3.320,0          3.320,0          3.320          3.320            0,0  mprotect              
      0,0            2.520          1          2.520,0          2.520,0          2.520          2.520            0,0  pthread_cond_broadcast
      0,0            2.300          2          1.150,0          1.150,0          1.010          1.290          198,0  fcntl                 
      0,0            1.940          1          1.940,0          1.940,0          1.940          1.940            0,0  bind                  
      0,0            1.360          1          1.360,0          1.360,0          1.360          1.360            0,0  fcntl64               

Processing [data/_square_euclidean_fast.sqlite] with [/opt/nvidia/nsight-systems/2026.3.1/target-linux-x64/reports/cuda_api_sum.py]... 

 ** CUDA API Summary (cuda_api_sum):

 Time (%)  Total Time (ns)  Num Calls   Avg (ns)     Med (ns)    Min (ns)   Max (ns)   StdDev (ns)          Name        
 --------  ---------------  ---------  -----------  -----------  ---------  ---------  -----------  --------------------
     90,0        8.833.326          1  8.833.326,0  8.833.326,0  8.833.326  8.833.326          0,0  cuMemcpyDtoH_v2     
      4,0          427.686          9     47.520,0     46.700,0     42.200     53.359      3.572,0  cuLibraryLoadData   
      2,0          275.588          2    137.794,0    137.794,0     96.869    178.719     57.876,0  cuMemAlloc_v2       
      1,0           93.029          1     93.029,0     93.029,0     93.029     93.029          0,0  cuLaunchKernelEx    
      0,0           49.129         10      4.912,0      5.135,0      2.870      5.340        736,0  cuInit              
      0,0           32.970          1     32.970,0     32.970,0     32.970     32.970          0,0  cuMemcpyHtoD_v2     
      0,0           30.899          1     30.899,0     30.899,0     30.899     30.899          0,0  cuMemGetInfo_v2     
      0,0           14.410         45        320,0        200,0         90        790        206,0  cuKernelGetAttribute
      0,0            4.400          9        488,0        490,0        420        530         34,0  cuLibraryGetKernel  
      0,0            2.600          1      2.600,0      2.600,0      2.600      2.600          0,0  cuCtxSetCurrent     

Processing [data/_square_euclidean_fast.sqlite] with [/opt/nvidia/nsight-systems/2026.3.1/target-linux-x64/reports/cuda_gpu_kern_sum.py]... 

 ** CUDA GPU Kernel Summary (cuda_gpu_kern_sum):

 Time (%)  Total Time (ns)  Instances   Avg (ns)     Med (ns)    Min (ns)   Max (ns)   StdDev (ns)                                                  Name                                                
 --------  ---------------  ---------  -----------  -----------  ---------  ---------  -----------  ----------------------------------------------------------------------------------------------------
    100,0        3.168.673          1  3.168.673,0  3.168.673,0  3.168.673  3.168.673          0,0  __main__::_voroni_square_euclidean_fast_kernel[abi:v48,cw51cXTLSUwv1sDUaKthaKSjYKCpo4BIW7AwQwoOW3BI…

Processing [data/_square_euclidean_fast.sqlite] with [/opt/nvidia/nsight-systems/2026.3.1/target-linux-x64/reports/cuda_gpu_mem_time_sum.py]... 

 ** CUDA GPU MemOps Summary (by Time) (cuda_gpu_mem_time_sum):

 Time (%)  Total Time (ns)  Count   Avg (ns)     Med (ns)    Min (ns)   Max (ns)   StdDev (ns)           Operation          
 --------  ---------------  -----  -----------  -----------  ---------  ---------  -----------  ----------------------------
    100,0        5.111.732      1  5.111.732,0  5.111.732,0  5.111.732  5.111.732          0,0  [CUDA memcpy Device-to-Host]
      0,0              704      1        704,0        704,0        704        704          0,0  [CUDA memcpy Host-to-Device]

Processing [data/_square_euclidean_fast.sqlite] with [/opt/nvidia/nsight-systems/2026.3.1/target-linux-x64/reports/cuda_gpu_mem_size_sum.py]... 

 ** CUDA GPU MemOps Summary (by Size) (cuda_gpu_mem_size_sum):

 Total (MB)  Count  Avg (MB)  Med (MB)  Min (MB)  Max (MB)  StdDev (MB)           Operation          
 ----------  -----  --------  --------  --------  --------  -----------  ----------------------------
 16,777          1  16,777    16,777    16,777    16,777    0,000        [CUDA memcpy Device-to-Host]
 0,004           1  0,004     0,004     0,004     0,004     0,000        [CUDA memcpy Host-to-Device]

Processing [data/_square_euclidean_fast.sqlite] with [/opt/nvidia/nsight-systems/2026.3.1/target-linux-x64/reports/openmp_sum.py]... 
SKIPPED: data/_square_euclidean_fast.sqlite does not contain OpenMP event data.

Processing [data/_square_euclidean_fast.sqlite] with [/opt/nvidia/nsight-systems/2026.3.1/target-linux-x64/reports/opengl_khr_range_sum.py]... 
SKIPPED: data/_square_euclidean_fast.sqlite does not contain KHR Extension (KHR_DEBUG) data.

Processing [data/_square_euclidean_fast.sqlite] with [/opt/nvidia/nsight-systems/2026.3.1/target-linux-x64/reports/opengl_khr_gpu_range_sum.py]... 
SKIPPED: data/_square_euclidean_fast.sqlite does not contain GPU KHR Extension (KHR_DEBUG) data.

Processing [data/_square_euclidean_fast.sqlite] with [/opt/nvidia/nsight-systems/2026.3.1/target-linux-x64/reports/vulkan_marker_sum.py]... 
SKIPPED: data/_square_euclidean_fast.sqlite does not contain Vulkan Debug Extension (Vulkan Debug Util) data.

Processing [data/_square_euclidean_fast.sqlite] with [/opt/nvidia/nsight-systems/2026.3.1/target-linux-x64/reports/vulkan_gpu_marker_sum.py]... 
SKIPPED: data/_square_euclidean_fast.sqlite does not contain GPU Vulkan Debug Extension (GPU Vulkan Debug markers) data.

Processing [data/_square_euclidean_fast.sqlite] with [/opt/nvidia/nsight-systems/2026.3.1/target-linux-x64/reports/dx11_pix_sum.py]... 
SKIPPED: data/_square_euclidean_fast.sqlite does not contain DX11 CPU debug markers.

Processing [data/_square_euclidean_fast.sqlite] with [/opt/nvidia/nsight-systems/2026.3.1/target-linux-x64/reports/dx12_gpu_marker_sum.py]... 
SKIPPED: data/_square_euclidean_fast.sqlite does not contain DX12 GPU debug markers.

Processing [data/_square_euclidean_fast.sqlite] with [/opt/nvidia/nsight-systems/2026.3.1/target-linux-x64/reports/dx12_pix_sum.py]... 
SKIPPED: data/_square_euclidean_fast.sqlite does not contain DX12 CPU debug markers.

Processing [data/_square_euclidean_fast.sqlite] with [/opt/nvidia/nsight-systems/2026.3.1/target-linux-x64/reports/wddm_queue_sum.py]... 
SKIPPED: data/_square_euclidean_fast.sqlite does not contain WDDM context data.

Processing [data/_square_euclidean_fast.sqlite] with [/opt/nvidia/nsight-systems/2026.3.1/target-linux-x64/reports/um_sum.py]... 
SKIPPED: data/_square_euclidean_fast.sqlite does not contain CUDA Unified Memory CPU page faults data.

Processing [data/_square_euclidean_fast.sqlite] with [/opt/nvidia/nsight-systems/2026.3.1/target-linux-x64/reports/um_total_sum.py]... 
SKIPPED: data/_square_euclidean_fast.sqlite does not contain CUDA Unified Memory CPU page faults data.

Processing [data/_square_euclidean_fast.sqlite] with [/opt/nvidia/nsight-systems/2026.3.1/target-linux-x64/reports/um_cpu_page_faults_sum.py]... 
SKIPPED: data/_square_euclidean_fast.sqlite does not contain CUDA Unified Memory CPU page faults data.

Processing [data/_square_euclidean_fast.sqlite] with [/opt/nvidia/nsight-systems/2026.3.1/target-linux-x64/reports/openacc_sum.py]... 
SKIPPED: data/_square_euclidean_fast.sqlite does not contain OpenACC event data.

Processing [data/_square_euclidean_fast.sqlite] with [/opt/nvidia/nsight-systems/2026.3.1/target-linux-x64/reports/syscall_sum.py]... 
SKIPPED: data/_square_euclidean_fast.sqlite does not contain syscall data.

