Generating SQLite file data/_euclidean_hypot.sqlite from data/_euclidean_hypot.nsys-rep
Processing [data/_euclidean_hypot.sqlite] with [/opt/nvidia/nsight-systems/2026.3.1/target-linux-x64/reports/nvtx_sum.py]... 
SKIPPED: data/_euclidean_hypot.sqlite does not contain NV Tools Extension (NVTX) data.

Processing [data/_euclidean_hypot.sqlite] with [/opt/nvidia/nsight-systems/2026.3.1/target-linux-x64/reports/osrt_sum.py]... 

 ** OS Runtime Summary (osrt_sum):

 Time (%)  Total Time (ns)  Num Calls     Avg (ns)         Med (ns)        Min (ns)       Max (ns)      StdDev (ns)            Name         
 --------  ---------------  ---------  ---------------  ---------------  -------------  -------------  -------------  ----------------------
     53,0    3.165.643.927        143     22.137.370,0     10.086.782,0          1.000    172.315.745   30.747.751,0  poll                  
     21,0    1.257.145.085          1  1.257.145.085,0  1.257.145.085,0  1.257.145.085  1.257.145.085            0,0  sem_clockwait         
     17,0    1.064.531.770         21     50.691.989,0      1.424.388,0         13.920    500.095.720  149.676.071,0  pthread_cond_timedwait
      4,0      244.140.726      8.430         28.960,0          1.240,0            999    105.254.000    1.537.926,0  read                  
      3,0      184.811.960        778        237.547,0         14.925,0          1.010     24.173.079    1.010.003,0  ioctl                 
      0,0       11.352.550      5.521          2.056,0          1.890,0          1.000         15.430          773,0  stat64                
      0,0       10.154.899        898         11.308,0          1.580,0          1.210      4.402.791      158.947,0  mmap64                
      0,0        7.160.463      2.266          3.160,0          2.800,0          1.060         43.540        1.771,0  open64                
      0,0        5.417.777        878          6.170,0          2.150,0          1.720      2.467.218       83.777,0  munmap                
      0,0        1.999.053         19        105.213,0         52.049,0         14.820        728.964      170.089,0  sem_timedwait         
      0,0        1.349.506        103         13.102,0          2.619,0          1.860        322.247       48.079,0  mmap                  
      0,0          671.875        425          1.580,0          1.110,0          1.000         29.380        1.801,0  close                 
      0,0          490.005          3        163.335,0        140.069,0        130.408        219.528       48.903,0  pthread_join          
      0,0          441.966          1        441.966,0        441.966,0        441.966        441.966            0,0  sem_wait              
      0,0          347.677         60          5.794,0          6.000,0          1.080         19.070        3.543,0  write                 
      0,0          339.694        213          1.594,0          1.520,0          1.200          8.020          491,0  lstat64               
      0,0          291.956        209          1.396,0          1.320,0          1.040          3.690          332,0  stat                  
      0,0          290.408         38          7.642,0          5.975,0          1.050         58.390        8.931,0  fgets                 
      0,0          268.858          5         53.771,0         55.039,0         28.570         72.240       16.509,0  pthread_create        
      0,0          232.249         47          4.941,0          2.760,0          1.000         22.990        4.551,0  fopen                 
      0,0          133.420         59          2.261,0          1.240,0          1.000         38.810        4.987,0  fstat64               
      0,0           73.760          1         73.760,0         73.760,0         73.760         73.760            0,0  pthread_cond_wait     
      0,0           68.070         44          1.547,0          1.235,0          1.000          4.950          757,0  fclose                
      0,0           61.790         17          3.634,0          3.800,0          1.000          8.690        2.041,0  pthread_cond_signal   
      0,0           48.850         10          4.885,0          4.290,0          2.490          7.790        2.111,0  pipe2                 
      0,0           45.770          3         15.256,0         15.100,0          6.860         23.810        8.476,0  waitpid               
      0,0           29.920          7          4.274,0          3.530,0          1.530          6.730        2.024,0  open                  
      0,0           26.210          4          6.552,0          7.045,0          1.990         10.130        3.414,0  fread                 
      0,0           23.890          2         11.945,0         11.945,0          6.570         17.320        7.601,0  connect               
      0,0           21.890          6          3.648,0          2.535,0          1.330          9.300        3.028,0  fopen64               
      0,0           18.170          3          6.056,0          3.990,0          2.930         11.250        4.528,0  socket                
      0,0           15.600          1         15.600,0         15.600,0         15.600         15.600            0,0  pthread_mutex_lock    
      0,0            9.610          6          1.601,0          1.540,0          1.350          2.080          265,0  close_range           
      0,0            5.930          1          5.930,0          5.930,0          5.930          5.930            0,0  pthread_kill          
      0,0            4.110          3          1.370,0          1.140,0          1.130          1.840          407,0  sigaction             
      0,0            4.010          2          2.005,0          2.005,0          1.270          2.740        1.039,0  fwrite                
      0,0            3.500          1          3.500,0          3.500,0          3.500          3.500            0,0  mprotect              
      0,0            2.560          1          2.560,0          2.560,0          2.560          2.560            0,0  pthread_cond_broadcast
      0,0            1.920          1          1.920,0          1.920,0          1.920          1.920            0,0  bind                  
      0,0            1.150          1          1.150,0          1.150,0          1.150          1.150            0,0  fflush                
      0,0            1.100          1          1.100,0          1.100,0          1.100          1.100            0,0  fcntl64               
      0,0            1.080          1          1.080,0          1.080,0          1.080          1.080            0,0  getc                  
      0,0            1.020          1          1.020,0          1.020,0          1.020          1.020            0,0  fcntl                 

Processing [data/_euclidean_hypot.sqlite] with [/opt/nvidia/nsight-systems/2026.3.1/target-linux-x64/reports/cuda_api_sum.py]... 

 ** CUDA API Summary (cuda_api_sum):

 Time (%)  Total Time (ns)  Num Calls   Avg (ns)     Med (ns)    Min (ns)   Max (ns)   StdDev (ns)          Name        
 --------  ---------------  ---------  -----------  -----------  ---------  ---------  -----------  --------------------
     92,0        8.037.570          1  8.037.570,0  8.037.570,0  8.037.570  8.037.570          0,0  cuMemcpyDtoH_v2     
      3,0          271.517          2    135.758,0    135.758,0     88.679    182.838     66.580,0  cuMemAlloc_v2       
      2,0          193.068          4     48.267,0     46.589,0     45.500     54.390      4.145,0  cuLibraryLoadData   
      1,0           91.149          1     91.149,0     91.149,0     91.149     91.149          0,0  cuLaunchKernelEx    
      0,0           30.930          1     30.930,0     30.930,0     30.930     30.930          0,0  cuMemcpyHtoD_v2     
      0,0           30.140          1     30.140,0     30.140,0     30.140     30.140          0,0  cuMemGetInfo_v2     
      0,0           22.699          5      4.539,0      5.180,0      1.950      5.329      1.453,0  cuInit              
      0,0            6.870         20        343,0        215,0        130        740        211,0  cuKernelGetAttribute
      0,0            3.020          1      3.020,0      3.020,0      3.020      3.020          0,0  cuCtxSetCurrent     
      0,0            1.850          4        462,0        465,0        420        500         38,0  cuLibraryGetKernel  

Processing [data/_euclidean_hypot.sqlite] with [/opt/nvidia/nsight-systems/2026.3.1/target-linux-x64/reports/cuda_gpu_kern_sum.py]... 

 ** CUDA GPU Kernel Summary (cuda_gpu_kern_sum):

 Time (%)  Total Time (ns)  Instances   Avg (ns)     Med (ns)    Min (ns)   Max (ns)   StdDev (ns)                                                  Name                                                
 --------  ---------------  ---------  -----------  -----------  ---------  ---------  -----------  ----------------------------------------------------------------------------------------------------
    100,0        6.188.582          1  6.188.582,0  6.188.582,0  6.188.582  6.188.582          0,0  __main__::_voroni_euclidean_hypot_kernel[abi:v14,cw51cXTLSUwv1sDUaKthaKSjYKCpo4BIW7AwQwoOW3BI6ygAjb…

Processing [data/_euclidean_hypot.sqlite] with [/opt/nvidia/nsight-systems/2026.3.1/target-linux-x64/reports/cuda_gpu_mem_time_sum.py]... 

 ** CUDA GPU MemOps Summary (by Time) (cuda_gpu_mem_time_sum):

 Time (%)  Total Time (ns)  Count   Avg (ns)     Med (ns)    Min (ns)   Max (ns)   StdDev (ns)           Operation          
 --------  ---------------  -----  -----------  -----------  ---------  ---------  -----------  ----------------------------
    100,0        1.770.740      1  1.770.740,0  1.770.740,0  1.770.740  1.770.740          0,0  [CUDA memcpy Device-to-Host]
      0,0              640      1        640,0        640,0        640        640          0,0  [CUDA memcpy Host-to-Device]

Processing [data/_euclidean_hypot.sqlite] with [/opt/nvidia/nsight-systems/2026.3.1/target-linux-x64/reports/cuda_gpu_mem_size_sum.py]... 

 ** CUDA GPU MemOps Summary (by Size) (cuda_gpu_mem_size_sum):

 Total (MB)  Count  Avg (MB)  Med (MB)  Min (MB)  Max (MB)  StdDev (MB)           Operation          
 ----------  -----  --------  --------  --------  --------  -----------  ----------------------------
 16,777          1  16,777    16,777    16,777    16,777    0,000        [CUDA memcpy Device-to-Host]
 0,004           1  0,004     0,004     0,004     0,004     0,000        [CUDA memcpy Host-to-Device]

Processing [data/_euclidean_hypot.sqlite] with [/opt/nvidia/nsight-systems/2026.3.1/target-linux-x64/reports/openmp_sum.py]... 
SKIPPED: data/_euclidean_hypot.sqlite does not contain OpenMP event data.

Processing [data/_euclidean_hypot.sqlite] with [/opt/nvidia/nsight-systems/2026.3.1/target-linux-x64/reports/opengl_khr_range_sum.py]... 
SKIPPED: data/_euclidean_hypot.sqlite does not contain KHR Extension (KHR_DEBUG) data.

Processing [data/_euclidean_hypot.sqlite] with [/opt/nvidia/nsight-systems/2026.3.1/target-linux-x64/reports/opengl_khr_gpu_range_sum.py]... 
SKIPPED: data/_euclidean_hypot.sqlite does not contain GPU KHR Extension (KHR_DEBUG) data.

Processing [data/_euclidean_hypot.sqlite] with [/opt/nvidia/nsight-systems/2026.3.1/target-linux-x64/reports/vulkan_marker_sum.py]... 
SKIPPED: data/_euclidean_hypot.sqlite does not contain Vulkan Debug Extension (Vulkan Debug Util) data.

Processing [data/_euclidean_hypot.sqlite] with [/opt/nvidia/nsight-systems/2026.3.1/target-linux-x64/reports/vulkan_gpu_marker_sum.py]... 
SKIPPED: data/_euclidean_hypot.sqlite does not contain GPU Vulkan Debug Extension (GPU Vulkan Debug markers) data.

Processing [data/_euclidean_hypot.sqlite] with [/opt/nvidia/nsight-systems/2026.3.1/target-linux-x64/reports/dx11_pix_sum.py]... 
SKIPPED: data/_euclidean_hypot.sqlite does not contain DX11 CPU debug markers.

Processing [data/_euclidean_hypot.sqlite] with [/opt/nvidia/nsight-systems/2026.3.1/target-linux-x64/reports/dx12_gpu_marker_sum.py]... 
SKIPPED: data/_euclidean_hypot.sqlite does not contain DX12 GPU debug markers.

Processing [data/_euclidean_hypot.sqlite] with [/opt/nvidia/nsight-systems/2026.3.1/target-linux-x64/reports/dx12_pix_sum.py]... 
SKIPPED: data/_euclidean_hypot.sqlite does not contain DX12 CPU debug markers.

Processing [data/_euclidean_hypot.sqlite] with [/opt/nvidia/nsight-systems/2026.3.1/target-linux-x64/reports/wddm_queue_sum.py]... 
SKIPPED: data/_euclidean_hypot.sqlite does not contain WDDM context data.

Processing [data/_euclidean_hypot.sqlite] with [/opt/nvidia/nsight-systems/2026.3.1/target-linux-x64/reports/um_sum.py]... 
SKIPPED: data/_euclidean_hypot.sqlite does not contain CUDA Unified Memory CPU page faults data.

Processing [data/_euclidean_hypot.sqlite] with [/opt/nvidia/nsight-systems/2026.3.1/target-linux-x64/reports/um_total_sum.py]... 
SKIPPED: data/_euclidean_hypot.sqlite does not contain CUDA Unified Memory CPU page faults data.

Processing [data/_euclidean_hypot.sqlite] with [/opt/nvidia/nsight-systems/2026.3.1/target-linux-x64/reports/um_cpu_page_faults_sum.py]... 
SKIPPED: data/_euclidean_hypot.sqlite does not contain CUDA Unified Memory CPU page faults data.

Processing [data/_euclidean_hypot.sqlite] with [/opt/nvidia/nsight-systems/2026.3.1/target-linux-x64/reports/openacc_sum.py]... 
SKIPPED: data/_euclidean_hypot.sqlite does not contain OpenACC event data.

Processing [data/_euclidean_hypot.sqlite] with [/opt/nvidia/nsight-systems/2026.3.1/target-linux-x64/reports/syscall_sum.py]... 
SKIPPED: data/_euclidean_hypot.sqlite does not contain syscall data.

