Generating SQLite file data/_manhattan_jfa.sqlite from data/_manhattan_jfa.nsys-rep
Processing [data/_manhattan_jfa.sqlite] with [/opt/nvidia/nsight-systems/2026.3.1/target-linux-x64/reports/nvtx_sum.py]... 
SKIPPED: data/_manhattan_jfa.sqlite does not contain NV Tools Extension (NVTX) data.

Processing [data/_manhattan_jfa.sqlite] with [/opt/nvidia/nsight-systems/2026.3.1/target-linux-x64/reports/osrt_sum.py]... 

 ** OS Runtime Summary (osrt_sum):

 Time (%)  Total Time (ns)  Num Calls     Avg (ns)         Med (ns)        Min (ns)       Max (ns)      StdDev (ns)            Name         
 --------  ---------------  ---------  ---------------  ---------------  -------------  -------------  -------------  ----------------------
     61,0    6.692.751.781        638     10.490.206,0      7.721.879,0          1.130    204.198.420   19.668.594,0  poll                  
     20,0    2.280.275.105          7    325.753.586,0    500.067.546,0          9.150    500.075.666  236.587.901,0  pthread_cond_timedwait
     13,0    1.449.436.372          1  1.449.436.372,0  1.449.436.372,0  1.449.436.372  1.449.436.372            0,0  sem_clockwait         
      2,0      281.635.065     14.589         19.304,0          1.260,0            999    118.042.425    1.327.525,0  read                  
      1,0      196.518.583        783        250.981,0         14.779,0          1.100     25.379.864    1.063.882,0  ioctl                 
      0,0       12.954.691      5.555          2.332,0          2.080,0          1.030         69.568        1.500,0  stat64                
      0,0       10.411.884        664         15.680,0          1.859,0          1.630      4.884.670      201.166,0  mmap64                
      0,0        9.226.083      2.284          4.039,0          3.260,0          1.240         61.738        3.076,0  open64                
      0,0        5.823.620        644          9.042,0          2.480,0          2.170      2.579.141      103.517,0  munmap                
      0,0        1.955.485      1.167          1.675,0          1.180,0            999        124.867        3.785,0  close                 
      0,0        1.392.604        104         13.390,0          2.715,0          2.250        278.993       45.828,0  mmap                  
      0,0        1.280.323         19         67.385,0         27.249,0         16.019        449.388      112.713,0  sem_timedwait         
      0,0          789.168         62         12.728,0         12.049,0          1.140         36.929        9.398,0  write                 
      0,0          626.504          3        208.834,0        228.204,0        157.096        241.204       45.276,0  pthread_join          
      0,0          614.353        381          1.612,0          1.210,0            999         19.129        1.214,0  fstat64               
      0,0          508.776          1        508.776,0        508.776,0        508.776        508.776            0,0  sem_wait              
      0,0          389.690        214          1.821,0          1.725,0          1.000          9.069          577,0  lstat64               
      0,0          354.052         43          8.233,0          6.539,0          1.020         59.239        8.742,0  fgets                 
      0,0          346.578        210          1.650,0          1.570,0          1.270          4.980          354,0  stat                  
      0,0          311.391          5         62.278,0         65.688,0         31.509         81.328       20.217,0  pthread_create        
      0,0          265.610         47          5.651,0          3.320,0          1.120         24.750        5.493,0  fopen                 
      0,0           94.128         49          1.921,0          1.520,0          1.070          5.020          962,0  fclose                
      0,0           78.668         17          4.627,0          4.300,0          1.080          7.130        2.075,0  pthread_cond_signal   
      0,0           77.338          1         77.338,0         77.338,0         77.338         77.338            0,0  pthread_cond_wait     
      0,0           73.998          1         73.998,0         73.998,0         73.998         73.998            0,0  backtrace             
      0,0           57.568          3         19.189,0         18.759,0          8.210         30.599       11.200,0  waitpid               
      0,0           56.229         10          5.622,0          4.815,0          2.290         10.150        3.129,0  pipe2                 
      0,0           34.378          7          4.911,0          4.650,0          1.770          7.520        2.205,0  open                  
      0,0           32.249          4          8.062,0          7.905,0          3.720         12.719        3.753,0  fread                 
      0,0           28.550          3          9.516,0          9.300,0          8.810         10.440          836,0  socket                
      0,0           25.600          6          4.266,0          3.375,0          1.470          9.920        3.205,0  fopen64               
      0,0           18.090          2          9.045,0          9.045,0          8.330          9.760        1.011,0  connect               
      0,0           10.880          6          1.813,0          1.720,0          1.570          2.340          289,0  close_range           
      0,0            7.860          5          1.572,0          1.540,0          1.160          2.190          430,0  sigaction             
      0,0            7.209          6          1.201,0          1.200,0          1.120          1.270           51,0  fcntl                 
      0,0            5.130          1          5.130,0          5.130,0          5.130          5.130            0,0  pthread_kill          
      0,0            4.770          1          4.770,0          4.770,0          4.770          4.770            0,0  pthread_cond_broadcast
      0,0            4.690          2          2.345,0          2.345,0          1.570          3.120        1.096,0  fwrite                
      0,0            4.360          1          4.360,0          4.360,0          4.360          4.360            0,0  mprotect              
      0,0            4.289          3          1.429,0          1.180,0          1.140          1.969          467,0  dup2                  
      0,0            2.520          1          2.520,0          2.520,0          2.520          2.520            0,0  bind                  
      0,0            1.380          1          1.380,0          1.380,0          1.380          1.380            0,0  getc                  
      0,0            1.160          1          1.160,0          1.160,0          1.160          1.160            0,0  fcntl64               

Processing [data/_manhattan_jfa.sqlite] with [/opt/nvidia/nsight-systems/2026.3.1/target-linux-x64/reports/cuda_api_sum.py]... 

 ** CUDA API Summary (cuda_api_sum):

 Time (%)  Total Time (ns)  Num Calls   Avg (ns)     Med (ns)    Min (ns)   Max (ns)   StdDev (ns)          Name        
 --------  ---------------  ---------  -----------  -----------  ---------  ---------  -----------  --------------------
     47,0        4.500.390          1  4.500.390,0  4.500.390,0  4.500.390  4.500.390          0,0  cuMemcpyDtoH_v2     
     35,0        3.334.471          1  3.334.471,0  3.334.471,0  3.334.471  3.334.471          0,0  cuMemcpyHtoD_v2     
      6,0          582.365          2    291.182,0    291.182,0    254.773    327.592     51.490,0  cuMemAlloc_v2       
      5,0          556.676         11     50.606,0     46.339,0     40.689     76.748     10.243,0  cuLibraryLoadData   
      2,0          202.965         11     18.451,0      2.960,0      2.590    170.835     50.547,0  cuLaunchKernelEx    
      1,0          122.266         11     11.115,0      7.270,0      6.320     48.218     12.348,0  cuLibraryUnload     
      0,0           68.960         12      5.746,0      5.350,0      3.780      7.930      1.236,0  cuInit              
      0,0           40.029          1     40.029,0     40.029,0     40.029     40.029          0,0  cuMemGetInfo_v2     
      0,0           16.869         55        306,0        200,0         90        810        222,0  cuKernelGetAttribute
      0,0            5.690         11        517,0        500,0        420        650         69,0  cuLibraryGetKernel  
      0,0            3.370          1      3.370,0      3.370,0      3.370      3.370          0,0  cuCtxSetCurrent     

Processing [data/_manhattan_jfa.sqlite] with [/opt/nvidia/nsight-systems/2026.3.1/target-linux-x64/reports/cuda_gpu_kern_sum.py]... 

 ** CUDA GPU Kernel Summary (cuda_gpu_kern_sum):

 Time (%)  Total Time (ns)  Instances  Avg (ns)   Med (ns)   Min (ns)  Max (ns)  StdDev (ns)                                                  Name                                                
 --------  ---------------  ---------  ---------  ---------  --------  --------  -----------  ----------------------------------------------------------------------------------------------------
    100,0        1.427.221         11  129.747,0  127.807,0   118.719   157.023     10.173,0  __main__::_jfa_pass_naive_manhattan_kernel[abi:v58,cw51cXTLSUwv1sDUaKthaKSjYKCpo4BIW7AwQwoOW3BI6ygA…

Processing [data/_manhattan_jfa.sqlite] with [/opt/nvidia/nsight-systems/2026.3.1/target-linux-x64/reports/cuda_gpu_mem_time_sum.py]... 

 ** CUDA GPU MemOps Summary (by Time) (cuda_gpu_mem_time_sum):

 Time (%)  Total Time (ns)  Count   Avg (ns)     Med (ns)    Min (ns)   Max (ns)   StdDev (ns)           Operation          
 --------  ---------------  -----  -----------  -----------  ---------  ---------  -----------  ----------------------------
     50,0        3.304.328      1  3.304.328,0  3.304.328,0  3.304.328  3.304.328          0,0  [CUDA memcpy Device-to-Host]
     49,0        3.217.864      1  3.217.864,0  3.217.864,0  3.217.864  3.217.864          0,0  [CUDA memcpy Host-to-Device]

Processing [data/_manhattan_jfa.sqlite] with [/opt/nvidia/nsight-systems/2026.3.1/target-linux-x64/reports/cuda_gpu_mem_size_sum.py]... 

 ** CUDA GPU MemOps Summary (by Size) (cuda_gpu_mem_size_sum):

 Total (MB)  Count  Avg (MB)  Med (MB)  Min (MB)  Max (MB)  StdDev (MB)           Operation          
 ----------  -----  --------  --------  --------  --------  -----------  ----------------------------
 33,554          1  33,554    33,554    33,554    33,554    0,000        [CUDA memcpy Device-to-Host]
 33,554          1  33,554    33,554    33,554    33,554    0,000        [CUDA memcpy Host-to-Device]

Processing [data/_manhattan_jfa.sqlite] with [/opt/nvidia/nsight-systems/2026.3.1/target-linux-x64/reports/openmp_sum.py]... 
SKIPPED: data/_manhattan_jfa.sqlite does not contain OpenMP event data.

Processing [data/_manhattan_jfa.sqlite] with [/opt/nvidia/nsight-systems/2026.3.1/target-linux-x64/reports/opengl_khr_range_sum.py]... 
SKIPPED: data/_manhattan_jfa.sqlite does not contain KHR Extension (KHR_DEBUG) data.

Processing [data/_manhattan_jfa.sqlite] with [/opt/nvidia/nsight-systems/2026.3.1/target-linux-x64/reports/opengl_khr_gpu_range_sum.py]... 
SKIPPED: data/_manhattan_jfa.sqlite does not contain GPU KHR Extension (KHR_DEBUG) data.

Processing [data/_manhattan_jfa.sqlite] with [/opt/nvidia/nsight-systems/2026.3.1/target-linux-x64/reports/vulkan_marker_sum.py]... 
SKIPPED: data/_manhattan_jfa.sqlite does not contain Vulkan Debug Extension (Vulkan Debug Util) data.

Processing [data/_manhattan_jfa.sqlite] with [/opt/nvidia/nsight-systems/2026.3.1/target-linux-x64/reports/vulkan_gpu_marker_sum.py]... 
SKIPPED: data/_manhattan_jfa.sqlite does not contain GPU Vulkan Debug Extension (GPU Vulkan Debug markers) data.

Processing [data/_manhattan_jfa.sqlite] with [/opt/nvidia/nsight-systems/2026.3.1/target-linux-x64/reports/dx11_pix_sum.py]... 
SKIPPED: data/_manhattan_jfa.sqlite does not contain DX11 CPU debug markers.

Processing [data/_manhattan_jfa.sqlite] with [/opt/nvidia/nsight-systems/2026.3.1/target-linux-x64/reports/dx12_gpu_marker_sum.py]... 
SKIPPED: data/_manhattan_jfa.sqlite does not contain DX12 GPU debug markers.

Processing [data/_manhattan_jfa.sqlite] with [/opt/nvidia/nsight-systems/2026.3.1/target-linux-x64/reports/dx12_pix_sum.py]... 
SKIPPED: data/_manhattan_jfa.sqlite does not contain DX12 CPU debug markers.

Processing [data/_manhattan_jfa.sqlite] with [/opt/nvidia/nsight-systems/2026.3.1/target-linux-x64/reports/wddm_queue_sum.py]... 
SKIPPED: data/_manhattan_jfa.sqlite does not contain WDDM context data.

Processing [data/_manhattan_jfa.sqlite] with [/opt/nvidia/nsight-systems/2026.3.1/target-linux-x64/reports/um_sum.py]... 
SKIPPED: data/_manhattan_jfa.sqlite does not contain CUDA Unified Memory CPU page faults data.

Processing [data/_manhattan_jfa.sqlite] with [/opt/nvidia/nsight-systems/2026.3.1/target-linux-x64/reports/um_total_sum.py]... 
SKIPPED: data/_manhattan_jfa.sqlite does not contain CUDA Unified Memory CPU page faults data.

Processing [data/_manhattan_jfa.sqlite] with [/opt/nvidia/nsight-systems/2026.3.1/target-linux-x64/reports/um_cpu_page_faults_sum.py]... 
SKIPPED: data/_manhattan_jfa.sqlite does not contain CUDA Unified Memory CPU page faults data.

Processing [data/_manhattan_jfa.sqlite] with [/opt/nvidia/nsight-systems/2026.3.1/target-linux-x64/reports/openacc_sum.py]... 
SKIPPED: data/_manhattan_jfa.sqlite does not contain OpenACC event data.

Processing [data/_manhattan_jfa.sqlite] with [/opt/nvidia/nsight-systems/2026.3.1/target-linux-x64/reports/syscall_sum.py]... 
SKIPPED: data/_manhattan_jfa.sqlite does not contain syscall data.

