Generating SQLite file data/_square_euclidean_jfa.sqlite from data/_square_euclidean_jfa.nsys-rep
Processing [data/_square_euclidean_jfa.sqlite] with [/opt/nvidia/nsight-systems/2026.3.1/target-linux-x64/reports/nvtx_sum.py]... 
SKIPPED: data/_square_euclidean_jfa.sqlite does not contain NV Tools Extension (NVTX) data.

Processing [data/_square_euclidean_jfa.sqlite] with [/opt/nvidia/nsight-systems/2026.3.1/target-linux-x64/reports/osrt_sum.py]... 

 ** OS Runtime Summary (osrt_sum):

 Time (%)  Total Time (ns)  Num Calls     Avg (ns)         Med (ns)        Min (ns)       Max (ns)      StdDev (ns)            Name         
 --------  ---------------  ---------  ---------------  ---------------  -------------  -------------  -------------  ----------------------
     60,0    5.833.591.667        250     23.334.366,0     10.087.854,0          1.000    203.913.611   31.838.250,0  poll                  
     20,0    1.978.049.365          6    329.674.894,0    488.904.641,0         17.790    500.091.451  255.489.639,0  pthread_cond_timedwait
     13,0    1.302.808.171          1  1.302.808.171,0  1.302.808.171,0  1.302.808.171  1.302.808.171            0,0  sem_clockwait         
      2,0      271.627.831     12.039         22.562,0          1.240,0          1.000    117.105.551    1.429.222,0  read                  
      1,0      185.993.533        787        236.332,0         14.790,0          1.000     23.185.896      991.424,0  ioctl                 
      0,0       12.123.066      5.548          2.185,0          2.010,0          1.000         14.721          777,0  stat64                
      0,0        9.432.304        663         14.226,0          1.820,0          1.650      4.361.101      182.273,0  mmap64                
      0,0        7.525.776      2.284          3.295,0          2.920,0          1.220         35.671        1.850,0  open64                
      0,0        5.275.563        643          8.204,0          2.910,0          2.350      2.413.113       95.842,0  munmap                
      0,0        2.015.662         19        106.087,0         43.700,0         14.840        726.637      179.347,0  sem_timedwait         
      0,0        1.376.775        104         13.238,0          2.760,0          2.140        318.453       47.879,0  mmap                  
      0,0        1.317.431        955          1.379,0          1.140,0          1.000         16.910        1.071,0  close                 
      0,0          601.915          3        200.638,0        184.122,0        134.761        283.032       75.502,0  pthread_join          
      0,0          457.434          1        457.434,0        457.434,0        457.434        457.434            0,0  sem_wait              
      0,0          367.073         42          8.739,0          6.740,0          1.070         57.821        8.693,0  fgets                 
      0,0          363.393        214          1.698,0          1.635,0          1.020          9.460          580,0  lstat64               
      0,0          345.314         67          5.153,0          5.711,0          1.020         26.890        3.623,0  write                 
      0,0          322.911        211          1.530,0          1.460,0          1.060          3.580          317,0  stat                  
      0,0          301.315          5         60.263,0         61.361,0         40.421         74.161       12.840,0  pthread_create        
      0,0          261.372         47          5.561,0          3.120,0          1.110         27.350        5.810,0  fopen                 
      0,0          212.143        148          1.433,0          1.140,0          1.000          6.350          740,0  fstat64               
      0,0          105.571          1        105.571,0        105.571,0        105.571        105.571            0,0  pthread_cond_wait     
      0,0           92.043         48          1.917,0          1.470,0          1.040          7.140        1.285,0  fclose                
      0,0           79.721          1         79.721,0         79.721,0         79.721         79.721            0,0  backtrace             
      0,0           53.491         10          5.349,0          4.745,0          2.060          8.620        2.384,0  pipe2                 
      0,0           48.340          3         16.113,0         18.180,0          7.180         22.980        8.100,0  waitpid               
      0,0           46.050         10          4.605,0          4.930,0          1.300          6.740        1.739,0  pthread_cond_signal   
      0,0           33.210          7          4.744,0          5.230,0          1.810          7.750        2.104,0  open                  
      0,0           33.030          4          8.257,0          8.850,0          2.130         13.200        4.676,0  fread                 
      0,0           25.530          3          8.510,0         10.840,0          3.260         11.430        4.556,0  socket                
      0,0           25.530          2         12.765,0         12.765,0         10.160         15.370        3.684,0  connect               
      0,0           23.200          6          3.866,0          2.735,0          1.500          9.910        3.184,0  fopen64               
      0,0           22.120          2         11.060,0         11.060,0          9.740         12.380        1.866,0  pthread_mutex_lock    
      0,0            9.770          6          1.628,0          1.650,0          1.090          2.070          392,0  close_range           
      0,0            7.191          1          7.191,0          7.191,0          7.191          7.191            0,0  pthread_kill          
      0,0            6.910          5          1.382,0          1.220,0          1.130          1.870          305,0  sigaction             
      0,0            6.820          1          6.820,0          6.820,0          6.820          6.820            0,0  fstat                 
      0,0            4.860          2          2.430,0          2.430,0          2.230          2.630          282,0  fwrite                
      0,0            3.400          3          1.133,0          1.080,0          1.080          1.240           92,0  dup2                  
      0,0            2.690          1          2.690,0          2.690,0          2.690          2.690            0,0  mprotect              
      0,0            2.450          2          1.225,0          1.225,0          1.000          1.450          318,0  fcntl64               
      0,0            2.280          2          1.140,0          1.140,0          1.120          1.160           28,0  fcntl                 
      0,0            1.990          1          1.990,0          1.990,0          1.990          1.990            0,0  bind                  
      0,0            1.720          1          1.720,0          1.720,0          1.720          1.720            0,0  pthread_cond_broadcast
      0,0            1.090          1          1.090,0          1.090,0          1.090          1.090            0,0  getc                  

Processing [data/_square_euclidean_jfa.sqlite] with [/opt/nvidia/nsight-systems/2026.3.1/target-linux-x64/reports/cuda_api_sum.py]... 

 ** CUDA API Summary (cuda_api_sum):

 Time (%)  Total Time (ns)  Num Calls   Avg (ns)     Med (ns)    Min (ns)   Max (ns)   StdDev (ns)          Name        
 --------  ---------------  ---------  -----------  -----------  ---------  ---------  -----------  --------------------
     55,0        5.099.127          1  5.099.127,0  5.099.127,0  5.099.127  5.099.127          0,0  cuMemcpyDtoH_v2     
     29,0        2.710.835          1  2.710.835,0  2.710.835,0  2.710.835  2.710.835          0,0  cuMemcpyHtoD_v2     
      5,0          501.583         11     45.598,0     45.760,0     40.161     51.030      3.197,0  cuLibraryLoadData   
      5,0          468.835          2    234.417,0    234.417,0    182.732    286.103     73.094,0  cuMemAlloc_v2       
      2,0          221.792         11     20.162,0      3.480,0      3.040    184.532     54.522,0  cuLaunchKernelEx    
      1,0          115.532         11     10.502,0      7.310,0      6.210     36.651      8.978,0  cuLibraryUnload     
      0,0           56.790         12      4.732,0      4.775,0      3.110      5.510        642,0  cuInit              
      0,0           32.430          1     32.430,0     32.430,0     32.430     32.430          0,0  cuMemGetInfo_v2     
      0,0           18.520         55        336,0        190,0         90      1.300        254,0  cuKernelGetAttribute
      0,0            5.890         11        535,0        530,0        480        600         33,0  cuLibraryGetKernel  
      0,0            5.130          1      5.130,0      5.130,0      5.130      5.130          0,0  cuCtxSetCurrent     

Processing [data/_square_euclidean_jfa.sqlite] with [/opt/nvidia/nsight-systems/2026.3.1/target-linux-x64/reports/cuda_gpu_kern_sum.py]... 

 ** CUDA GPU Kernel Summary (cuda_gpu_kern_sum):

 Time (%)  Total Time (ns)  Instances  Avg (ns)   Med (ns)   Min (ns)  Max (ns)  StdDev (ns)                                                  Name                                                
 --------  ---------------  ---------  ---------  ---------  --------  --------  -----------  ----------------------------------------------------------------------------------------------------
    100,0        1.575.918         11  143.265,0  143.236,0   128.323   156.869      9.758,0  __main__::_jfa_pass_naive_square_euclidean_kernel[abi:v53,cw51cXTLSUwv1sDUaKthaKSjYKCpo4BIW7AwQwoOW…

Processing [data/_square_euclidean_jfa.sqlite] with [/opt/nvidia/nsight-systems/2026.3.1/target-linux-x64/reports/cuda_gpu_mem_time_sum.py]... 

 ** CUDA GPU MemOps Summary (by Time) (cuda_gpu_mem_time_sum):

 Time (%)  Total Time (ns)  Count   Avg (ns)     Med (ns)    Min (ns)   Max (ns)   StdDev (ns)           Operation          
 --------  ---------------  -----  -----------  -----------  ---------  ---------  -----------  ----------------------------
     57,0        3.713.483      1  3.713.483,0  3.713.483,0  3.713.483  3.713.483          0,0  [CUDA memcpy Device-to-Host]
     42,0        2.711.214      1  2.711.214,0  2.711.214,0  2.711.214  2.711.214          0,0  [CUDA memcpy Host-to-Device]

Processing [data/_square_euclidean_jfa.sqlite] with [/opt/nvidia/nsight-systems/2026.3.1/target-linux-x64/reports/cuda_gpu_mem_size_sum.py]... 

 ** CUDA GPU MemOps Summary (by Size) (cuda_gpu_mem_size_sum):

 Total (MB)  Count  Avg (MB)  Med (MB)  Min (MB)  Max (MB)  StdDev (MB)           Operation          
 ----------  -----  --------  --------  --------  --------  -----------  ----------------------------
 33,554          1  33,554    33,554    33,554    33,554    0,000        [CUDA memcpy Device-to-Host]
 33,554          1  33,554    33,554    33,554    33,554    0,000        [CUDA memcpy Host-to-Device]

Processing [data/_square_euclidean_jfa.sqlite] with [/opt/nvidia/nsight-systems/2026.3.1/target-linux-x64/reports/openmp_sum.py]... 
SKIPPED: data/_square_euclidean_jfa.sqlite does not contain OpenMP event data.

Processing [data/_square_euclidean_jfa.sqlite] with [/opt/nvidia/nsight-systems/2026.3.1/target-linux-x64/reports/opengl_khr_range_sum.py]... 
SKIPPED: data/_square_euclidean_jfa.sqlite does not contain KHR Extension (KHR_DEBUG) data.

Processing [data/_square_euclidean_jfa.sqlite] with [/opt/nvidia/nsight-systems/2026.3.1/target-linux-x64/reports/opengl_khr_gpu_range_sum.py]... 
SKIPPED: data/_square_euclidean_jfa.sqlite does not contain GPU KHR Extension (KHR_DEBUG) data.

Processing [data/_square_euclidean_jfa.sqlite] with [/opt/nvidia/nsight-systems/2026.3.1/target-linux-x64/reports/vulkan_marker_sum.py]... 
SKIPPED: data/_square_euclidean_jfa.sqlite does not contain Vulkan Debug Extension (Vulkan Debug Util) data.

Processing [data/_square_euclidean_jfa.sqlite] with [/opt/nvidia/nsight-systems/2026.3.1/target-linux-x64/reports/vulkan_gpu_marker_sum.py]... 
SKIPPED: data/_square_euclidean_jfa.sqlite does not contain GPU Vulkan Debug Extension (GPU Vulkan Debug markers) data.

Processing [data/_square_euclidean_jfa.sqlite] with [/opt/nvidia/nsight-systems/2026.3.1/target-linux-x64/reports/dx11_pix_sum.py]... 
SKIPPED: data/_square_euclidean_jfa.sqlite does not contain DX11 CPU debug markers.

Processing [data/_square_euclidean_jfa.sqlite] with [/opt/nvidia/nsight-systems/2026.3.1/target-linux-x64/reports/dx12_gpu_marker_sum.py]... 
SKIPPED: data/_square_euclidean_jfa.sqlite does not contain DX12 GPU debug markers.

Processing [data/_square_euclidean_jfa.sqlite] with [/opt/nvidia/nsight-systems/2026.3.1/target-linux-x64/reports/dx12_pix_sum.py]... 
SKIPPED: data/_square_euclidean_jfa.sqlite does not contain DX12 CPU debug markers.

Processing [data/_square_euclidean_jfa.sqlite] with [/opt/nvidia/nsight-systems/2026.3.1/target-linux-x64/reports/wddm_queue_sum.py]... 
SKIPPED: data/_square_euclidean_jfa.sqlite does not contain WDDM context data.

Processing [data/_square_euclidean_jfa.sqlite] with [/opt/nvidia/nsight-systems/2026.3.1/target-linux-x64/reports/um_sum.py]... 
SKIPPED: data/_square_euclidean_jfa.sqlite does not contain CUDA Unified Memory CPU page faults data.

Processing [data/_square_euclidean_jfa.sqlite] with [/opt/nvidia/nsight-systems/2026.3.1/target-linux-x64/reports/um_total_sum.py]... 
SKIPPED: data/_square_euclidean_jfa.sqlite does not contain CUDA Unified Memory CPU page faults data.

Processing [data/_square_euclidean_jfa.sqlite] with [/opt/nvidia/nsight-systems/2026.3.1/target-linux-x64/reports/um_cpu_page_faults_sum.py]... 
SKIPPED: data/_square_euclidean_jfa.sqlite does not contain CUDA Unified Memory CPU page faults data.

Processing [data/_square_euclidean_jfa.sqlite] with [/opt/nvidia/nsight-systems/2026.3.1/target-linux-x64/reports/openacc_sum.py]... 
SKIPPED: data/_square_euclidean_jfa.sqlite does not contain OpenACC event data.

Processing [data/_square_euclidean_jfa.sqlite] with [/opt/nvidia/nsight-systems/2026.3.1/target-linux-x64/reports/syscall_sum.py]... 
SKIPPED: data/_square_euclidean_jfa.sqlite does not contain syscall data.

