Generating SQLite file data/_square_euclidean_jfa_shared.sqlite from data/_square_euclidean_jfa_shared.nsys-rep
Processing [data/_square_euclidean_jfa_shared.sqlite] with [/opt/nvidia/nsight-systems/2026.3.1/target-linux-x64/reports/nvtx_sum.py]... 
SKIPPED: data/_square_euclidean_jfa_shared.sqlite does not contain NV Tools Extension (NVTX) data.

Processing [data/_square_euclidean_jfa_shared.sqlite] with [/opt/nvidia/nsight-systems/2026.3.1/target-linux-x64/reports/osrt_sum.py]... 

 ** OS Runtime Summary (osrt_sum):

 Time (%)  Total Time (ns)  Num Calls     Avg (ns)         Med (ns)        Min (ns)       Max (ns)      StdDev (ns)            Name         
 --------  ---------------  ---------  ---------------  ---------------  -------------  -------------  -------------  ----------------------
     60,0    8.259.306.075        524     15.762.034,0     10.071.345,0          1.030    203.933.490   23.358.088,0  poll                  
     20,0    2.834.086.638          7    404.869.519,0    500.065.204,0         39.968    500.096.033  188.979.359,0  pthread_cond_timedwait
     13,0    1.815.468.890          1  1.815.468.890,0  1.815.468.890,0  1.815.468.890  1.815.468.890            0,0  sem_clockwait         
      4,0      624.820.369     16.213         38.538,0          1.390,0            999    116.329.510    1.235.834,0  read                  
      1,0      186.779.285        786        237.632,0         14.444,0          1.000     25.273.854    1.034.116,0  ioctl                 
      0,0       19.629.866      5.557          3.532,0          2.050,0          1.020      2.128.686       31.248,0  stat64                
      0,0       10.086.062      2.290          4.404,0          3.550,0          1.210         41.707        3.107,0  open64                
      0,0        9.491.686        727         13.056,0          1.800,0          1.440      4.432.212      174.573,0  mmap64                
      0,0        5.441.294        704          7.729,0          2.450,0          1.820      2.463.168       93.675,0  munmap                
      0,0        2.850.337      1.875          1.520,0          1.220,0            999         29.448        1.261,0  close                 
      0,0        1.584.054         19         83.371,0         48.128,0         16.459        468.915      128.015,0  sem_timedwait         
      0,0        1.304.931        104         12.547,0          2.760,0          2.020        270.496       45.128,0  mmap                  
      0,0          728.811          1        728.811,0        728.811,0        728.811        728.811            0,0  backtrace             
      0,0          705.933        469          1.505,0          1.120,0            999          6.439          783,0  fstat64               
      0,0          571.369          3        190.456,0        148.592,0        142.972        279.805       77.429,0  pthread_join          
      0,0          495.454          1        495.454,0        495.454,0        495.454        495.454            0,0  sem_wait              
      0,0          370.649        214          1.732,0          1.680,0          1.010          8.559          544,0  lstat64               
      0,0          366.537         42          8.727,0          7.215,0          1.010         57.267        8.521,0  fgets                 
      0,0          340.433         60          5.673,0          6.094,0          1.050         14.849        2.796,0  write                 
      0,0          317.846        210          1.513,0          1.460,0          1.120          3.900          278,0  stat                  
      0,0          311.173          5         62.234,0         76.986,0         31.888         78.566       22.004,0  pthread_create        
      0,0          260.895         47          5.551,0          3.120,0          1.100         19.669        5.095,0  fopen                 
      0,0           95.717         49          1.953,0          1.680,0          1.000          5.879          991,0  fclose                
      0,0           87.856         23          3.819,0          3.850,0          1.000         14.699        2.986,0  pthread_cond_signal   
      0,0           71.706          1         71.706,0         71.706,0         71.706         71.706            0,0  pthread_cond_wait     
      0,0           66.507          3         22.169,0         27.639,0          7.709         31.159       12.645,0  waitpid               
      0,0           49.588         10          4.958,0          4.315,0          2.070         11.740        2.916,0  pipe2                 
      0,0           34.209          7          4.887,0          5.589,0          1.670          8.140        2.369,0  open                  
      0,0           33.988          4          8.497,0          7.594,0          3.140         15.659        5.216,0  fread                 
      0,0           33.007          3         11.002,0          9.409,0          7.809         15.789        4.221,0  socket                
      0,0           30.657          6          5.109,0          3.130,0          1.609         15.449        5.282,0  fopen64               
      0,0           17.299          2          8.649,0          8.649,0          7.779          9.520        1.231,0  connect               
      0,0           11.338          3          3.779,0          1.589,0          1.340          8.409        4.011,0  fcntl64               
      0,0           10.960          6          1.826,0          1.795,0          1.490          2.250          283,0  close_range           
      0,0            9.940          1          9.940,0          9.940,0          9.940          9.940            0,0  pthread_kill          
      0,0            7.010          5          1.402,0          1.390,0          1.150          1.870          288,0  sigaction             
      0,0            3.650          1          3.650,0          3.650,0          3.650          3.650            0,0  mprotect              
      0,0            3.630          3          1.210,0          1.200,0          1.130          1.300           85,0  dup2                  
      0,0            3.560          3          1.186,0          1.120,0          1.030          1.410          198,0  fcntl                 
      0,0            3.080          2          1.540,0          1.540,0          1.280          1.800          367,0  fwrite                
      0,0            2.560          1          2.560,0          2.560,0          2.560          2.560            0,0  pthread_cond_broadcast
      0,0            2.340          1          2.340,0          2.340,0          2.340          2.340            0,0  bind                  
      0,0            1.380          1          1.380,0          1.380,0          1.380          1.380            0,0  getc                  
      0,0            1.090          1          1.090,0          1.090,0          1.090          1.090            0,0  fstat                 
      0,0            1.070          1          1.070,0          1.070,0          1.070          1.070            0,0  fflush                
      0,0            1.060          1          1.060,0          1.060,0          1.060          1.060            0,0  listen                

Processing [data/_square_euclidean_jfa_shared.sqlite] with [/opt/nvidia/nsight-systems/2026.3.1/target-linux-x64/reports/cuda_api_sum.py]... 

 ** CUDA API Summary (cuda_api_sum):

 Time (%)  Total Time (ns)  Num Calls   Avg (ns)     Med (ns)    Min (ns)   Max (ns)   StdDev (ns)          Name        
 --------  ---------------  ---------  -----------  -----------  ---------  ---------  -----------  --------------------
     43,0        4.808.912          1  4.808.912,0  4.808.912,0  4.808.912  4.808.912          0,0  cuMemcpyDtoH_v2     
     22,0        2.532.283         11    230.207,0      4.720,0      3.520  2.479.827    746.115,0  cuLaunchKernelEx    
     22,0        2.487.816          1  2.487.816,0  2.487.816,0  2.487.816  2.487.816          0,0  cuMemcpyHtoD_v2     
      5,0          634.287         13     48.791,0     48.098,0     42.028     74.606      8.280,0  cuLibraryLoadData   
      3,0          408.418          2    204.209,0    204.209,0    167.711    240.707     51.616,0  cuMemAlloc_v2       
      1,0          127.174         11     11.561,0      7.300,0      6.080     40.988     10.213,0  cuLibraryUnload     
      0,0           74.357         14      5.311,0      5.224,0      3.880      7.570        791,0  cuInit              
      0,0           28.809          1     28.809,0     28.809,0     28.809     28.809          0,0  cuMemGetInfo_v2     
      0,0           22.900         65        352,0        210,0         90      1.550        258,0  cuKernelGetAttribute
      0,0            6.790         13        522,0        530,0        410        600         56,0  cuLibraryGetKernel  
      0,0            2.680          1      2.680,0      2.680,0      2.680      2.680          0,0  cuCtxSetCurrent     

Processing [data/_square_euclidean_jfa_shared.sqlite] with [/opt/nvidia/nsight-systems/2026.3.1/target-linux-x64/reports/cuda_gpu_kern_sum.py]... 

 ** CUDA GPU Kernel Summary (cuda_gpu_kern_sum):

 Time (%)  Total Time (ns)  Instances  Avg (ns)   Med (ns)   Min (ns)  Max (ns)  StdDev (ns)                                                  Name                                                
 --------  ---------------  ---------  ---------  ---------  --------  --------  -----------  ----------------------------------------------------------------------------------------------------
    100,0        1.489.933         11  135.448,0  131.836,0   129.819   161.882      9.295,0  __main__::_jfa_pass_shared_memory_square_euclidean_kernel[abi:v60,cw51cXTLSUwv1sDUaKthaKSjYKCpo4BIW…

Processing [data/_square_euclidean_jfa_shared.sqlite] with [/opt/nvidia/nsight-systems/2026.3.1/target-linux-x64/reports/cuda_gpu_mem_time_sum.py]... 

 ** CUDA GPU MemOps Summary (by Time) (cuda_gpu_mem_time_sum):

 Time (%)  Total Time (ns)  Count   Avg (ns)     Med (ns)    Min (ns)   Max (ns)   StdDev (ns)           Operation          
 --------  ---------------  -----  -----------  -----------  ---------  ---------  -----------  ----------------------------
     59,0        3.688.771      1  3.688.771,0  3.688.771,0  3.688.771  3.688.771          0,0  [CUDA memcpy Device-to-Host]
     40,0        2.465.132      1  2.465.132,0  2.465.132,0  2.465.132  2.465.132          0,0  [CUDA memcpy Host-to-Device]

Processing [data/_square_euclidean_jfa_shared.sqlite] with [/opt/nvidia/nsight-systems/2026.3.1/target-linux-x64/reports/cuda_gpu_mem_size_sum.py]... 

 ** CUDA GPU MemOps Summary (by Size) (cuda_gpu_mem_size_sum):

 Total (MB)  Count  Avg (MB)  Med (MB)  Min (MB)  Max (MB)  StdDev (MB)           Operation          
 ----------  -----  --------  --------  --------  --------  -----------  ----------------------------
 33,554          1  33,554    33,554    33,554    33,554    0,000        [CUDA memcpy Device-to-Host]
 33,554          1  33,554    33,554    33,554    33,554    0,000        [CUDA memcpy Host-to-Device]

Processing [data/_square_euclidean_jfa_shared.sqlite] with [/opt/nvidia/nsight-systems/2026.3.1/target-linux-x64/reports/openmp_sum.py]... 
SKIPPED: data/_square_euclidean_jfa_shared.sqlite does not contain OpenMP event data.

Processing [data/_square_euclidean_jfa_shared.sqlite] with [/opt/nvidia/nsight-systems/2026.3.1/target-linux-x64/reports/opengl_khr_range_sum.py]... 
SKIPPED: data/_square_euclidean_jfa_shared.sqlite does not contain KHR Extension (KHR_DEBUG) data.

Processing [data/_square_euclidean_jfa_shared.sqlite] with [/opt/nvidia/nsight-systems/2026.3.1/target-linux-x64/reports/opengl_khr_gpu_range_sum.py]... 
SKIPPED: data/_square_euclidean_jfa_shared.sqlite does not contain GPU KHR Extension (KHR_DEBUG) data.

Processing [data/_square_euclidean_jfa_shared.sqlite] with [/opt/nvidia/nsight-systems/2026.3.1/target-linux-x64/reports/vulkan_marker_sum.py]... 
SKIPPED: data/_square_euclidean_jfa_shared.sqlite does not contain Vulkan Debug Extension (Vulkan Debug Util) data.

Processing [data/_square_euclidean_jfa_shared.sqlite] with [/opt/nvidia/nsight-systems/2026.3.1/target-linux-x64/reports/vulkan_gpu_marker_sum.py]... 
SKIPPED: data/_square_euclidean_jfa_shared.sqlite does not contain GPU Vulkan Debug Extension (GPU Vulkan Debug markers) data.

Processing [data/_square_euclidean_jfa_shared.sqlite] with [/opt/nvidia/nsight-systems/2026.3.1/target-linux-x64/reports/dx11_pix_sum.py]... 
SKIPPED: data/_square_euclidean_jfa_shared.sqlite does not contain DX11 CPU debug markers.

Processing [data/_square_euclidean_jfa_shared.sqlite] with [/opt/nvidia/nsight-systems/2026.3.1/target-linux-x64/reports/dx12_gpu_marker_sum.py]... 
SKIPPED: data/_square_euclidean_jfa_shared.sqlite does not contain DX12 GPU debug markers.

Processing [data/_square_euclidean_jfa_shared.sqlite] with [/opt/nvidia/nsight-systems/2026.3.1/target-linux-x64/reports/dx12_pix_sum.py]... 
SKIPPED: data/_square_euclidean_jfa_shared.sqlite does not contain DX12 CPU debug markers.

Processing [data/_square_euclidean_jfa_shared.sqlite] with [/opt/nvidia/nsight-systems/2026.3.1/target-linux-x64/reports/wddm_queue_sum.py]... 
SKIPPED: data/_square_euclidean_jfa_shared.sqlite does not contain WDDM context data.

Processing [data/_square_euclidean_jfa_shared.sqlite] with [/opt/nvidia/nsight-systems/2026.3.1/target-linux-x64/reports/um_sum.py]... 
SKIPPED: data/_square_euclidean_jfa_shared.sqlite does not contain CUDA Unified Memory CPU page faults data.

Processing [data/_square_euclidean_jfa_shared.sqlite] with [/opt/nvidia/nsight-systems/2026.3.1/target-linux-x64/reports/um_total_sum.py]... 
SKIPPED: data/_square_euclidean_jfa_shared.sqlite does not contain CUDA Unified Memory CPU page faults data.

Processing [data/_square_euclidean_jfa_shared.sqlite] with [/opt/nvidia/nsight-systems/2026.3.1/target-linux-x64/reports/um_cpu_page_faults_sum.py]... 
SKIPPED: data/_square_euclidean_jfa_shared.sqlite does not contain CUDA Unified Memory CPU page faults data.

Processing [data/_square_euclidean_jfa_shared.sqlite] with [/opt/nvidia/nsight-systems/2026.3.1/target-linux-x64/reports/openacc_sum.py]... 
SKIPPED: data/_square_euclidean_jfa_shared.sqlite does not contain OpenACC event data.

Processing [data/_square_euclidean_jfa_shared.sqlite] with [/opt/nvidia/nsight-systems/2026.3.1/target-linux-x64/reports/syscall_sum.py]... 
SKIPPED: data/_square_euclidean_jfa_shared.sqlite does not contain syscall data.

