Generating SQLite file data/_jfa_inout_square_euclidean.sqlite from data/_jfa_inout_square_euclidean.nsys-rep
Processing [data/_jfa_inout_square_euclidean.sqlite] with [/opt/nvidia/nsight-systems/2026.3.1/target-linux-x64/reports/nvtx_sum.py]... 
SKIPPED: data/_jfa_inout_square_euclidean.sqlite does not contain NV Tools Extension (NVTX) data.

Processing [data/_jfa_inout_square_euclidean.sqlite] with [/opt/nvidia/nsight-systems/2026.3.1/target-linux-x64/reports/osrt_sum.py]... 

 ** OS Runtime Summary (osrt_sum):

 Time (%)  Total Time (ns)  Num Calls     Avg (ns)         Med (ns)        Min (ns)       Max (ns)      StdDev (ns)            Name         
 --------  ---------------  ---------  ---------------  ---------------  -------------  -------------  -------------  ----------------------
     43,0    2.578.226.197        125     20.625.809,0     10.088.677,0          1.170    201.890.856   32.286.469,0  poll                  
     28,0    1.681.290.942          1  1.681.290.942,0  1.681.290.942,0  1.681.290.942  1.681.290.942            0,0  sem_clockwait         
     14,0      842.509.098         21     40.119.480,0      1.386.761,0         11.060    500.093.177  126.215.554,0  pthread_cond_timedwait
     10,0      618.314.984     16.193         38.184,0          1.290,0          1.000    115.301.158    1.224.287,0  read                  
      3,0      189.504.819        786        241.100,0         15.035,0          1.030     23.810.066    1.019.354,0  ioctl                 
      0,0       20.534.881      5.445          3.771,0          2.050,0          1.020      3.420.262       48.140,0  stat64                
      0,0        9.918.936        834         11.893,0          1.740,0          1.550      4.387.563      166.394,0  mmap64                
      0,0        8.522.725      2.238          3.808,0          3.480,0          1.220         36.890        1.602,0  open64                
      0,0        5.489.253        814          6.743,0          2.360,0          2.110      2.809.022       98.910,0  munmap                
      0,0        2.440.092      1.828          1.334,0          1.190,0          1.000         11.580          684,0  close                 
      0,0        1.853.651         19         97.560,0         48.710,0         15.780        464.961      137.904,0  sem_timedwait         
      0,0        1.332.800        103         12.939,0          2.930,0          2.160        276.040       45.813,0  mmap                  
      0,0          819.180          3        273.060,0        261.930,0        146.160        411.090      132.815,0  pthread_join          
      0,0          583.541          1        583.541,0        583.541,0        583.541        583.541            0,0  sem_wait              
      0,0          505.670        389          1.299,0          1.060,0          1.000          8.610          836,0  fstat64               
      0,0          373.010        214          1.743,0          1.690,0          1.020          6.610          439,0  lstat64               
      0,0          334.780         37          9.048,0          7.100,0          1.130         56.680        9.085,0  fgets                 
      0,0          326.911          2        163.455,0        163.455,0         13.590        313.321      211.941,0  pthread_mutex_lock    
      0,0          326.060         58          5.621,0          6.165,0          1.000         16.200        2.713,0  write                 
      0,0          324.680        210          1.546,0          1.470,0          1.090          3.740          315,0  stat                  
      0,0          287.810          5         57.562,0         64.060,0         35.180         73.570       15.280,0  pthread_create        
      0,0          250.401         47          5.327,0          3.660,0          1.090         26.770        4.630,0  fopen                 
      0,0          128.450         45          2.854,0          2.250,0          1.000          7.220        1.738,0  pthread_cond_signal   
      0,0           91.730         49          1.872,0          1.630,0          1.000          6.030          902,0  fclose                
      0,0           70.900          1         70.900,0         70.900,0         70.900         70.900            0,0  pthread_cond_wait     
      0,0           54.500         10          5.450,0          4.965,0          2.220         11.010        3.006,0  pipe2                 
      0,0           53.480          3         17.826,0         17.230,0          8.630         27.620        9.509,0  waitpid               
      0,0           45.310          3         15.103,0         11.200,0          3.200         30.910       14.261,0  socket                
      0,0           41.090          7          5.870,0          5.050,0          1.870         14.040        4.039,0  open                  
      0,0           30.340          4          7.585,0          7.875,0          2.880         11.710        3.620,0  fread                 
      0,0           29.660          6          4.943,0          3.210,0          1.550         13.410        4.556,0  fopen64               
      0,0           18.190          2          9.095,0          9.095,0          8.470          9.720          883,0  connect               
      0,0            9.780          6          1.630,0          1.600,0          1.070          2.030          345,0  close_range           
      0,0            7.760          1          7.760,0          7.760,0          7.760          7.760            0,0  pthread_kill          
      0,0            6.430          5          1.286,0          1.340,0          1.030          1.640          259,0  sigaction             
      0,0            4.040          1          4.040,0          4.040,0          4.040          4.040            0,0  mprotect              
      0,0            3.300          2          1.650,0          1.650,0          1.290          2.010          509,0  fwrite                
      0,0            3.270          3          1.090,0          1.060,0          1.020          1.190           88,0  dup2                  
      0,0            2.640          1          2.640,0          2.640,0          2.640          2.640            0,0  pthread_cond_broadcast
      0,0            2.190          2          1.095,0          1.095,0          1.000          1.190          134,0  fcntl                 
      0,0            1.930          1          1.930,0          1.930,0          1.930          1.930            0,0  bind                  
      0,0            1.580          1          1.580,0          1.580,0          1.580          1.580            0,0  getc                  
      0,0            1.210          1          1.210,0          1.210,0          1.210          1.210            0,0  fstat                 
      0,0            1.190          1          1.190,0          1.190,0          1.190          1.190            0,0  fcntl64               
      0,0            1.060          1          1.060,0          1.060,0          1.060          1.060            0,0  fputc                 

Processing [data/_jfa_inout_square_euclidean.sqlite] with [/opt/nvidia/nsight-systems/2026.3.1/target-linux-x64/reports/cuda_api_sum.py]... 

 ** CUDA API Summary (cuda_api_sum):

 Time (%)  Total Time (ns)  Num Calls  Avg (ns)   Med (ns)   Min (ns)  Max (ns)   StdDev (ns)          Name        
 --------  ---------------  ---------  ---------  ---------  --------  ---------  -----------  --------------------
     80,0       16.806.221      1.025   16.396,0   13.310,0     5.720  3.215.453    100.551,0  cuMemcpyDtoH_v2     
     10,0        2.225.342         11  202.303,0    5.460,0     4.280  2.148.342    645.454,0  cuLaunchKernelEx    
      6,0        1.378.941          2  689.470,0  689.470,0    36.970  1.341.971    922.775,0  cuMemcpyHtoD_v2     
      1,0          375.000          2  187.500,0  187.500,0   176.590    198.410     15.429,0  cuMemAlloc_v2       
      0,0           45.200          1   45.200,0   45.200,0    45.200     45.200          0,0  cuLibraryLoadData   
      0,0           28.280          1   28.280,0   28.280,0    28.280     28.280          0,0  cuMemGetInfo_v2     
      0,0           13.370          2    6.685,0    6.685,0     3.980      9.390      3.825,0  cuInit              
      0,0            5.900          1    5.900,0    5.900,0     5.900      5.900          0,0  cuCtxSetCurrent     
      0,0            1.370          5      274,0      150,0       100        620        230,0  cuKernelGetAttribute
      0,0              510          1      510,0      510,0       510        510          0,0  cuLibraryGetKernel  

Processing [data/_jfa_inout_square_euclidean.sqlite] with [/opt/nvidia/nsight-systems/2026.3.1/target-linux-x64/reports/cuda_gpu_kern_sum.py]... 

 ** CUDA GPU Kernel Summary (cuda_gpu_kern_sum):

 Time (%)  Total Time (ns)  Instances  Avg (ns)   Med (ns)   Min (ns)  Max (ns)  StdDev (ns)                                                  Name                                                
 --------  ---------------  ---------  ---------  ---------  --------  --------  -----------  ----------------------------------------------------------------------------------------------------
    100,0        1.381.211         11  125.564,0  126.946,0   115.842   131.267      5.386,0  __main__::_jfa_inout_pass_square_euclidean_kernel[abi:v16,cw51cXTLSUwv1sDUaKthaKSjYKCpo4BIW7AwQwoOW…

Processing [data/_jfa_inout_square_euclidean.sqlite] with [/opt/nvidia/nsight-systems/2026.3.1/target-linux-x64/reports/cuda_gpu_mem_time_sum.py]... 

 ** CUDA GPU MemOps Summary (by Time) (cuda_gpu_mem_time_sum):

 Time (%)  Total Time (ns)  Count  Avg (ns)   Med (ns)   Min (ns)  Max (ns)   StdDev (ns)           Operation          
 --------  ---------------  -----  ---------  ---------  --------  ---------  -----------  ----------------------------
     63,0        2.332.301  1.025    2.275,0      320,0       256  1.987.304     62.062,0  [CUDA memcpy Device-to-Host]
     36,0        1.360.731      2  680.365,0  680.365,0       640  1.360.091    961.277,0  [CUDA memcpy Host-to-Device]

Processing [data/_jfa_inout_square_euclidean.sqlite] with [/opt/nvidia/nsight-systems/2026.3.1/target-linux-x64/reports/cuda_gpu_mem_size_sum.py]... 

 ** CUDA GPU MemOps Summary (by Size) (cuda_gpu_mem_size_sum):

 Total (MB)  Count  Avg (MB)  Med (MB)  Min (MB)  Max (MB)  StdDev (MB)           Operation          
 ----------  -----  --------  --------  --------  --------  -----------  ----------------------------
 16,781      1.025  0,016     0,000     0,000     16,777    0,524        [CUDA memcpy Device-to-Host]
 16,781          2  8,391     8,391     0,004     16,777    11,860       [CUDA memcpy Host-to-Device]

Processing [data/_jfa_inout_square_euclidean.sqlite] with [/opt/nvidia/nsight-systems/2026.3.1/target-linux-x64/reports/openmp_sum.py]... 
SKIPPED: data/_jfa_inout_square_euclidean.sqlite does not contain OpenMP event data.

Processing [data/_jfa_inout_square_euclidean.sqlite] with [/opt/nvidia/nsight-systems/2026.3.1/target-linux-x64/reports/opengl_khr_range_sum.py]... 
SKIPPED: data/_jfa_inout_square_euclidean.sqlite does not contain KHR Extension (KHR_DEBUG) data.

Processing [data/_jfa_inout_square_euclidean.sqlite] with [/opt/nvidia/nsight-systems/2026.3.1/target-linux-x64/reports/opengl_khr_gpu_range_sum.py]... 
SKIPPED: data/_jfa_inout_square_euclidean.sqlite does not contain GPU KHR Extension (KHR_DEBUG) data.

Processing [data/_jfa_inout_square_euclidean.sqlite] with [/opt/nvidia/nsight-systems/2026.3.1/target-linux-x64/reports/vulkan_marker_sum.py]... 
SKIPPED: data/_jfa_inout_square_euclidean.sqlite does not contain Vulkan Debug Extension (Vulkan Debug Util) data.

Processing [data/_jfa_inout_square_euclidean.sqlite] with [/opt/nvidia/nsight-systems/2026.3.1/target-linux-x64/reports/vulkan_gpu_marker_sum.py]... 
SKIPPED: data/_jfa_inout_square_euclidean.sqlite does not contain GPU Vulkan Debug Extension (GPU Vulkan Debug markers) data.

Processing [data/_jfa_inout_square_euclidean.sqlite] with [/opt/nvidia/nsight-systems/2026.3.1/target-linux-x64/reports/dx11_pix_sum.py]... 
SKIPPED: data/_jfa_inout_square_euclidean.sqlite does not contain DX11 CPU debug markers.

Processing [data/_jfa_inout_square_euclidean.sqlite] with [/opt/nvidia/nsight-systems/2026.3.1/target-linux-x64/reports/dx12_gpu_marker_sum.py]... 
SKIPPED: data/_jfa_inout_square_euclidean.sqlite does not contain DX12 GPU debug markers.

Processing [data/_jfa_inout_square_euclidean.sqlite] with [/opt/nvidia/nsight-systems/2026.3.1/target-linux-x64/reports/dx12_pix_sum.py]... 
SKIPPED: data/_jfa_inout_square_euclidean.sqlite does not contain DX12 CPU debug markers.

Processing [data/_jfa_inout_square_euclidean.sqlite] with [/opt/nvidia/nsight-systems/2026.3.1/target-linux-x64/reports/wddm_queue_sum.py]... 
SKIPPED: data/_jfa_inout_square_euclidean.sqlite does not contain WDDM context data.

Processing [data/_jfa_inout_square_euclidean.sqlite] with [/opt/nvidia/nsight-systems/2026.3.1/target-linux-x64/reports/um_sum.py]... 
SKIPPED: data/_jfa_inout_square_euclidean.sqlite does not contain CUDA Unified Memory CPU page faults data.

Processing [data/_jfa_inout_square_euclidean.sqlite] with [/opt/nvidia/nsight-systems/2026.3.1/target-linux-x64/reports/um_total_sum.py]... 
SKIPPED: data/_jfa_inout_square_euclidean.sqlite does not contain CUDA Unified Memory CPU page faults data.

Processing [data/_jfa_inout_square_euclidean.sqlite] with [/opt/nvidia/nsight-systems/2026.3.1/target-linux-x64/reports/um_cpu_page_faults_sum.py]... 
SKIPPED: data/_jfa_inout_square_euclidean.sqlite does not contain CUDA Unified Memory CPU page faults data.

Processing [data/_jfa_inout_square_euclidean.sqlite] with [/opt/nvidia/nsight-systems/2026.3.1/target-linux-x64/reports/openacc_sum.py]... 
SKIPPED: data/_jfa_inout_square_euclidean.sqlite does not contain OpenACC event data.

Processing [data/_jfa_inout_square_euclidean.sqlite] with [/opt/nvidia/nsight-systems/2026.3.1/target-linux-x64/reports/syscall_sum.py]... 
SKIPPED: data/_jfa_inout_square_euclidean.sqlite does not contain syscall data.

