Generating SQLite file data/_euclidean_hypot_warp_shfl.sqlite from data/_euclidean_hypot_warp_shfl.nsys-rep
Processing [data/_euclidean_hypot_warp_shfl.sqlite] with [/opt/nvidia/nsight-systems/2026.3.1/target-linux-x64/reports/nvtx_sum.py]... 
SKIPPED: data/_euclidean_hypot_warp_shfl.sqlite does not contain NV Tools Extension (NVTX) data.

Processing [data/_euclidean_hypot_warp_shfl.sqlite] with [/opt/nvidia/nsight-systems/2026.3.1/target-linux-x64/reports/osrt_sum.py]... 

 ** OS Runtime Summary (osrt_sum):

 Time (%)  Total Time (ns)  Num Calls     Avg (ns)         Med (ns)        Min (ns)       Max (ns)      StdDev (ns)            Name         
 --------  ---------------  ---------  ---------------  ---------------  -------------  -------------  -------------  ----------------------
     55,0    3.600.406.485        156     23.079.528,0     10.088.410,0          1.360    173.679.287   33.152.293,0  poll                  
     19,0    1.262.843.323          1  1.262.843.323,0  1.262.843.323,0  1.262.843.323  1.262.843.323            0,0  sem_clockwait         
     18,0    1.198.663.996          4    299.665.999,0    349.264.909,0         39.900    500.094.277  245.195.973,0  pthread_cond_timedwait
      3,0      244.617.062      8.213         29.784,0          1.240,0            999    105.483.440    1.563.158,0  read                  
      2,0      183.493.890        780        235.248,0         14.390,0          1.020     23.084.042      963.041,0  ioctl                 
      0,0       11.144.796      5.436          2.050,0          1.890,0          1.000         15.660          784,0  stat64                
      0,0        9.914.564        899         11.028,0          1.580,0          1.360      4.371.877      157.679,0  mmap64                
      0,0        7.041.199      2.244          3.137,0          2.810,0          1.060         39.150        1.642,0  open64                
      0,0        5.700.436        878          6.492,0          2.115,0          1.920      2.439.696       84.591,0  munmap                
      0,0        2.041.560         19        107.450,0         66.840,0         16.250        418.776      129.265,0  sem_timedwait         
      0,0        1.377.388        103         13.372,0          2.580,0          1.890        321.427       49.623,0  mmap                  
      0,0          586.525        385          1.523,0          1.100,0          1.000         11.029        1.271,0  close                 
      0,0          530.935          3        176.978,0        138.099,0        133.559        259.277       71.308,0  pthread_join          
      0,0          442.415          1        442.415,0        442.415,0        442.415        442.415            0,0  sem_wait              
      0,0          333.755        213          1.566,0          1.500,0          1.120          7.550          490,0  lstat64               
      0,0          329.444         61          5.400,0          5.680,0          1.100         21.259        3.168,0  write                 
      0,0          318.247         37          8.601,0          6.510,0          1.030         58.369        9.394,0  fgets                 
      0,0          305.258          5         61.051,0         64.039,0         33.370         84.999       19.906,0  pthread_create        
      0,0          291.886        209          1.396,0          1.320,0          1.080          3.639          322,0  stat                  
      0,0          231.598         47          4.927,0          2.940,0          1.090         23.030        4.466,0  fopen                 
      0,0           76.579         47          1.629,0          1.290,0          1.000          5.730          886,0  fclose                
      0,0           75.420         47          1.604,0          1.190,0          1.000          6.940        1.083,0  fstat64               
      0,0           70.740          1         70.740,0         70.740,0         70.740         70.740            0,0  pthread_cond_wait     
      0,0           58.980          3         19.660,0         21.500,0          7.990         29.490       10.867,0  waitpid               
      0,0           51.950         10          5.195,0          4.770,0          1.900         10.960        2.877,0  pipe2                 
      0,0           48.409         11          4.400,0          3.870,0          1.210          6.820        1.508,0  pthread_cond_signal   
      0,0           37.348          7          5.335,0          5.160,0          1.560         12.570        3.634,0  open                  
      0,0           25.270          4          6.317,0          6.550,0          2.030         10.140        3.330,0  fread                 
      0,0           23.940          6          3.990,0          2.725,0          1.310         10.300        3.428,0  fopen64               
      0,0           22.210          3          7.403,0          8.090,0          3.580         10.540        3.530,0  socket                
      0,0           18.780          2          9.390,0          9.390,0          9.110          9.670          396,0  connect               
      0,0           12.430          1         12.430,0         12.430,0         12.430         12.430            0,0  pthread_kill          
      0,0            9.450          6          1.575,0          1.520,0          1.250          1.940          335,0  close_range           
      0,0            4.250          3          1.416,0          1.150,0          1.100          2.000          505,0  sigaction             
      0,0            4.120          2          2.060,0          2.060,0          1.410          2.710          919,0  fwrite                
      0,0            3.930          1          3.930,0          3.930,0          3.930          3.930            0,0  mprotect              
      0,0            2.500          1          2.500,0          2.500,0          2.500          2.500            0,0  pthread_cond_broadcast
      0,0            1.830          1          1.830,0          1.830,0          1.830          1.830            0,0  bind                  
      0,0            1.190          1          1.190,0          1.190,0          1.190          1.190            0,0  fcntl                 

Processing [data/_euclidean_hypot_warp_shfl.sqlite] with [/opt/nvidia/nsight-systems/2026.3.1/target-linux-x64/reports/cuda_api_sum.py]... 

 ** CUDA API Summary (cuda_api_sum):

 Time (%)  Total Time (ns)  Num Calls   Avg (ns)     Med (ns)    Min (ns)   Max (ns)   StdDev (ns)          Name        
 --------  ---------------  ---------  -----------  -----------  ---------  ---------  -----------  --------------------
     91,0        6.980.841          1  6.980.841,0  6.980.841,0  6.980.841  6.980.841          0,0  cuMemcpyDtoH_v2     
      3,0          273.278          2    136.639,0    136.639,0     93.869    179.409     60.485,0  cuMemAlloc_v2       
      2,0          183.299          4     45.824,0     46.940,0     39.989     49.430      4.480,0  cuLibraryLoadData   
      1,0           88.469          1     88.469,0     88.469,0     88.469     88.469          0,0  cuLaunchKernelEx    
      0,0           34.110          1     34.110,0     34.110,0     34.110     34.110          0,0  cuMemGetInfo_v2     
      0,0           31.990          1     31.990,0     31.990,0     31.990     31.990          0,0  cuMemcpyHtoD_v2     
      0,0           21.810          5      4.362,0      4.810,0      2.600      4.980      1.008,0  cuInit              
      0,0            6.210         20        310,0        200,0         90        750        207,0  cuKernelGetAttribute
      0,0            3.220          1      3.220,0      3.220,0      3.220      3.220          0,0  cuCtxSetCurrent     
      0,0            1.960          4        490,0        495,0        430        540         46,0  cuLibraryGetKernel  

Processing [data/_euclidean_hypot_warp_shfl.sqlite] with [/opt/nvidia/nsight-systems/2026.3.1/target-linux-x64/reports/cuda_gpu_kern_sum.py]... 

 ** CUDA GPU Kernel Summary (cuda_gpu_kern_sum):

 Time (%)  Total Time (ns)  Instances   Avg (ns)     Med (ns)    Min (ns)   Max (ns)   StdDev (ns)                                                  Name                                                
 --------  ---------------  ---------  -----------  -----------  ---------  ---------  -----------  ----------------------------------------------------------------------------------------------------
    100,0        5.191.634          1  5.191.634,0  5.191.634,0  5.191.634  5.191.634          0,0  __main__::_voroni_euclidean_hypot_warp_shfl_kernel[abi:v19,cw51cXTLSUwv1sDUaKthaKSjYKCpo4BIW7AwQwoO…

Processing [data/_euclidean_hypot_warp_shfl.sqlite] with [/opt/nvidia/nsight-systems/2026.3.1/target-linux-x64/reports/cuda_gpu_mem_time_sum.py]... 

 ** CUDA GPU MemOps Summary (by Time) (cuda_gpu_mem_time_sum):

 Time (%)  Total Time (ns)  Count   Avg (ns)     Med (ns)    Min (ns)   Max (ns)   StdDev (ns)           Operation          
 --------  ---------------  -----  -----------  -----------  ---------  ---------  -----------  ----------------------------
    100,0        1.748.912      1  1.748.912,0  1.748.912,0  1.748.912  1.748.912          0,0  [CUDA memcpy Device-to-Host]
      0,0              640      1        640,0        640,0        640        640          0,0  [CUDA memcpy Host-to-Device]

Processing [data/_euclidean_hypot_warp_shfl.sqlite] with [/opt/nvidia/nsight-systems/2026.3.1/target-linux-x64/reports/cuda_gpu_mem_size_sum.py]... 

 ** CUDA GPU MemOps Summary (by Size) (cuda_gpu_mem_size_sum):

 Total (MB)  Count  Avg (MB)  Med (MB)  Min (MB)  Max (MB)  StdDev (MB)           Operation          
 ----------  -----  --------  --------  --------  --------  -----------  ----------------------------
 16,777          1  16,777    16,777    16,777    16,777    0,000        [CUDA memcpy Device-to-Host]
 0,004           1  0,004     0,004     0,004     0,004     0,000        [CUDA memcpy Host-to-Device]

Processing [data/_euclidean_hypot_warp_shfl.sqlite] with [/opt/nvidia/nsight-systems/2026.3.1/target-linux-x64/reports/openmp_sum.py]... 
SKIPPED: data/_euclidean_hypot_warp_shfl.sqlite does not contain OpenMP event data.

Processing [data/_euclidean_hypot_warp_shfl.sqlite] with [/opt/nvidia/nsight-systems/2026.3.1/target-linux-x64/reports/opengl_khr_range_sum.py]... 
SKIPPED: data/_euclidean_hypot_warp_shfl.sqlite does not contain KHR Extension (KHR_DEBUG) data.

Processing [data/_euclidean_hypot_warp_shfl.sqlite] with [/opt/nvidia/nsight-systems/2026.3.1/target-linux-x64/reports/opengl_khr_gpu_range_sum.py]... 
SKIPPED: data/_euclidean_hypot_warp_shfl.sqlite does not contain GPU KHR Extension (KHR_DEBUG) data.

Processing [data/_euclidean_hypot_warp_shfl.sqlite] with [/opt/nvidia/nsight-systems/2026.3.1/target-linux-x64/reports/vulkan_marker_sum.py]... 
SKIPPED: data/_euclidean_hypot_warp_shfl.sqlite does not contain Vulkan Debug Extension (Vulkan Debug Util) data.

Processing [data/_euclidean_hypot_warp_shfl.sqlite] with [/opt/nvidia/nsight-systems/2026.3.1/target-linux-x64/reports/vulkan_gpu_marker_sum.py]... 
SKIPPED: data/_euclidean_hypot_warp_shfl.sqlite does not contain GPU Vulkan Debug Extension (GPU Vulkan Debug markers) data.

Processing [data/_euclidean_hypot_warp_shfl.sqlite] with [/opt/nvidia/nsight-systems/2026.3.1/target-linux-x64/reports/dx11_pix_sum.py]... 
SKIPPED: data/_euclidean_hypot_warp_shfl.sqlite does not contain DX11 CPU debug markers.

Processing [data/_euclidean_hypot_warp_shfl.sqlite] with [/opt/nvidia/nsight-systems/2026.3.1/target-linux-x64/reports/dx12_gpu_marker_sum.py]... 
SKIPPED: data/_euclidean_hypot_warp_shfl.sqlite does not contain DX12 GPU debug markers.

Processing [data/_euclidean_hypot_warp_shfl.sqlite] with [/opt/nvidia/nsight-systems/2026.3.1/target-linux-x64/reports/dx12_pix_sum.py]... 
SKIPPED: data/_euclidean_hypot_warp_shfl.sqlite does not contain DX12 CPU debug markers.

Processing [data/_euclidean_hypot_warp_shfl.sqlite] with [/opt/nvidia/nsight-systems/2026.3.1/target-linux-x64/reports/wddm_queue_sum.py]... 
SKIPPED: data/_euclidean_hypot_warp_shfl.sqlite does not contain WDDM context data.

Processing [data/_euclidean_hypot_warp_shfl.sqlite] with [/opt/nvidia/nsight-systems/2026.3.1/target-linux-x64/reports/um_sum.py]... 
SKIPPED: data/_euclidean_hypot_warp_shfl.sqlite does not contain CUDA Unified Memory CPU page faults data.

Processing [data/_euclidean_hypot_warp_shfl.sqlite] with [/opt/nvidia/nsight-systems/2026.3.1/target-linux-x64/reports/um_total_sum.py]... 
SKIPPED: data/_euclidean_hypot_warp_shfl.sqlite does not contain CUDA Unified Memory CPU page faults data.

Processing [data/_euclidean_hypot_warp_shfl.sqlite] with [/opt/nvidia/nsight-systems/2026.3.1/target-linux-x64/reports/um_cpu_page_faults_sum.py]... 
SKIPPED: data/_euclidean_hypot_warp_shfl.sqlite does not contain CUDA Unified Memory CPU page faults data.

Processing [data/_euclidean_hypot_warp_shfl.sqlite] with [/opt/nvidia/nsight-systems/2026.3.1/target-linux-x64/reports/openacc_sum.py]... 
SKIPPED: data/_euclidean_hypot_warp_shfl.sqlite does not contain OpenACC event data.

Processing [data/_euclidean_hypot_warp_shfl.sqlite] with [/opt/nvidia/nsight-systems/2026.3.1/target-linux-x64/reports/syscall_sum.py]... 
SKIPPED: data/_euclidean_hypot_warp_shfl.sqlite does not contain syscall data.

