Generating SQLite file data/_square_euclidean_jfa_SoA.sqlite from data/_square_euclidean_jfa_SoA.nsys-rep
Processing [data/_square_euclidean_jfa_SoA.sqlite] with [/opt/nvidia/nsight-systems/2026.3.1/target-linux-x64/reports/nvtx_sum.py]... 
SKIPPED: data/_square_euclidean_jfa_SoA.sqlite does not contain NV Tools Extension (NVTX) data.

Processing [data/_square_euclidean_jfa_SoA.sqlite] with [/opt/nvidia/nsight-systems/2026.3.1/target-linux-x64/reports/osrt_sum.py]... 

 ** OS Runtime Summary (osrt_sum):

 Time (%)  Total Time (ns)  Num Calls     Avg (ns)         Med (ns)        Min (ns)       Max (ns)      StdDev (ns)            Name         
 --------  ---------------  ---------  ---------------  ---------------  -------------  -------------  -------------  ----------------------
     63,0    8.236.842.371        540     15.253.411,0     10.072.083,0          1.290    201.262.824   23.099.874,0  poll                  
     21,0    2.827.435.840          7    403.919.405,0    500.067.144,0         48.068    500.090.553  189.411.606,0  pthread_cond_timedwait
     10,0    1.394.049.749          1  1.394.049.749,0  1.394.049.749,0  1.394.049.749  1.394.049.749            0,0  sem_clockwait         
      2,0      281.807.750     14.708         19.160,0          1.240,0            999    121.196.202    1.330.118,0  read                  
      1,0      189.100.079        785        240.891,0         14.540,0          1.030     24.313.743      997.438,0  ioctl                 
      0,0       12.925.850      5.558          2.325,0          2.100,0          1.020         64.357        1.533,0  stat64                
      0,0        9.949.224        727         13.685,0          1.949,0          1.560      4.426.503      174.772,0  mmap64                
      0,0        9.039.364      2.290          3.947,0          3.170,0          1.230         93.416        3.388,0  open64                
      0,0        5.644.771        707          7.984,0          2.760,0          2.040      2.370.158       89.753,0  munmap                
      0,0        1.846.335      1.179          1.566,0          1.140,0            999         35.228        1.698,0  close                 
      0,0        1.636.024         19         86.106,0         43.108,0         13.759        588.760      148.218,0  sem_timedwait         
      0,0        1.343.190        104         12.915,0          2.740,0          2.080        265.636       44.793,0  mmap                  
      0,0          535.432          3        178.477,0        143.952,0        143.733        247.747       59.989,0  pthread_join          
      0,0          498.964          1        498.964,0        498.964,0        498.964        498.964            0,0  sem_wait              
      0,0          477.688         43         11.109,0          9.340,0          1.000         59.037        9.660,0  fgets                 
      0,0          474.468        286          1.659,0          1.260,0          1.000          6.270          895,0  fstat64               
      0,0          396.861        214          1.854,0          1.740,0          1.010          9.110          596,0  lstat64               
      0,0          362.116         63          5.747,0          6.290,0          1.060         20.688        3.384,0  write                 
      0,0          322.030        210          1.533,0          1.445,0          1.190          3.550          293,0  stat                  
      0,0          311.434          5         62.286,0         68.776,0         42.178         83.606       17.949,0  pthread_create        
      0,0          273.932         47          5.828,0          3.650,0          1.080         35.238        6.070,0  fopen                 
      0,0           98.357         15          6.557,0          4.310,0          1.040         31.928        7.568,0  pthread_cond_signal   
      0,0           95.775         48          1.995,0          1.640,0          1.010          6.229        1.076,0  fclose                
      0,0           78.346          1         78.346,0         78.346,0         78.346         78.346            0,0  backtrace             
      0,0           68.356          3         22.785,0         20.249,0         18.859         29.248        5.639,0  waitpid               
      0,0           66.536          1         66.536,0         66.536,0         66.536         66.536            0,0  pthread_cond_wait     
      0,0           50.228         10          5.022,0          4.730,0          2.170          9.379        2.464,0  pipe2                 
      0,0           47.648          7          6.806,0          5.750,0          1.740         19.889        6.035,0  open                  
      0,0           31.448          6          5.241,0          3.074,0          1.490         16.529        5.742,0  fopen64               
      0,0           29.479          4          7.369,0          7.949,0          3.090         10.490        3.132,0  fread                 
      0,0           25.528          3          8.509,0          8.899,0          5.930         10.699        2.408,0  socket                
      0,0           20.799          2         10.399,0         10.399,0          7.590         13.209        3.973,0  connect               
      0,0           11.349          6          1.891,0          1.889,0          1.580          2.280          256,0  close_range           
      0,0            6.780          5          1.356,0          1.240,0          1.210          1.850          276,0  sigaction             
      0,0            6.470          2          3.235,0          3.235,0          2.440          4.030        1.124,0  fwrite                
      0,0            5.519          1          5.519,0          5.519,0          5.519          5.519            0,0  pthread_kill          
      0,0            4.839          4          1.209,0          1.120,0          1.050          1.549          228,0  fcntl                 
      0,0            3.580          3          1.193,0          1.210,0          1.120          1.250           66,0  dup2                  
      0,0            2.970          1          2.970,0          2.970,0          2.970          2.970            0,0  mprotect              
      0,0            2.680          1          2.680,0          2.680,0          2.680          2.680            0,0  pthread_cond_broadcast
      0,0            2.470          2          1.235,0          1.235,0          1.140          1.330          134,0  fcntl64               
      0,0            1.929          1          1.929,0          1.929,0          1.929          1.929            0,0  bind                  
      0,0            1.710          1          1.710,0          1.710,0          1.710          1.710            0,0  fputc                 
      0,0            1.180          1          1.180,0          1.180,0          1.180          1.180            0,0  getc                  
      0,0            1.170          1          1.170,0          1.170,0          1.170          1.170            0,0  fstat                 

Processing [data/_square_euclidean_jfa_SoA.sqlite] with [/opt/nvidia/nsight-systems/2026.3.1/target-linux-x64/reports/cuda_api_sum.py]... 

 ** CUDA API Summary (cuda_api_sum):

 Time (%)  Total Time (ns)  Num Calls   Avg (ns)     Med (ns)    Min (ns)   Max (ns)   StdDev (ns)          Name        
 --------  ---------------  ---------  -----------  -----------  ---------  ---------  -----------  --------------------
     52,0        4.530.908          1  4.530.908,0  4.530.908,0  4.530.908  4.530.908          0,0  cuMemcpyDtoH_v2     
     29,0        2.528.870          1  2.528.870,0  2.528.870,0  2.528.870  2.528.870          0,0  cuMemcpyHtoD_v2     
      8,0          724.542         13     55.734,0     51.377,0     43.948     91.726     13.128,0  cuLibraryLoadData   
      4,0          418.639          2    209.319,0    209.319,0    159.902    258.737     69.886,0  cuMemAlloc_v2       
      2,0          213.800         11     19.436,0      3.170,0      2.820    179.981     53.252,0  cuLaunchKernelEx    
      1,0          124.725         11     11.338,0      6.929,0      6.020     51.787     13.469,0  cuLibraryUnload     
      1,0           92.248         14      6.589,0      6.105,0      3.580     12.260      2.009,0  cuInit              
      0,0           40.748          1     40.748,0     40.748,0     40.748     40.748          0,0  cuMemGetInfo_v2     
      0,0           25.248         65        388,0        270,0        100      1.510        313,0  cuKernelGetAttribute
      0,0            7.868         13        605,0        510,0        400      1.889        389,0  cuLibraryGetKernel  
      0,0            4.180          1      4.180,0      4.180,0      4.180      4.180          0,0  cuCtxSetCurrent     

Processing [data/_square_euclidean_jfa_SoA.sqlite] with [/opt/nvidia/nsight-systems/2026.3.1/target-linux-x64/reports/cuda_gpu_kern_sum.py]... 

 ** CUDA GPU Kernel Summary (cuda_gpu_kern_sum):

 Time (%)  Total Time (ns)  Instances  Avg (ns)   Med (ns)   Min (ns)  Max (ns)  StdDev (ns)                                                  Name                                                
 --------  ---------------  ---------  ---------  ---------  --------  --------  -----------  ----------------------------------------------------------------------------------------------------
    100,0        1.428.947         11  129.904,0  129.916,0   120.828   141.852      6.772,0  __main__::_jfa_pass_SoA_square_euclidean_kernel[abi:v67,cw51cXTLSUwv1sDUaKthaKSjYKCpo4BIW7AwQwoOW3B…

Processing [data/_square_euclidean_jfa_SoA.sqlite] with [/opt/nvidia/nsight-systems/2026.3.1/target-linux-x64/reports/cuda_gpu_mem_time_sum.py]... 

 ** CUDA GPU MemOps Summary (by Time) (cuda_gpu_mem_time_sum):

 Time (%)  Total Time (ns)  Count   Avg (ns)     Med (ns)    Min (ns)   Max (ns)   StdDev (ns)           Operation          
 --------  ---------------  -----  -----------  -----------  ---------  ---------  -----------  ----------------------------
     57,0        3.307.640      1  3.307.640,0  3.307.640,0  3.307.640  3.307.640          0,0  [CUDA memcpy Device-to-Host]
     43,0        2.492.306      1  2.492.306,0  2.492.306,0  2.492.306  2.492.306          0,0  [CUDA memcpy Host-to-Device]

Processing [data/_square_euclidean_jfa_SoA.sqlite] with [/opt/nvidia/nsight-systems/2026.3.1/target-linux-x64/reports/cuda_gpu_mem_size_sum.py]... 

 ** CUDA GPU MemOps Summary (by Size) (cuda_gpu_mem_size_sum):

 Total (MB)  Count  Avg (MB)  Med (MB)  Min (MB)  Max (MB)  StdDev (MB)           Operation          
 ----------  -----  --------  --------  --------  --------  -----------  ----------------------------
 33,554          1  33,554    33,554    33,554    33,554    0,000        [CUDA memcpy Device-to-Host]
 33,554          1  33,554    33,554    33,554    33,554    0,000        [CUDA memcpy Host-to-Device]

Processing [data/_square_euclidean_jfa_SoA.sqlite] with [/opt/nvidia/nsight-systems/2026.3.1/target-linux-x64/reports/openmp_sum.py]... 
SKIPPED: data/_square_euclidean_jfa_SoA.sqlite does not contain OpenMP event data.

Processing [data/_square_euclidean_jfa_SoA.sqlite] with [/opt/nvidia/nsight-systems/2026.3.1/target-linux-x64/reports/opengl_khr_range_sum.py]... 
SKIPPED: data/_square_euclidean_jfa_SoA.sqlite does not contain KHR Extension (KHR_DEBUG) data.

Processing [data/_square_euclidean_jfa_SoA.sqlite] with [/opt/nvidia/nsight-systems/2026.3.1/target-linux-x64/reports/opengl_khr_gpu_range_sum.py]... 
SKIPPED: data/_square_euclidean_jfa_SoA.sqlite does not contain GPU KHR Extension (KHR_DEBUG) data.

Processing [data/_square_euclidean_jfa_SoA.sqlite] with [/opt/nvidia/nsight-systems/2026.3.1/target-linux-x64/reports/vulkan_marker_sum.py]... 
SKIPPED: data/_square_euclidean_jfa_SoA.sqlite does not contain Vulkan Debug Extension (Vulkan Debug Util) data.

Processing [data/_square_euclidean_jfa_SoA.sqlite] with [/opt/nvidia/nsight-systems/2026.3.1/target-linux-x64/reports/vulkan_gpu_marker_sum.py]... 
SKIPPED: data/_square_euclidean_jfa_SoA.sqlite does not contain GPU Vulkan Debug Extension (GPU Vulkan Debug markers) data.

Processing [data/_square_euclidean_jfa_SoA.sqlite] with [/opt/nvidia/nsight-systems/2026.3.1/target-linux-x64/reports/dx11_pix_sum.py]... 
SKIPPED: data/_square_euclidean_jfa_SoA.sqlite does not contain DX11 CPU debug markers.

Processing [data/_square_euclidean_jfa_SoA.sqlite] with [/opt/nvidia/nsight-systems/2026.3.1/target-linux-x64/reports/dx12_gpu_marker_sum.py]... 
SKIPPED: data/_square_euclidean_jfa_SoA.sqlite does not contain DX12 GPU debug markers.

Processing [data/_square_euclidean_jfa_SoA.sqlite] with [/opt/nvidia/nsight-systems/2026.3.1/target-linux-x64/reports/dx12_pix_sum.py]... 
SKIPPED: data/_square_euclidean_jfa_SoA.sqlite does not contain DX12 CPU debug markers.

Processing [data/_square_euclidean_jfa_SoA.sqlite] with [/opt/nvidia/nsight-systems/2026.3.1/target-linux-x64/reports/wddm_queue_sum.py]... 
SKIPPED: data/_square_euclidean_jfa_SoA.sqlite does not contain WDDM context data.

Processing [data/_square_euclidean_jfa_SoA.sqlite] with [/opt/nvidia/nsight-systems/2026.3.1/target-linux-x64/reports/um_sum.py]... 
SKIPPED: data/_square_euclidean_jfa_SoA.sqlite does not contain CUDA Unified Memory CPU page faults data.

Processing [data/_square_euclidean_jfa_SoA.sqlite] with [/opt/nvidia/nsight-systems/2026.3.1/target-linux-x64/reports/um_total_sum.py]... 
SKIPPED: data/_square_euclidean_jfa_SoA.sqlite does not contain CUDA Unified Memory CPU page faults data.

Processing [data/_square_euclidean_jfa_SoA.sqlite] with [/opt/nvidia/nsight-systems/2026.3.1/target-linux-x64/reports/um_cpu_page_faults_sum.py]... 
SKIPPED: data/_square_euclidean_jfa_SoA.sqlite does not contain CUDA Unified Memory CPU page faults data.

Processing [data/_square_euclidean_jfa_SoA.sqlite] with [/opt/nvidia/nsight-systems/2026.3.1/target-linux-x64/reports/openacc_sum.py]... 
SKIPPED: data/_square_euclidean_jfa_SoA.sqlite does not contain OpenACC event data.

Processing [data/_square_euclidean_jfa_SoA.sqlite] with [/opt/nvidia/nsight-systems/2026.3.1/target-linux-x64/reports/syscall_sum.py]... 
SKIPPED: data/_square_euclidean_jfa_SoA.sqlite does not contain syscall data.

