Generating SQLite file data/_square_euclidean.sqlite from data/_square_euclidean.nsys-rep
Processing [data/_square_euclidean.sqlite] with [/opt/nvidia/nsight-systems/2026.3.1/target-linux-x64/reports/nvtx_sum.py]... 
SKIPPED: data/_square_euclidean.sqlite does not contain NV Tools Extension (NVTX) data.

Processing [data/_square_euclidean.sqlite] with [/opt/nvidia/nsight-systems/2026.3.1/target-linux-x64/reports/osrt_sum.py]... 

 ** OS Runtime Summary (osrt_sum):

 Time (%)  Total Time (ns)  Num Calls     Avg (ns)         Med (ns)        Min (ns)       Max (ns)      StdDev (ns)            Name         
 --------  ---------------  ---------  ---------------  ---------------  -------------  -------------  -------------  ----------------------
     59,0    4.879.462.268        206     23.686.710,0     10.088.995,0          1.010    174.278.384   33.217.775,0  poll                  
     20,0    1.649.965.205          5    329.993.041,0    500.087.157,0         47.179    500.087.737  238.842.041,0  pthread_cond_timedwait
     15,0    1.264.067.280          1  1.264.067.280,0  1.264.067.280,0  1.264.067.280  1.264.067.280            0,0  sem_clockwait         
      3,0      247.413.192      8.508         29.080,0          1.240,0            999    105.847.410    1.546.428,0  read                  
      2,0      179.942.245        777        231.585,0         14.950,0          1.000     23.209.930      957.356,0  ioctl                 
      0,0       11.452.057      5.529          2.071,0          1.900,0          1.000         22.930          914,0  stat64                
      0,0        9.763.436        903         10.812,0          1.620,0          1.389      4.415.548      156.672,0  mmap64                
      0,0        7.479.144      2.278          3.283,0          2.850,0          1.080         59.119        2.253,0  open64                
      0,0        5.703.501        881          6.473,0          2.480,0          1.920      2.461.337       84.152,0  munmap                
      0,0        1.776.869         19         93.519,0         53.679,0         14.710        556.904      133.237,0  sem_timedwait         
      0,0        1.328.378        103         12.896,0          2.680,0          1.990        293.477       46.052,0  mmap                  
      0,0          650.895        411          1.583,0          1.120,0          1.000         11.320        1.284,0  close                 
      0,0          599.204          3        199.734,0        187.628,0        159.708        251.868       47.257,0  pthread_join          
      0,0          378.337          1        378.337,0        378.337,0        378.337        378.337            0,0  sem_wait              
      0,0          347.458         60          5.791,0          6.090,0          1.000         23.300        3.431,0  write                 
      0,0          333.676         43          7.759,0          5.960,0          1.110         68.859       10.000,0  fgets                 
      0,0          332.296        213          1.560,0          1.500,0          1.180          6.890          426,0  lstat64               
      0,0          289.749        209          1.386,0          1.300,0          1.050          3.740          330,0  stat                  
      0,0          281.087          5         56.217,0         52.960,0         39.559         77.069       13.843,0  pthread_create        
      0,0          223.397         46          4.856,0          2.805,0          1.170         21.719        4.442,0  fopen                 
      0,0          107.088         61          1.755,0          1.410,0          1.000          6.340          884,0  fstat64               
      0,0           70.069          1         70.069,0         70.069,0         70.069         70.069            0,0  pthread_cond_wait     
      0,0           68.000         44          1.545,0          1.215,0          1.000          4.430          709,0  fclose                
      0,0           57.780          3         19.260,0         20.630,0          7.160         29.990       11.476,0  waitpid               
      0,0           49.260         12          4.105,0          4.140,0          1.250          8.110        1.761,0  pthread_cond_signal   
      0,0           48.520         10          4.852,0          4.910,0          2.100          8.540        2.392,0  pipe2                 
      0,0           33.299          7          4.757,0          3.550,0          1.580          9.769        2.844,0  open                  
      0,0           27.399          6          4.566,0          3.490,0          1.340          9.289        3.480,0  fopen64               
      0,0           27.039          4          6.759,0          6.795,0          3.330         10.119        2.938,0  fread                 
      0,0           20.140          3          6.713,0          6.020,0          2.820         11.300        4.282,0  socket                
      0,0           18.310          2          9.155,0          9.155,0          8.710          9.600          629,0  connect               
      0,0            7.000          5          1.400,0          1.380,0          1.280          1.550          117,0  close_range           
      0,0            6.140          1          6.140,0          6.140,0          6.140          6.140            0,0  pthread_kill          
      0,0            3.770          3          1.256,0          1.070,0          1.040          1.660          349,0  sigaction             
      0,0            3.520          2          1.760,0          1.760,0          1.100          2.420          933,0  fwrite                
      0,0            3.200          1          3.200,0          3.200,0          3.200          3.200            0,0  mprotect              
      0,0            2.480          1          2.480,0          2.480,0          2.480          2.480            0,0  pthread_cond_broadcast
      0,0            2.180          2          1.090,0          1.090,0          1.050          1.130           56,0  fcntl64               
      0,0            1.790          1          1.790,0          1.790,0          1.790          1.790            0,0  bind                  
      0,0            1.190          1          1.190,0          1.190,0          1.190          1.190            0,0  getc                  
      0,0            1.070          1          1.070,0          1.070,0          1.070          1.070            0,0  fcntl                 

Processing [data/_square_euclidean.sqlite] with [/opt/nvidia/nsight-systems/2026.3.1/target-linux-x64/reports/cuda_api_sum.py]... 

 ** CUDA API Summary (cuda_api_sum):

 Time (%)  Total Time (ns)  Num Calls   Avg (ns)     Med (ns)    Min (ns)   Max (ns)   StdDev (ns)          Name        
 --------  ---------------  ---------  -----------  -----------  ---------  ---------  -----------  --------------------
     84,0        4.937.543          1  4.937.543,0  4.937.543,0  4.937.543  4.937.543          0,0  cuMemcpyDtoH_v2     
      6,0          404.355          9     44.928,0     45.570,0     40.970     47.940      2.768,0  cuLibraryLoadData   
      5,0          300.397          2    150.198,0    150.198,0    120.119    180.278     42.538,0  cuMemAlloc_v2       
      1,0           91.809          1     91.809,0     91.809,0     91.809     91.809          0,0  cuLaunchKernelEx    
      0,0           46.850         10      4.685,0      4.820,0      2.140      5.340        936,0  cuInit              
      0,0           32.729          1     32.729,0     32.729,0     32.729     32.729          0,0  cuMemGetInfo_v2     
      0,0           31.159          1     31.159,0     31.159,0     31.159     31.159          0,0  cuMemcpyHtoD_v2     
      0,0           14.910         45        331,0        200,0        100      1.390        245,0  cuKernelGetAttribute
      0,0            4.650          9        516,0        530,0        440        570         38,0  cuLibraryGetKernel  
      0,0            3.270          1      3.270,0      3.270,0      3.270      3.270          0,0  cuCtxSetCurrent     

Processing [data/_square_euclidean.sqlite] with [/opt/nvidia/nsight-systems/2026.3.1/target-linux-x64/reports/cuda_gpu_kern_sum.py]... 

 ** CUDA GPU Kernel Summary (cuda_gpu_kern_sum):

 Time (%)  Total Time (ns)  Instances   Avg (ns)     Med (ns)    Min (ns)   Max (ns)   StdDev (ns)                                                  Name                                                
 --------  ---------------  ---------  -----------  -----------  ---------  ---------  -----------  ----------------------------------------------------------------------------------------------------
    100,0        3.171.489          1  3.171.489,0  3.171.489,0  3.171.489  3.171.489          0,0  __main__::_voroni_square_euclidean_kernel[abi:v35,cw51cXTLSUwv1sDUaKthaKSjYKCpo4BIW7AwQwoOW3BI6ygAj…

Processing [data/_square_euclidean.sqlite] with [/opt/nvidia/nsight-systems/2026.3.1/target-linux-x64/reports/cuda_gpu_mem_time_sum.py]... 

 ** CUDA GPU MemOps Summary (by Time) (cuda_gpu_mem_time_sum):

 Time (%)  Total Time (ns)  Count   Avg (ns)     Med (ns)    Min (ns)   Max (ns)   StdDev (ns)           Operation          
 --------  ---------------  -----  -----------  -----------  ---------  ---------  -----------  ----------------------------
    100,0        1.716.594      1  1.716.594,0  1.716.594,0  1.716.594  1.716.594          0,0  [CUDA memcpy Device-to-Host]
      0,0              608      1        608,0        608,0        608        608          0,0  [CUDA memcpy Host-to-Device]

Processing [data/_square_euclidean.sqlite] with [/opt/nvidia/nsight-systems/2026.3.1/target-linux-x64/reports/cuda_gpu_mem_size_sum.py]... 

 ** CUDA GPU MemOps Summary (by Size) (cuda_gpu_mem_size_sum):

 Total (MB)  Count  Avg (MB)  Med (MB)  Min (MB)  Max (MB)  StdDev (MB)           Operation          
 ----------  -----  --------  --------  --------  --------  -----------  ----------------------------
 16,777          1  16,777    16,777    16,777    16,777    0,000        [CUDA memcpy Device-to-Host]
 0,004           1  0,004     0,004     0,004     0,004     0,000        [CUDA memcpy Host-to-Device]

Processing [data/_square_euclidean.sqlite] with [/opt/nvidia/nsight-systems/2026.3.1/target-linux-x64/reports/openmp_sum.py]... 
SKIPPED: data/_square_euclidean.sqlite does not contain OpenMP event data.

Processing [data/_square_euclidean.sqlite] with [/opt/nvidia/nsight-systems/2026.3.1/target-linux-x64/reports/opengl_khr_range_sum.py]... 
SKIPPED: data/_square_euclidean.sqlite does not contain KHR Extension (KHR_DEBUG) data.

Processing [data/_square_euclidean.sqlite] with [/opt/nvidia/nsight-systems/2026.3.1/target-linux-x64/reports/opengl_khr_gpu_range_sum.py]... 
SKIPPED: data/_square_euclidean.sqlite does not contain GPU KHR Extension (KHR_DEBUG) data.

Processing [data/_square_euclidean.sqlite] with [/opt/nvidia/nsight-systems/2026.3.1/target-linux-x64/reports/vulkan_marker_sum.py]... 
SKIPPED: data/_square_euclidean.sqlite does not contain Vulkan Debug Extension (Vulkan Debug Util) data.

Processing [data/_square_euclidean.sqlite] with [/opt/nvidia/nsight-systems/2026.3.1/target-linux-x64/reports/vulkan_gpu_marker_sum.py]... 
SKIPPED: data/_square_euclidean.sqlite does not contain GPU Vulkan Debug Extension (GPU Vulkan Debug markers) data.

Processing [data/_square_euclidean.sqlite] with [/opt/nvidia/nsight-systems/2026.3.1/target-linux-x64/reports/dx11_pix_sum.py]... 
SKIPPED: data/_square_euclidean.sqlite does not contain DX11 CPU debug markers.

Processing [data/_square_euclidean.sqlite] with [/opt/nvidia/nsight-systems/2026.3.1/target-linux-x64/reports/dx12_gpu_marker_sum.py]... 
SKIPPED: data/_square_euclidean.sqlite does not contain DX12 GPU debug markers.

Processing [data/_square_euclidean.sqlite] with [/opt/nvidia/nsight-systems/2026.3.1/target-linux-x64/reports/dx12_pix_sum.py]... 
SKIPPED: data/_square_euclidean.sqlite does not contain DX12 CPU debug markers.

Processing [data/_square_euclidean.sqlite] with [/opt/nvidia/nsight-systems/2026.3.1/target-linux-x64/reports/wddm_queue_sum.py]... 
SKIPPED: data/_square_euclidean.sqlite does not contain WDDM context data.

Processing [data/_square_euclidean.sqlite] with [/opt/nvidia/nsight-systems/2026.3.1/target-linux-x64/reports/um_sum.py]... 
SKIPPED: data/_square_euclidean.sqlite does not contain CUDA Unified Memory CPU page faults data.

Processing [data/_square_euclidean.sqlite] with [/opt/nvidia/nsight-systems/2026.3.1/target-linux-x64/reports/um_total_sum.py]... 
SKIPPED: data/_square_euclidean.sqlite does not contain CUDA Unified Memory CPU page faults data.

Processing [data/_square_euclidean.sqlite] with [/opt/nvidia/nsight-systems/2026.3.1/target-linux-x64/reports/um_cpu_page_faults_sum.py]... 
SKIPPED: data/_square_euclidean.sqlite does not contain CUDA Unified Memory CPU page faults data.

Processing [data/_square_euclidean.sqlite] with [/opt/nvidia/nsight-systems/2026.3.1/target-linux-x64/reports/openacc_sum.py]... 
SKIPPED: data/_square_euclidean.sqlite does not contain OpenACC event data.

Processing [data/_square_euclidean.sqlite] with [/opt/nvidia/nsight-systems/2026.3.1/target-linux-x64/reports/syscall_sum.py]... 
SKIPPED: data/_square_euclidean.sqlite does not contain syscall data.

